[    3740ms] [ERROR] Refused to get unsafe header "X-Sg-Cs" @ https://www.google.com/search?q=.labs+domain&rlz=1C5GCEA_enUS990US990&oq=.labs+domain&gs_lcrp=EgZjaHJvbWUyBggAEEUYOTIGCAEQABgeMg0IAhAAGJIDGIAEGIoFMgkIAxAAGB4YyQMyBggEEAAYHjIGCAUQABgeMgYIBhAAGB4yBggHEAAYHjIGCAgQABgeMgYICRAAGB7SAQgyMTQyajBqN6gCALACAA&sourceid=chrome&ie=UTF-8&source=chrome.ob:19
[    3740ms] [ERROR] Refused to get unsafe header "X-Sorry-Redirect" @ https://www.google.com/search?q=.labs+domain&rlz=1C5GCEA_enUS990US990&oq=.labs+domain&gs_lcrp=EgZjaHJvbWUyBggAEEUYOTIGCAEQABgeMg0IAhAAGJIDGIAEGIoFMgkIAxAAGB4YyQMyBggEEAAYHjIGCAUQABgeMgYIBhAAGB4yBggHEAAYHjIGCAgQABgeMgYICRAAGB7SAQgyMTQyajBqN6gCALACAA&sourceid=chrome&ie=UTF-8&source=chrome.ob:19
[    4668ms] [ERROR] Refused to get unsafe header "X-Sg-Cs" @ https://www.google.com/search?q=.labs+domain&rlz=1C5GCEA_enUS990US990&oq=.labs+domain&gs_lcrp=EgZjaHJvbWUyBggAEEUYOTIGCAEQABgeMg0IAhAAGJIDGIAEGIoFMgkIAxAAGB4YyQMyBggEEAAYHjIGCAUQABgeMgYIBhAAGB4yBggHEAAYHjIGCAgQABgeMgYICRAAGB7SAQgyMTQyajBqN6gCALACAA&sourceid=chrome&ie=UTF-8&source=chrome.ob:19
[    4669ms] [ERROR] Refused to get unsafe header "X-Sorry-Redirect" @ https://www.google.com/search?q=.labs+domain&rlz=1C5GCEA_enUS990US990&oq=.labs+domain&gs_lcrp=EgZjaHJvbWUyBggAEEUYOTIGCAEQABgeMg0IAhAAGJIDGIAEGIoFMgkIAxAAGB4YyQMyBggEEAAYHjIGCAUQABgeMgYIBhAAGB4yBggHEAAYHjIGCAgQABgeMgYICRAAGB7SAQgyMTQyajBqN6gCALACAA&sourceid=chrome&ie=UTF-8&source=chrome.ob:19
[    7323ms] [INFO] %cDownload the React DevTools for a better development experience: https://reactjs.org/link/react-devtools font-weight:bold @ https://img6.wsimg.com/ux-assets/react/18/react-dom.dev.umd.js:30511
[    7838ms] [ERROR] Warning: Extra attributes from the server: %s%s data-tracked 
    at button
    at r (https://img6.wsimg.com/wrhs-next/2279c22bdd6787215b042c848f205dad/storefront-header.js:2:143661)
    at div
    at r (https://img6.wsimg.com/wrhs-next/2279c22bdd6787215b042c848f205dad/storefront-header.js:2:143661)
    at g (https://img6.wsimg.com/wrhs-next/2279c22bdd6787215b042c848f205dad/storefront-header.js:2:853924)
    at t (https://img6.wsimg.com/wrhs-next/2279c22bdd6787215b042c848f205dad/storefront-header.js:2:923169)
    at withErrorBoundary(g)
    at Ot (https://img6.wsimg.com/wrhs-next/2279c22bdd6787215b042c848f205dad/storefront-header.js:2:993177)
    at c (https://img6.wsimg.com/wrhs-next/2279c22bdd6787215b042c848f205dad/storefront-header.js:2:638611)
    at b (https://img6.wsimg.com/wrhs-next/2279c22bdd6787215b042c848f205dad/storefront-header.js:2:934079)
    at Dt (https://img6.wsimg.com/wrhs-next/2279c22bdd6787215b042c848f205dad/storefront-header.js:2:994213) @ https://img6.wsimg.com/ux-assets/react/18/react-dom.dev.umd.js:726
[    7839ms] [ERROR] Warning: Function components cannot be given refs. Attempts to access this ref will fail. Did you mean to use React.forwardRef()?%s%s 

Check the render method of `g`. 
    at g (https://img6.wsimg.com/wrhs-next/2279c22bdd6787215b042c848f205dad/storefront-header.js:2:495990)
    at div
    at div
    at r (https://img6.wsimg.com/wrhs-next/2279c22bdd6787215b042c848f205dad/storefront-header.js:2:143661)
    at g (https://img6.wsimg.com/wrhs-next/2279c22bdd6787215b042c848f205dad/storefront-header.js:2:853924)
    at t (https://img6.wsimg.com/wrhs-next/2279c22bdd6787215b042c848f205dad/storefront-header.js:2:923169)
    at withErrorBoundary(g)
    at Ot (https://img6.wsimg.com/wrhs-next/2279c22bdd6787215b042c848f205dad/storefront-header.js:2:993177)
    at c (https://img6.wsimg.com/wrhs-next/2279c22bdd6787215b042c848f205dad/storefront-header.js:2:638611)
    at b (https://img6.wsimg.com/wrhs-next/2279c22bdd6787215b042c848f205dad/storefront-header.js:2:934079)
    at Dt (https://img6.wsimg.com/wrhs-next/2279c22bdd6787215b042c848f205dad/storefront-header.js:2:994213) @ https://img6.wsimg.com/ux-assets/react/18/react-dom.dev.umd.js:726
[    7871ms] [ERROR] Warning: Function components cannot be given refs. Attempts to access this ref will fail. Did you mean to use React.forwardRef()?%s%s 

Check the render method of `PxLink`. 
    at le (https://img6.wsimg.com/wrhs-next/2279c22bdd6787215b042c848f205dad/storefront-header.js:2:293259)
    at r (https://img6.wsimg.com/wrhs-next/2279c22bdd6787215b042c848f205dad/storefront-header.js:2:143661)
    at r (https://img6.wsimg.com/wrhs-next/2279c22bdd6787215b042c848f205dad/storefront-header.js:2:143661)
    at span
    at A (https://img6.wsimg.com/wrhs-next/2279c22bdd6787215b042c848f205dad/storefront-header.js:2:591076)
    at div
    at r (https://img6.wsimg.com/wrhs-next/2279c22bdd6787215b042c848f205dad/storefront-header.js:2:143661)
    at div
    at r (https://img6.wsimg.com/wrhs-next/2279c22bdd6787215b042c848f205dad/storefront-header.js:2:143661)
    at s (https://img6.wsimg.com/wrhs-next/2279c22bdd6787215b042c848f205dad/storefront-header.js:2:564887)
    at _ (https://img6.wsimg.com/wrhs-next/2279c22bdd6787215b042c848f205dad/storefront-header.js:2:729315)
    at section
    at PrimaryNav (https://img6.wsimg.com/wrhs-next/2279c22bdd6787215b042c848f205dad/storefront-header.js:2:988862)
    at t (https://img6.wsimg.com/wrhs-next/2279c22bdd6787215b042c848f205dad/storefront-header.js:2:923169)
    at withErrorBoundary(PrimaryNav)
    at Ot (https://img6.wsimg.com/wrhs-next/2279c22bdd6787215b042c848f205dad/storefront-header.js:2:993177)
    at c (https://img6.wsimg.com/wrhs-next/2279c22bdd6787215b042c848f205dad/storefront-header.js:2:638611)
    at b (https://img6.wsimg.com/wrhs-next/2279c22bdd6787215b042c848f205dad/storefront-header.js:2:934079)
    at Dt (https://img6.wsimg.com/wrhs-next/2279c22bdd6787215b042c848f205dad/storefront-header.js:2:994213) @ https://img6.wsimg.com/ux-assets/react/18/react-dom.dev.umd.js:726
[    9953ms] [ERROR] Failed to load resource: net::ERR_NAME_NOT_RESOLVED @ https://cdn.krxd.net/controltag/undefined.js:0
[   10090ms] Error: Hydration failed because the initial UI does not match what was rendered on the server.
    at throwOnHydrationMismatch (https://img6.wsimg.com/ux-assets/react/18/react-dom.dev.umd.js:13145:10)
    at tryToClaimNextHydratableInstance (https://img6.wsimg.com/ux-assets/react/18/react-dom.dev.umd.js:13173:8)
    at updateHostComponent (https://img6.wsimg.com/ux-assets/react/18/react-dom.dev.umd.js:20564:6)
    at beginWork (https://img6.wsimg.com/ux-assets/react/18/react-dom.dev.umd.js:22290:15)
    at HTMLUnknownElement.callCallback (https://img6.wsimg.com/ux-assets/react/18/react-dom.dev.umd.js:4805:15)
    at Object.invokeGuardedCallbackDev (https://img6.wsimg.com/ux-assets/react/18/react-dom.dev.umd.js:4854:17)
    at invokeGuardedCallback (https://img6.wsimg.com/ux-assets/react/18/react-dom.dev.umd.js:4918:32)
    at beginWork$1 (https://img6.wsimg.com/ux-assets/react/18/react-dom.dev.umd.js:28108:8)
    at performUnitOfWork (https://img6.wsimg.com/ux-assets/react/18/react-dom.dev.umd.js:27217:13)
    at workLoopSync (https://img6.wsimg.com/ux-assets/react/18/react-dom.dev.umd.js:27123:6)
[   10093ms] [ERROR] Warning: An error occurred during hydration. The server HTML was replaced with client content in <%s>. section @ https://img6.wsimg.com/ux-assets/react/18/react-dom.dev.umd.js:726
[   10097ms] Error: Hydration failed because the initial UI does not match what was rendered on the server.
    at throwOnHydrationMismatch (https://img6.wsimg.com/ux-assets/react/18/react-dom.dev.umd.js:13145:10)
    at tryToClaimNextHydratableInstance (https://img6.wsimg.com/ux-assets/react/18/react-dom.dev.umd.js:13173:8)
    at updateHostComponent (https://img6.wsimg.com/ux-assets/react/18/react-dom.dev.umd.js:20564:6)
    at beginWork (https://img6.wsimg.com/ux-assets/react/18/react-dom.dev.umd.js:22290:15)
    at beginWork$1 (https://img6.wsimg.com/ux-assets/react/18/react-dom.dev.umd.js:28083:15)
    at performUnitOfWork (https://img6.wsimg.com/ux-assets/react/18/react-dom.dev.umd.js:27217:13)
    at workLoopSync (https://img6.wsimg.com/ux-assets/react/18/react-dom.dev.umd.js:27123:6)
    at renderRootSync (https://img6.wsimg.com/ux-assets/react/18/react-dom.dev.umd.js:27091:8)
    at performConcurrentWorkOnRoot (https://img6.wsimg.com/ux-assets/react/18/react-dom.dev.umd.js:26396:75)
    at workLoop (https://img6.wsimg.com/ux-assets/react/18/react-dom.dev.umd.js:259:36)
[   10098ms] Error: Hydration failed because the initial UI does not match what was rendered on the server.
    at throwOnHydrationMismatch (https://img6.wsimg.com/ux-assets/react/18/react-dom.dev.umd.js:13145:10)
    at tryToClaimNextHydratableInstance (https://img6.wsimg.com/ux-assets/react/18/react-dom.dev.umd.js:13173:8)
    at updateHostText (https://img6.wsimg.com/ux-assets/react/18/react-dom.dev.umd.js:20592:6)
    at beginWork (https://img6.wsimg.com/ux-assets/react/18/react-dom.dev.umd.js:22293:15)
    at beginWork$1 (https://img6.wsimg.com/ux-assets/react/18/react-dom.dev.umd.js:28083:15)
    at performUnitOfWork (https://img6.wsimg.com/ux-assets/react/18/react-dom.dev.umd.js:27217:13)
    at workLoopSync (https://img6.wsimg.com/ux-assets/react/18/react-dom.dev.umd.js:27123:6)
    at renderRootSync (https://img6.wsimg.com/ux-assets/react/18/react-dom.dev.umd.js:27091:8)
    at performConcurrentWorkOnRoot (https://img6.wsimg.com/ux-assets/react/18/react-dom.dev.umd.js:26396:75)
    at workLoop (https://img6.wsimg.com/ux-assets/react/18/react-dom.dev.umd.js:259:36)
[   10098ms] Error: Hydration failed because the initial UI does not match what was rendered on the server.
    at throwOnHydrationMismatch (https://img6.wsimg.com/ux-assets/react/18/react-dom.dev.umd.js:13145:10)
    at tryToClaimNextHydratableInstance (https://img6.wsimg.com/ux-assets/react/18/react-dom.dev.umd.js:13173:8)
    at updateHostComponent (https://img6.wsimg.com/ux-assets/react/18/react-dom.dev.umd.js:20564:6)
    at beginWork (https://img6.wsimg.com/ux-assets/react/18/react-dom.dev.umd.js:22290:15)
    at beginWork$1 (https://img6.wsimg.com/ux-assets/react/18/react-dom.dev.umd.js:28083:15)
    at performUnitOfWork (https://img6.wsimg.com/ux-assets/react/18/react-dom.dev.umd.js:27217:13)
    at workLoopSync (https://img6.wsimg.com/ux-assets/react/18/react-dom.dev.umd.js:27123:6)
    at renderRootSync (https://img6.wsimg.com/ux-assets/react/18/react-dom.dev.umd.js:27091:8)
    at performConcurrentWorkOnRoot (https://img6.wsimg.com/ux-assets/react/18/react-dom.dev.umd.js:26396:75)
    at workLoop (https://img6.wsimg.com/ux-assets/react/18/react-dom.dev.umd.js:259:36)
[   10098ms] Error: Hydration failed because the initial UI does not match what was rendered on the server.
    at throwOnHydrationMismatch (https://img6.wsimg.com/ux-assets/react/18/react-dom.dev.umd.js:13145:10)
    at tryToClaimNextHydratableInstance (https://img6.wsimg.com/ux-assets/react/18/react-dom.dev.umd.js:13173:8)
    at updateHostComponent (https://img6.wsimg.com/ux-assets/react/18/react-dom.dev.umd.js:20564:6)
    at beginWork (https://img6.wsimg.com/ux-assets/react/18/react-dom.dev.umd.js:22290:15)
    at beginWork$1 (https://img6.wsimg.com/ux-assets/react/18/react-dom.dev.umd.js:28083:15)
    at performUnitOfWork (https://img6.wsimg.com/ux-assets/react/18/react-dom.dev.umd.js:27217:13)
    at workLoopSync (https://img6.wsimg.com/ux-assets/react/18/react-dom.dev.umd.js:27123:6)
    at renderRootSync (https://img6.wsimg.com/ux-assets/react/18/react-dom.dev.umd.js:27091:8)
    at performConcurrentWorkOnRoot (https://img6.wsimg.com/ux-assets/react/18/react-dom.dev.umd.js:26396:75)
    at workLoop (https://img6.wsimg.com/ux-assets/react/18/react-dom.dev.umd.js:259:36)
[   10098ms] Error: Hydration failed because the initial UI does not match what was rendered on the server.
    at throwOnHydrationMismatch (https://img6.wsimg.com/ux-assets/react/18/react-dom.dev.umd.js:13145:10)
    at tryToClaimNextHydratableInstance (https://img6.wsimg.com/ux-assets/react/18/react-dom.dev.umd.js:13173:8)
    at updateHostComponent (https://img6.wsimg.com/ux-assets/react/18/react-dom.dev.umd.js:20564:6)
    at beginWork (https://img6.wsimg.com/ux-assets/react/18/react-dom.dev.umd.js:22290:15)
    at beginWork$1 (https://img6.wsimg.com/ux-assets/react/18/react-dom.dev.umd.js:28083:15)
    at performUnitOfWork (https://img6.wsimg.com/ux-assets/react/18/react-dom.dev.umd.js:27217:13)
    at workLoopSync (https://img6.wsimg.com/ux-assets/react/18/react-dom.dev.umd.js:27123:6)
    at renderRootSync (https://img6.wsimg.com/ux-assets/react/18/react-dom.dev.umd.js:27091:8)
    at performConcurrentWorkOnRoot (https://img6.wsimg.com/ux-assets/react/18/react-dom.dev.umd.js:26396:75)
    at workLoop (https://img6.wsimg.com/ux-assets/react/18/react-dom.dev.umd.js:259:36)
[   10098ms] Error: Hydration failed because the initial UI does not match what was rendered on the server.
    at throwOnHydrationMismatch (https://img6.wsimg.com/ux-assets/react/18/react-dom.dev.umd.js:13145:10)
    at tryToClaimNextHydratableInstance (https://img6.wsimg.com/ux-assets/react/18/react-dom.dev.umd.js:13173:8)
    at updateHostComponent (https://img6.wsimg.com/ux-assets/react/18/react-dom.dev.umd.js:20564:6)
    at beginWork (https://img6.wsimg.com/ux-assets/react/18/react-dom.dev.umd.js:22290:15)
    at beginWork$1 (https://img6.wsimg.com/ux-assets/react/18/react-dom.dev.umd.js:28083:15)
    at performUnitOfWork (https://img6.wsimg.com/ux-assets/react/18/react-dom.dev.umd.js:27217:13)
    at workLoopSync (https://img6.wsimg.com/ux-assets/react/18/react-dom.dev.umd.js:27123:6)
    at renderRootSync (https://img6.wsimg.com/ux-assets/react/18/react-dom.dev.umd.js:27091:8)
    at performConcurrentWorkOnRoot (https://img6.wsimg.com/ux-assets/react/18/react-dom.dev.umd.js:26396:75)
    at workLoop (https://img6.wsimg.com/ux-assets/react/18/react-dom.dev.umd.js:259:36)
[   10098ms] Error: There was an error while hydrating. Because the error happened outside of a Suspense boundary, the entire root will switch to client rendering.
    at updateHostRoot (https://img6.wsimg.com/ux-assets/react/18/react-dom.dev.umd.js:20511:58)
    at beginWork (https://img6.wsimg.com/ux-assets/react/18/react-dom.dev.umd.js:22287:15)
    at beginWork$1 (https://img6.wsimg.com/ux-assets/react/18/react-dom.dev.umd.js:28083:15)
    at performUnitOfWork (https://img6.wsimg.com/ux-assets/react/18/react-dom.dev.umd.js:27217:13)
    at workLoopSync (https://img6.wsimg.com/ux-assets/react/18/react-dom.dev.umd.js:27123:6)
    at renderRootSync (https://img6.wsimg.com/ux-assets/react/18/react-dom.dev.umd.js:27091:8)
    at recoverFromConcurrentError (https://img6.wsimg.com/ux-assets/react/18/react-dom.dev.umd.js:26508:21)
    at performConcurrentWorkOnRoot (https://img6.wsimg.com/ux-assets/react/18/react-dom.dev.umd.js:26408:23)
    at workLoop (https://img6.wsimg.com/ux-assets/react/18/react-dom.dev.umd.js:259:36)
    at flushWork (https://img6.wsimg.com/ux-assets/react/18/react-dom.dev.umd.js:232:16)
[   10142ms] [ERROR] Warning: Function components cannot be given refs. Attempts to access this ref will fail. Did you mean to use React.forwardRef()?%s%s 

Check the render method of `DomainSearch`. 
    at E (https://img6.wsimg.com/fos/react/swp/siteglass/rmain149/chunk/siteglass.0285debf3fd820359341.js:1:1308379)
    at s (https://img6.wsimg.com/fos/react/swp/siteglass/rmain149/chunk/siteglass.0285debf3fd820359341.js:1:2047819)
    at div
    at b (https://img6.wsimg.com/fos/react/swp/siteglass/rmain149/chunk/siteglass.0285debf3fd820359341.js:1:2042549)
    at div
    at div
    at r (https://img6.wsimg.com/fos/react/swp/siteglass/rmain149/chunk/686.03ba49c94f84fc1ab9ee.js:2:7447)
    at k (https://img6.wsimg.com/fos/react/swp/siteglass/rmain149/chunk/siteglass.0285debf3fd820359341.js:1:2206138)
    at div
    at r (https://img6.wsimg.com/fos/react/swp/siteglass/rmain149/chunk/686.03ba49c94f84fc1ab9ee.js:2:7447)
    at section
    at r (https://img6.wsimg.com/fos/react/swp/siteglass/rmain149/chunk/686.03ba49c94f84fc1ab9ee.js:2:7447)
    at r (https://img6.wsimg.com/fos/react/swp/siteglass/rmain149/chunk/686.03ba49c94f84fc1ab9ee.js:2:7447)
    at y (https://img6.wsimg.com/fos/react/swp/siteglass/rmain149/chunk/siteglass.0285debf3fd820359341.js:1:210599)
    at div
    at r (https://img6.wsimg.com/fos/react/swp/siteglass/rmain149/chunk/686.03ba49c94f84fc1ab9ee.js:2:7447)
    at g (https://img6.wsimg.com/fos/react/swp/siteglass/rmain149/chunk/siteglass.0285debf3fd820359341.js:1:484867) @ https://img6.wsimg.com/ux-assets/react/18/react-dom.dev.umd.js:726
[   10144ms] [ERROR] Warning: React does not recognize the `%s` prop on a DOM element. If you intentionally want it to appear in the DOM as a custom attribute, spell it as lowercase `%s` instead. If you accidentally passed it from a parent component, remove it from the DOM element.%s Button Hover Color button hover color 
    at input
    at div
    at https://img6.wsimg.com/fos/react/swp/siteglass/rmain149/chunk/686.03ba49c94f84fc1ab9ee.js:2:1304
    at https://img6.wsimg.com/fos/react/swp/siteglass/rmain149/chunk/5397.942b76c0f706608ac186.js:1:7426
    at div
    at https://img6.wsimg.com/fos/react/swp/siteglass/rmain149/chunk/5397.942b76c0f706608ac186.js:1:4557
    at div
    at https://img6.wsimg.com/fos/react/swp/siteglass/rmain149/chunk/siteglass.0285debf3fd820359341.js:1:2241086
    at form
    at div
    at r (https://img6.wsimg.com/fos/react/swp/siteglass/rmain149/chunk/686.03ba49c94f84fc1ab9ee.js:2:7447)
    at c (https://img6.wsimg.com/fos/react/swp/siteglass/rmain149/chunk/6056.2d5d5df484b09f8e7d51.js:2:120096)
    at E (https://img6.wsimg.com/fos/react/swp/siteglass/rmain149/chunk/siteglass.0285debf3fd820359341.js:1:1308379)
    at s (https://img6.wsimg.com/fos/react/swp/siteglass/rmain149/chunk/siteglass.0285debf3fd820359341.js:1:2047819)
    at div
    at b (https://img6.wsimg.com/fos/react/swp/siteglass/rmain149/chunk/siteglass.0285debf3fd820359341.js:1:2042549)
    at div
    at div
    at r (https://img6.wsimg.com/fos/react/swp/siteglass/rmain149/chunk/686.03ba49c94f84fc1ab9ee.js:2:7447)
    at k (https://img6.wsimg.com/fos/react/swp/siteglass/rmain149/chunk/siteglass.0285debf3fd820359341.js:1:2206138)
    at div
    at r (https://img6.wsimg.com/fos/react/swp/siteglass/rmain149/chunk/686.03ba49c94f84fc1ab9ee.js:2:7447)
    at section
    at r (https://img6.wsimg.com/fos/react/swp/siteglass/rmain149/chunk/686.03ba49c94f84fc1ab9ee.js:2:7447)
    at r (https://img6.wsimg.com/fos/react/swp/siteglass/rmain149/chunk/686.03ba49c94f84fc1ab9ee.js:2:7447)
    at y (https://img6.wsimg.com/fos/react/swp/siteglass/rmain149/chunk/siteglass.0285debf3fd820359341.js:1:210599)
    at div
    at r (https://img6.wsimg.com/fos/react/swp/siteglass/rmain149/chunk/686.03ba49c94f84fc1ab9ee.js:2:7447)
    at g (https://img6.wsimg.com/fos/react/swp/siteglass/rmain149/chunk/siteglass.0285debf3fd820359341.js:1:484867) @ https://img6.wsimg.com/ux-assets/react/18/react-dom.dev.umd.js:726
[   10144ms] [ERROR] Warning: React does not recognize the `%s` prop on a DOM element. If you intentionally want it to appear in the DOM as a custom attribute, spell it as lowercase `%s` instead. If you accidentally passed it from a parent component, remove it from the DOM element.%s Button Color button color 
    at input
    at div
    at https://img6.wsimg.com/fos/react/swp/siteglass/rmain149/chunk/686.03ba49c94f84fc1ab9ee.js:2:1304
    at https://img6.wsimg.com/fos/react/swp/siteglass/rmain149/chunk/5397.942b76c0f706608ac186.js:1:7426
    at div
    at https://img6.wsimg.com/fos/react/swp/siteglass/rmain149/chunk/5397.942b76c0f706608ac186.js:1:4557
    at div
    at https://img6.wsimg.com/fos/react/swp/siteglass/rmain149/chunk/siteglass.0285debf3fd820359341.js:1:2241086
    at form
    at div
    at r (https://img6.wsimg.com/fos/react/swp/siteglass/rmain149/chunk/686.03ba49c94f84fc1ab9ee.js:2:7447)
    at c (https://img6.wsimg.com/fos/react/swp/siteglass/rmain149/chunk/6056.2d5d5df484b09f8e7d51.js:2:120096)
    at E (https://img6.wsimg.com/fos/react/swp/siteglass/rmain149/chunk/siteglass.0285debf3fd820359341.js:1:1308379)
    at s (https://img6.wsimg.com/fos/react/swp/siteglass/rmain149/chunk/siteglass.0285debf3fd820359341.js:1:2047819)
    at div
    at b (https://img6.wsimg.com/fos/react/swp/siteglass/rmain149/chunk/siteglass.0285debf3fd820359341.js:1:2042549)
    at div
    at div
    at r (https://img6.wsimg.com/fos/react/swp/siteglass/rmain149/chunk/686.03ba49c94f84fc1ab9ee.js:2:7447)
    at k (https://img6.wsimg.com/fos/react/swp/siteglass/rmain149/chunk/siteglass.0285debf3fd820359341.js:1:2206138)
    at div
    at r (https://img6.wsimg.com/fos/react/swp/siteglass/rmain149/chunk/686.03ba49c94f84fc1ab9ee.js:2:7447)
    at section
    at r (https://img6.wsimg.com/fos/react/swp/siteglass/rmain149/chunk/686.03ba49c94f84fc1ab9ee.js:2:7447)
    at r (https://img6.wsimg.com/fos/react/swp/siteglass/rmain149/chunk/686.03ba49c94f84fc1ab9ee.js:2:7447)
    at y (https://img6.wsimg.com/fos/react/swp/siteglass/rmain149/chunk/siteglass.0285debf3fd820359341.js:1:210599)
    at div
    at r (https://img6.wsimg.com/fos/react/swp/siteglass/rmain149/chunk/686.03ba49c94f84fc1ab9ee.js:2:7447)
    at g (https://img6.wsimg.com/fos/react/swp/siteglass/rmain149/chunk/siteglass.0285debf3fd820359341.js:1:484867) @ https://img6.wsimg.com/ux-assets/react/18/react-dom.dev.umd.js:726
[   10144ms] [ERROR] Warning: React does not recognize the `%s` prop on a DOM element. If you intentionally want it to appear in the DOM as a custom attribute, spell it as lowercase `%s` instead. If you accidentally passed it from a parent component, remove it from the DOM element.%s Input Background Color input background color 
    at input
    at div
    at https://img6.wsimg.com/fos/react/swp/siteglass/rmain149/chunk/686.03ba49c94f84fc1ab9ee.js:2:1304
    at https://img6.wsimg.com/fos/react/swp/siteglass/rmain149/chunk/5397.942b76c0f706608ac186.js:1:7426
    at div
    at https://img6.wsimg.com/fos/react/swp/siteglass/rmain149/chunk/5397.942b76c0f706608ac186.js:1:4557
    at div
    at https://img6.wsimg.com/fos/react/swp/siteglass/rmain149/chunk/siteglass.0285debf3fd820359341.js:1:2241086
    at form
    at div
    at r (https://img6.wsimg.com/fos/react/swp/siteglass/rmain149/chunk/686.03ba49c94f84fc1ab9ee.js:2:7447)
    at c (https://img6.wsimg.com/fos/react/swp/siteglass/rmain149/chunk/6056.2d5d5df484b09f8e7d51.js:2:120096)
    at E (https://img6.wsimg.com/fos/react/swp/siteglass/rmain149/chunk/siteglass.0285debf3fd820359341.js:1:1308379)
    at s (https://img6.wsimg.com/fos/react/swp/siteglass/rmain149/chunk/siteglass.0285debf3fd820359341.js:1:2047819)
    at div
    at b (https://img6.wsimg.com/fos/react/swp/siteglass/rmain149/chunk/siteglass.0285debf3fd820359341.js:1:2042549)
    at div
    at div
    at r (https://img6.wsimg.com/fos/react/swp/siteglass/rmain149/chunk/686.03ba49c94f84fc1ab9ee.js:2:7447)
    at k (https://img6.wsimg.com/fos/react/swp/siteglass/rmain149/chunk/siteglass.0285debf3fd820359341.js:1:2206138)
    at div
    at r (https://img6.wsimg.com/fos/react/swp/siteglass/rmain149/chunk/686.03ba49c94f84fc1ab9ee.js:2:7447)
    at section
    at r (https://img6.wsimg.com/fos/react/swp/siteglass/rmain149/chunk/686.03ba49c94f84fc1ab9ee.js:2:7447)
    at r (https://img6.wsimg.com/fos/react/swp/siteglass/rmain149/chunk/686.03ba49c94f84fc1ab9ee.js:2:7447)
    at y (https://img6.wsimg.com/fos/react/swp/siteglass/rmain149/chunk/siteglass.0285debf3fd820359341.js:1:210599)
    at div
    at r (https://img6.wsimg.com/fos/react/swp/siteglass/rmain149/chunk/686.03ba49c94f84fc1ab9ee.js:2:7447)
    at g (https://img6.wsimg.com/fos/react/swp/siteglass/rmain149/chunk/siteglass.0285debf3fd820359341.js:1:484867) @ https://img6.wsimg.com/ux-assets/react/18/react-dom.dev.umd.js:726
[   10144ms] [ERROR] Warning: React does not recognize the `%s` prop on a DOM element. If you intentionally want it to appear in the DOM as a custom attribute, spell it as lowercase `%s` instead. If you accidentally passed it from a parent component, remove it from the DOM element.%s templateName templatename 
    at input
    at div
    at https://img6.wsimg.com/fos/react/swp/siteglass/rmain149/chunk/686.03ba49c94f84fc1ab9ee.js:2:1304
    at https://img6.wsimg.com/fos/react/swp/siteglass/rmain149/chunk/5397.942b76c0f706608ac186.js:1:7426
    at div
    at https://img6.wsimg.com/fos/react/swp/siteglass/rmain149/chunk/5397.942b76c0f706608ac186.js:1:4557
    at div
    at https://img6.wsimg.com/fos/react/swp/siteglass/rmain149/chunk/siteglass.0285debf3fd820359341.js:1:2241086
    at form
    at div
    at r (https://img6.wsimg.com/fos/react/swp/siteglass/rmain149/chunk/686.03ba49c94f84fc1ab9ee.js:2:7447)
    at c (https://img6.wsimg.com/fos/react/swp/siteglass/rmain149/chunk/6056.2d5d5df484b09f8e7d51.js:2:120096)
    at E (https://img6.wsimg.com/fos/react/swp/siteglass/rmain149/chunk/siteglass.0285debf3fd820359341.js:1:1308379)
    at s (https://img6.wsimg.com/fos/react/swp/siteglass/rmain149/chunk/siteglass.0285debf3fd820359341.js:1:2047819)
    at div
    at b (https://img6.wsimg.com/fos/react/swp/siteglass/rmain149/chunk/siteglass.0285debf3fd820359341.js:1:2042549)
    at div
    at div
    at r (https://img6.wsimg.com/fos/react/swp/siteglass/rmain149/chunk/686.03ba49c94f84fc1ab9ee.js:2:7447)
    at k (https://img6.wsimg.com/fos/react/swp/siteglass/rmain149/chunk/siteglass.0285debf3fd820359341.js:1:2206138)
    at div
    at r (https://img6.wsimg.com/fos/react/swp/siteglass/rmain149/chunk/686.03ba49c94f84fc1ab9ee.js:2:7447)
    at section
    at r (https://img6.wsimg.com/fos/react/swp/siteglass/rmain149/chunk/686.03ba49c94f84fc1ab9ee.js:2:7447)
    at r (https://img6.wsimg.com/fos/react/swp/siteglass/rmain149/chunk/686.03ba49c94f84fc1ab9ee.js:2:7447)
    at y (https://img6.wsimg.com/fos/react/swp/siteglass/rmain149/chunk/siteglass.0285debf3fd820359341.js:1:210599)
    at div
    at r (https://img6.wsimg.com/fos/react/swp/siteglass/rmain149/chunk/686.03ba49c94f84fc1ab9ee.js:2:7447)
    at g (https://img6.wsimg.com/fos/react/swp/siteglass/rmain149/chunk/siteglass.0285debf3fd820359341.js:1:484867) @ https://img6.wsimg.com/ux-assets/react/18/react-dom.dev.umd.js:726
[   10144ms] [ERROR] Warning: Invalid attribute name: `%s`%s Button Hover Color 
    at input
    at div
    at https://img6.wsimg.com/fos/react/swp/siteglass/rmain149/chunk/686.03ba49c94f84fc1ab9ee.js:2:1304
    at https://img6.wsimg.com/fos/react/swp/siteglass/rmain149/chunk/5397.942b76c0f706608ac186.js:1:7426
    at div
    at https://img6.wsimg.com/fos/react/swp/siteglass/rmain149/chunk/5397.942b76c0f706608ac186.js:1:4557
    at div
    at https://img6.wsimg.com/fos/react/swp/siteglass/rmain149/chunk/siteglass.0285debf3fd820359341.js:1:2241086
    at form
    at div
    at r (https://img6.wsimg.com/fos/react/swp/siteglass/rmain149/chunk/686.03ba49c94f84fc1ab9ee.js:2:7447)
    at c (https://img6.wsimg.com/fos/react/swp/siteglass/rmain149/chunk/6056.2d5d5df484b09f8e7d51.js:2:120096)
    at E (https://img6.wsimg.com/fos/react/swp/siteglass/rmain149/chunk/siteglass.0285debf3fd820359341.js:1:1308379)
    at s (https://img6.wsimg.com/fos/react/swp/siteglass/rmain149/chunk/siteglass.0285debf3fd820359341.js:1:2047819)
    at div
    at b (https://img6.wsimg.com/fos/react/swp/siteglass/rmain149/chunk/siteglass.0285debf3fd820359341.js:1:2042549)
    at div
    at div
    at r (https://img6.wsimg.com/fos/react/swp/siteglass/rmain149/chunk/686.03ba49c94f84fc1ab9ee.js:2:7447)
    at k (https://img6.wsimg.com/fos/react/swp/siteglass/rmain149/chunk/siteglass.0285debf3fd820359341.js:1:2206138)
    at div
    at r (https://img6.wsimg.com/fos/react/swp/siteglass/rmain149/chunk/686.03ba49c94f84fc1ab9ee.js:2:7447)
    at section
    at r (https://img6.wsimg.com/fos/react/swp/siteglass/rmain149/chunk/686.03ba49c94f84fc1ab9ee.js:2:7447)
    at r (https://img6.wsimg.com/fos/react/swp/siteglass/rmain149/chunk/686.03ba49c94f84fc1ab9ee.js:2:7447)
    at y (https://img6.wsimg.com/fos/react/swp/siteglass/rmain149/chunk/siteglass.0285debf3fd820359341.js:1:210599)
    at div
    at r (https://img6.wsimg.com/fos/react/swp/siteglass/rmain149/chunk/686.03ba49c94f84fc1ab9ee.js:2:7447)
    at g (https://img6.wsimg.com/fos/react/swp/siteglass/rmain149/chunk/siteglass.0285debf3fd820359341.js:1:484867) @ https://img6.wsimg.com/ux-assets/react/18/react-dom.dev.umd.js:726
[   10145ms] [ERROR] Warning: Invalid attribute name: `%s`%s Button Color 
    at input
    at div
    at https://img6.wsimg.com/fos/react/swp/siteglass/rmain149/chunk/686.03ba49c94f84fc1ab9ee.js:2:1304
    at https://img6.wsimg.com/fos/react/swp/siteglass/rmain149/chunk/5397.942b76c0f706608ac186.js:1:7426
    at div
    at https://img6.wsimg.com/fos/react/swp/siteglass/rmain149/chunk/5397.942b76c0f706608ac186.js:1:4557
    at div
    at https://img6.wsimg.com/fos/react/swp/siteglass/rmain149/chunk/siteglass.0285debf3fd820359341.js:1:2241086
    at form
    at div
    at r (https://img6.wsimg.com/fos/react/swp/siteglass/rmain149/chunk/686.03ba49c94f84fc1ab9ee.js:2:7447)
    at c (https://img6.wsimg.com/fos/react/swp/siteglass/rmain149/chunk/6056.2d5d5df484b09f8e7d51.js:2:120096)
    at E (https://img6.wsimg.com/fos/react/swp/siteglass/rmain149/chunk/siteglass.0285debf3fd820359341.js:1:1308379)
    at s (https://img6.wsimg.com/fos/react/swp/siteglass/rmain149/chunk/siteglass.0285debf3fd820359341.js:1:2047819)
    at div
    at b (https://img6.wsimg.com/fos/react/swp/siteglass/rmain149/chunk/siteglass.0285debf3fd820359341.js:1:2042549)
    at div
    at div
    at r (https://img6.wsimg.com/fos/react/swp/siteglass/rmain149/chunk/686.03ba49c94f84fc1ab9ee.js:2:7447)
    at k (https://img6.wsimg.com/fos/react/swp/siteglass/rmain149/chunk/siteglass.0285debf3fd820359341.js:1:2206138)
    at div
    at r (https://img6.wsimg.com/fos/react/swp/siteglass/rmain149/chunk/686.03ba49c94f84fc1ab9ee.js:2:7447)
    at section
    at r (https://img6.wsimg.com/fos/react/swp/siteglass/rmain149/chunk/686.03ba49c94f84fc1ab9ee.js:2:7447)
    at r (https://img6.wsimg.com/fos/react/swp/siteglass/rmain149/chunk/686.03ba49c94f84fc1ab9ee.js:2:7447)
    at y (https://img6.wsimg.com/fos/react/swp/siteglass/rmain149/chunk/siteglass.0285debf3fd820359341.js:1:210599)
    at div
    at r (https://img6.wsimg.com/fos/react/swp/siteglass/rmain149/chunk/686.03ba49c94f84fc1ab9ee.js:2:7447)
    at g (https://img6.wsimg.com/fos/react/swp/siteglass/rmain149/chunk/siteglass.0285debf3fd820359341.js:1:484867) @ https://img6.wsimg.com/ux-assets/react/18/react-dom.dev.umd.js:726
[   10145ms] [ERROR] Warning: Invalid attribute name: `%s`%s Input Background Color 
    at input
    at div
    at https://img6.wsimg.com/fos/react/swp/siteglass/rmain149/chunk/686.03ba49c94f84fc1ab9ee.js:2:1304
    at https://img6.wsimg.com/fos/react/swp/siteglass/rmain149/chunk/5397.942b76c0f706608ac186.js:1:7426
    at div
    at https://img6.wsimg.com/fos/react/swp/siteglass/rmain149/chunk/5397.942b76c0f706608ac186.js:1:4557
    at div
    at https://img6.wsimg.com/fos/react/swp/siteglass/rmain149/chunk/siteglass.0285debf3fd820359341.js:1:2241086
    at form
    at div
    at r (https://img6.wsimg.com/fos/react/swp/siteglass/rmain149/chunk/686.03ba49c94f84fc1ab9ee.js:2:7447)
    at c (https://img6.wsimg.com/fos/react/swp/siteglass/rmain149/chunk/6056.2d5d5df484b09f8e7d51.js:2:120096)
    at E (https://img6.wsimg.com/fos/react/swp/siteglass/rmain149/chunk/siteglass.0285debf3fd820359341.js:1:1308379)
    at s (https://img6.wsimg.com/fos/react/swp/siteglass/rmain149/chunk/siteglass.0285debf3fd820359341.js:1:2047819)
    at div
    at b (https://img6.wsimg.com/fos/react/swp/siteglass/rmain149/chunk/siteglass.0285debf3fd820359341.js:1:2042549)
    at div
    at div
    at r (https://img6.wsimg.com/fos/react/swp/siteglass/rmain149/chunk/686.03ba49c94f84fc1ab9ee.js:2:7447)
    at k (https://img6.wsimg.com/fos/react/swp/siteglass/rmain149/chunk/siteglass.0285debf3fd820359341.js:1:2206138)
    at div
    at r (https://img6.wsimg.com/fos/react/swp/siteglass/rmain149/chunk/686.03ba49c94f84fc1ab9ee.js:2:7447)
    at section
    at r (https://img6.wsimg.com/fos/react/swp/siteglass/rmain149/chunk/686.03ba49c94f84fc1ab9ee.js:2:7447)
    at r (https://img6.wsimg.com/fos/react/swp/siteglass/rmain149/chunk/686.03ba49c94f84fc1ab9ee.js:2:7447)
    at y (https://img6.wsimg.com/fos/react/swp/siteglass/rmain149/chunk/siteglass.0285debf3fd820359341.js:1:210599)
    at div
    at r (https://img6.wsimg.com/fos/react/swp/siteglass/rmain149/chunk/686.03ba49c94f84fc1ab9ee.js:2:7447)
    at g (https://img6.wsimg.com/fos/react/swp/siteglass/rmain149/chunk/siteglass.0285debf3fd820359341.js:1:484867) @ https://img6.wsimg.com/ux-assets/react/18/react-dom.dev.umd.js:726
[   10199ms] Error: Hydration failed because the initial UI does not match what was rendered on the server.
    at throwOnHydrationMismatch (https://img6.wsimg.com/ux-assets/react/18/react-dom.dev.umd.js:13145:10)
    at tryToClaimNextHydratableInstance (https://img6.wsimg.com/ux-assets/react/18/react-dom.dev.umd.js:13173:8)
    at updateHostComponent (https://img6.wsimg.com/ux-assets/react/18/react-dom.dev.umd.js:20564:6)
    at beginWork (https://img6.wsimg.com/ux-assets/react/18/react-dom.dev.umd.js:22290:15)
    at HTMLUnknownElement.callCallback (https://img6.wsimg.com/ux-assets/react/18/react-dom.dev.umd.js:4805:15)
    at Object.invokeGuardedCallbackDev (https://img6.wsimg.com/ux-assets/react/18/react-dom.dev.umd.js:4854:17)
    at invokeGuardedCallback (https://img6.wsimg.com/ux-assets/react/18/react-dom.dev.umd.js:4918:32)
    at beginWork$1 (https://img6.wsimg.com/ux-assets/react/18/react-dom.dev.umd.js:28108:8)
    at performUnitOfWork (https://img6.wsimg.com/ux-assets/react/18/react-dom.dev.umd.js:27217:13)
    at workLoopSync (https://img6.wsimg.com/ux-assets/react/18/react-dom.dev.umd.js:27123:6)
[   10199ms] [ERROR] Warning: An error occurred during hydration. The server HTML was replaced with client content in <%s>. section @ https://img6.wsimg.com/ux-assets/react/18/react-dom.dev.umd.js:726
[   10200ms] Error: Hydration failed because the initial UI does not match what was rendered on the server.
    at throwOnHydrationMismatch (https://img6.wsimg.com/ux-assets/react/18/react-dom.dev.umd.js:13145:10)
    at tryToClaimNextHydratableInstance (https://img6.wsimg.com/ux-assets/react/18/react-dom.dev.umd.js:13173:8)
    at updateHostComponent (https://img6.wsimg.com/ux-assets/react/18/react-dom.dev.umd.js:20564:6)
    at beginWork (https://img6.wsimg.com/ux-assets/react/18/react-dom.dev.umd.js:22290:15)
    at beginWork$1 (https://img6.wsimg.com/ux-assets/react/18/react-dom.dev.umd.js:28083:15)
    at performUnitOfWork (https://img6.wsimg.com/ux-assets/react/18/react-dom.dev.umd.js:27217:13)
    at workLoopSync (https://img6.wsimg.com/ux-assets/react/18/react-dom.dev.umd.js:27123:6)
    at renderRootSync (https://img6.wsimg.com/ux-assets/react/18/react-dom.dev.umd.js:27091:8)
    at performConcurrentWorkOnRoot (https://img6.wsimg.com/ux-assets/react/18/react-dom.dev.umd.js:26396:75)
    at workLoop (https://img6.wsimg.com/ux-assets/react/18/react-dom.dev.umd.js:259:36)
[   10200ms] Error: There was an error while hydrating. Because the error happened outside of a Suspense boundary, the entire root will switch to client rendering.
    at updateHostRoot (https://img6.wsimg.com/ux-assets/react/18/react-dom.dev.umd.js:20511:58)
    at beginWork (https://img6.wsimg.com/ux-assets/react/18/react-dom.dev.umd.js:22287:15)
    at beginWork$1 (https://img6.wsimg.com/ux-assets/react/18/react-dom.dev.umd.js:28083:15)
    at performUnitOfWork (https://img6.wsimg.com/ux-assets/react/18/react-dom.dev.umd.js:27217:13)
    at workLoopSync (https://img6.wsimg.com/ux-assets/react/18/react-dom.dev.umd.js:27123:6)
    at renderRootSync (https://img6.wsimg.com/ux-assets/react/18/react-dom.dev.umd.js:27091:8)
    at recoverFromConcurrentError (https://img6.wsimg.com/ux-assets/react/18/react-dom.dev.umd.js:26508:21)
    at performConcurrentWorkOnRoot (https://img6.wsimg.com/ux-assets/react/18/react-dom.dev.umd.js:26408:23)
    at workLoop (https://img6.wsimg.com/ux-assets/react/18/react-dom.dev.umd.js:259:36)
    at flushWork (https://img6.wsimg.com/ux-assets/react/18/react-dom.dev.umd.js:232:16)
[  166657ms] [WARNING] A preload for 'https://img6.wsimg.com/wrhs-next/2279c22bdd6787215b042c848f205dad/storefront-header.js' is found, but is not used because the request credentials mode does not match. Consider taking a look at crossorigin attribute. @ https://www.godaddy.com/en/domainsearch/find?domainToCheck=puppet-ear:0
[  169207ms] [ERROR] Invalid key/value pair found in Traffic's custom properties (tData). Objects, arrays, and functions are not supported.

Key: 'downlinkMax' Value: 'null' Type: 'object'. @ https://edge.fullstory.com/s/fs.js:3
[  169207ms] [ERROR] Invalid key/value pair found in Traffic's custom properties (tData). Objects, arrays, and functions are not supported.

Key: 'type' Value: 'null' Type: 'object'. @ https://edge.fullstory.com/s/fs.js:3
[  169232ms] [ERROR] Invalid key/value pair found in Traffic's custom properties (tData). Objects, arrays, and functions are not supported.

Key: 'tmskey' Value: 'null' Type: 'object'. @ https://edge.fullstory.com/s/fs.js:3
[  169232ms] [ERROR] Invalid key/value pair found in Traffic's custom properties (tData). Objects, arrays, and functions are not supported.

Key: 'key' Value: 'null' Type: 'object'. @ https://edge.fullstory.com/s/fs.js:3
[  169232ms] [ERROR] Invalid key/value pair found in Traffic's custom properties (tData). Objects, arrays, and functions are not supported.

Key: 'utm_medium' Value: 'null' Type: 'object'. @ https://edge.fullstory.com/s/fs.js:3
[  169240ms] [WARNING] WebSocket connection to 'wss://entourage.prod.aws.godaddy.com/domain-complete/ws' failed: WebSocket is closed before the connection is established. @ https://img6.wsimg.com/serp-assets/static/serp-assets/08b314e/client-search-page.min.js:0
[  182254ms] [WARNING] The resource https://img6.wsimg.com/serpimg/img/solutionsimg/serp_animation_loader.gif was preloaded using link preload but not used within a few seconds from the window's load event. Please make sure it has an appropriate `as` value and it is preloaded intentionally. @ https://www.godaddy.com/en/domainsearch/find?domainToCheck=puppet-ear:0
[  182254ms] [WARNING] The resource https://img6.wsimg.com/wrhs-next/2279c22bdd6787215b042c848f205dad/storefront-header.js was preloaded using link preload but not used within a few seconds from the window's load event. Please make sure it has an appropriate `as` value and it is preloaded intentionally. @ https://www.godaddy.com/en/domainsearch/find?domainToCheck=puppet-ear:0
[  187374ms] [WARNING] The resource https://img6.wsimg.com/serpimg/img/solutionsimg/serp_animation_loader.gif was preloaded using link preload but not used within a few seconds from the window's load event. Please make sure it has an appropriate `as` value and it is preloaded intentionally. @ https://www.godaddy.com/en/domainsearch/find?domainToCheck=puppet-ear:0
[  187374ms] [WARNING] The resource https://img6.wsimg.com/wrhs-next/2279c22bdd6787215b042c848f205dad/storefront-header.js was preloaded using link preload but not used within a few seconds from the window's load event. Please make sure it has an appropriate `as` value and it is preloaded intentionally. @ https://www.godaddy.com/en/domainsearch/find?domainToCheck=puppet-ear:0
[  193115ms] [WARNING] The resource https://img6.wsimg.com/serpimg/img/solutionsimg/serp_animation_loader.gif was preloaded using link preload but not used within a few seconds from the window's load event. Please make sure it has an appropriate `as` value and it is preloaded intentionally. @ https://www.godaddy.com/en/domainsearch/find?domainToCheck=puppet-ear:0
[  193115ms] [WARNING] The resource https://img6.wsimg.com/wrhs-next/2279c22bdd6787215b042c848f205dad/storefront-header.js was preloaded using link preload but not used within a few seconds from the window's load event. Please make sure it has an appropriate `as` value and it is preloaded intentionally. @ https://www.godaddy.com/en/domainsearch/find?domainToCheck=puppet-ear:0
[  197052ms] [WARNING] The resource https://img6.wsimg.com/serpimg/img/solutionsimg/serp_animation_loader.gif was preloaded using link preload but not used within a few seconds from the window's load event. Please make sure it has an appropriate `as` value and it is preloaded intentionally. @ https://www.godaddy.com/en/domainsearch/find?domainToCheck=puppet-ear:0
[  197052ms] [WARNING] The resource https://img6.wsimg.com/wrhs-next/2279c22bdd6787215b042c848f205dad/storefront-header.js was preloaded using link preload but not used within a few seconds from the window's load event. Please make sure it has an appropriate `as` value and it is preloaded intentionally. @ https://www.godaddy.com/en/domainsearch/find?domainToCheck=puppet-ear:0
[  202019ms] [WARNING] The resource https://img6.wsimg.com/serpimg/img/solutionsimg/serp_animation_loader.gif was preloaded using link preload but not used within a few seconds from the window's load event. Please make sure it has an appropriate `as` value and it is preloaded intentionally. @ https://www.godaddy.com/en/domainsearch/find?domainToCheck=puppet-ear:0
[  202019ms] [WARNING] The resource https://img6.wsimg.com/wrhs-next/2279c22bdd6787215b042c848f205dad/storefront-header.js was preloaded using link preload but not used within a few seconds from the window's load event. Please make sure it has an appropriate `as` value and it is preloaded intentionally. @ https://www.godaddy.com/en/domainsearch/find?domainToCheck=puppet-ear:0
[  212016ms] [WARNING] The resource https://img6.wsimg.com/serpimg/img/solutionsimg/serp_animation_loader.gif was preloaded using link preload but not used within a few seconds from the window's load event. Please make sure it has an appropriate `as` value and it is preloaded intentionally. @ https://www.godaddy.com/en/domainsearch/find?domainToCheck=puppet-ear:0
[  212016ms] [WARNING] The resource https://img6.wsimg.com/wrhs-next/2279c22bdd6787215b042c848f205dad/storefront-header.js was preloaded using link preload but not used within a few seconds from the window's load event. Please make sure it has an appropriate `as` value and it is preloaded intentionally. @ https://www.godaddy.com/en/domainsearch/find?domainToCheck=puppet-ear:0
[  217033ms] [WARNING] The resource https://img6.wsimg.com/serpimg/img/solutionsimg/serp_animation_loader.gif was preloaded using link preload but not used within a few seconds from the window's load event. Please make sure it has an appropriate `as` value and it is preloaded intentionally. @ https://www.godaddy.com/en/domainsearch/find?domainToCheck=puppet-ear:0
[  217033ms] [WARNING] The resource https://img6.wsimg.com/wrhs-next/2279c22bdd6787215b042c848f205dad/storefront-header.js was preloaded using link preload but not used within a few seconds from the window's load event. Please make sure it has an appropriate `as` value and it is preloaded intentionally. @ https://www.godaddy.com/en/domainsearch/find?domainToCheck=puppet-ear:0
[  222014ms] [WARNING] The resource https://img6.wsimg.com/serpimg/img/solutionsimg/serp_animation_loader.gif was preloaded using link preload but not used within a few seconds from the window's load event. Please make sure it has an appropriate `as` value and it is preloaded intentionally. @ https://www.godaddy.com/en/domainsearch/find?domainToCheck=puppet-ear:0
[  222014ms] [WARNING] The resource https://img6.wsimg.com/wrhs-next/2279c22bdd6787215b042c848f205dad/storefront-header.js was preloaded using link preload but not used within a few seconds from the window's load event. Please make sure it has an appropriate `as` value and it is preloaded intentionally. @ https://www.godaddy.com/en/domainsearch/find?domainToCheck=puppet-ear:0
[  227043ms] [WARNING] The resource https://img6.wsimg.com/serpimg/img/solutionsimg/serp_animation_loader.gif was preloaded using link preload but not used within a few seconds from the window's load event. Please make sure it has an appropriate `as` value and it is preloaded intentionally. @ https://www.godaddy.com/en/domainsearch/find?domainToCheck=puppet-ear:0
[  227044ms] [WARNING] The resource https://img6.wsimg.com/wrhs-next/2279c22bdd6787215b042c848f205dad/storefront-header.js was preloaded using link preload but not used within a few seconds from the window's load event. Please make sure it has an appropriate `as` value and it is preloaded intentionally. @ https://www.godaddy.com/en/domainsearch/find?domainToCheck=puppet-ear:0
[  232005ms] [WARNING] The resource https://img6.wsimg.com/serpimg/img/solutionsimg/serp_animation_loader.gif was preloaded using link preload but not used within a few seconds from the window's load event. Please make sure it has an appropriate `as` value and it is preloaded intentionally. @ https://www.godaddy.com/en/domainsearch/find?domainToCheck=puppet-ear:0
[  232005ms] [WARNING] The resource https://img6.wsimg.com/wrhs-next/2279c22bdd6787215b042c848f205dad/storefront-header.js was preloaded using link preload but not used within a few seconds from the window's load event. Please make sure it has an appropriate `as` value and it is preloaded intentionally. @ https://www.godaddy.com/en/domainsearch/find?domainToCheck=puppet-ear:0
[  237023ms] [WARNING] The resource https://img6.wsimg.com/serpimg/img/solutionsimg/serp_animation_loader.gif was preloaded using link preload but not used within a few seconds from the window's load event. Please make sure it has an appropriate `as` value and it is preloaded intentionally. @ https://www.godaddy.com/en/domainsearch/find?domainToCheck=puppet-ear:0
[  237023ms] [WARNING] The resource https://img6.wsimg.com/wrhs-next/2279c22bdd6787215b042c848f205dad/storefront-header.js was preloaded using link preload but not used within a few seconds from the window's load event. Please make sure it has an appropriate `as` value and it is preloaded intentionally. @ https://www.godaddy.com/en/domainsearch/find?domainToCheck=puppet-ear:0
[  242086ms] [WARNING] The resource https://img6.wsimg.com/serpimg/img/solutionsimg/serp_animation_loader.gif was preloaded using link preload but not used within a few seconds from the window's load event. Please make sure it has an appropriate `as` value and it is preloaded intentionally. @ https://www.godaddy.com/en/domainsearch/find?domainToCheck=puppet-ear:0
[  242086ms] [WARNING] The resource https://img6.wsimg.com/wrhs-next/2279c22bdd6787215b042c848f205dad/storefront-header.js was preloaded using link preload but not used within a few seconds from the window's load event. Please make sure it has an appropriate `as` value and it is preloaded intentionally. @ https://www.godaddy.com/en/domainsearch/find?domainToCheck=puppet-ear:0
[  247382ms] [WARNING] The resource https://img6.wsimg.com/serpimg/img/solutionsimg/serp_animation_loader.gif was preloaded using link preload but not used within a few seconds from the window's load event. Please make sure it has an appropriate `as` value and it is preloaded intentionally. @ https://www.godaddy.com/en/domainsearch/find?domainToCheck=puppet-ear:0
[  247382ms] [WARNING] The resource https://img6.wsimg.com/wrhs-next/2279c22bdd6787215b042c848f205dad/storefront-header.js was preloaded using link preload but not used within a few seconds from the window's load event. Please make sure it has an appropriate `as` value and it is preloaded intentionally. @ https://www.godaddy.com/en/domainsearch/find?domainToCheck=puppet-ear:0
[  297033ms] [WARNING] The resource https://img6.wsimg.com/serpimg/img/solutionsimg/serp_animation_loader.gif was preloaded using link preload but not used within a few seconds from the window's load event. Please make sure it has an appropriate `as` value and it is preloaded intentionally. @ https://www.godaddy.com/en/domainsearch/find?domainToCheck=puppet-ear:0
[  297033ms] [WARNING] The resource https://img6.wsimg.com/wrhs-next/2279c22bdd6787215b042c848f205dad/storefront-header.js was preloaded using link preload but not used within a few seconds from the window's load event. Please make sure it has an appropriate `as` value and it is preloaded intentionally. @ https://www.godaddy.com/en/domainsearch/find?domainToCheck=puppet-ear:0
[  302003ms] [WARNING] The resource https://img6.wsimg.com/serpimg/img/solutionsimg/serp_animation_loader.gif was preloaded using link preload but not used within a few seconds from the window's load event. Please make sure it has an appropriate `as` value and it is preloaded intentionally. @ https://www.godaddy.com/en/domainsearch/find?domainToCheck=puppet-ear:0
[  302003ms] [WARNING] The resource https://img6.wsimg.com/wrhs-next/2279c22bdd6787215b042c848f205dad/storefront-header.js was preloaded using link preload but not used within a few seconds from the window's load event. Please make sure it has an appropriate `as` value and it is preloaded intentionally. @ https://www.godaddy.com/en/domainsearch/find?domainToCheck=puppet-ear:0
[  307021ms] [WARNING] The resource https://img6.wsimg.com/serpimg/img/solutionsimg/serp_animation_loader.gif was preloaded using link preload but not used within a few seconds from the window's load event. Please make sure it has an appropriate `as` value and it is preloaded intentionally. @ https://www.godaddy.com/en/domainsearch/find?domainToCheck=puppet-ear:0
[  307021ms] [WARNING] The resource https://img6.wsimg.com/wrhs-next/2279c22bdd6787215b042c848f205dad/storefront-header.js was preloaded using link preload but not used within a few seconds from the window's load event. Please make sure it has an appropriate `as` value and it is preloaded intentionally. @ https://www.godaddy.com/en/domainsearch/find?domainToCheck=puppet-ear:0
[  312113ms] [WARNING] The resource https://img6.wsimg.com/serpimg/img/solutionsimg/serp_animation_loader.gif was preloaded using link preload but not used within a few seconds from the window's load event. Please make sure it has an appropriate `as` value and it is preloaded intentionally. @ https://www.godaddy.com/en/domainsearch/find?domainToCheck=puppet-ear:0
[  312113ms] [WARNING] The resource https://img6.wsimg.com/wrhs-next/2279c22bdd6787215b042c848f205dad/storefront-header.js was preloaded using link preload but not used within a few seconds from the window's load event. Please make sure it has an appropriate `as` value and it is preloaded intentionally. @ https://www.godaddy.com/en/domainsearch/find?domainToCheck=puppet-ear:0
[  317112ms] [WARNING] The resource https://img6.wsimg.com/serpimg/img/solutionsimg/serp_animation_loader.gif was preloaded using link preload but not used within a few seconds from the window's load event. Please make sure it has an appropriate `as` value and it is preloaded intentionally. @ https://www.godaddy.com/en/domainsearch/find?domainToCheck=puppet-ear:0
[  317112ms] [WARNING] The resource https://img6.wsimg.com/wrhs-next/2279c22bdd6787215b042c848f205dad/storefront-header.js was preloaded using link preload but not used within a few seconds from the window's load event. Please make sure it has an appropriate `as` value and it is preloaded intentionally. @ https://www.godaddy.com/en/domainsearch/find?domainToCheck=puppet-ear:0
[  322073ms] [WARNING] The resource https://img6.wsimg.com/serpimg/img/solutionsimg/serp_animation_loader.gif was preloaded using link preload but not used within a few seconds from the window's load event. Please make sure it has an appropriate `as` value and it is preloaded intentionally. @ https://www.godaddy.com/en/domainsearch/find?domainToCheck=puppet-ear:0
[  322073ms] [WARNING] The resource https://img6.wsimg.com/wrhs-next/2279c22bdd6787215b042c848f205dad/storefront-header.js was preloaded using link preload but not used within a few seconds from the window's load event. Please make sure it has an appropriate `as` value and it is preloaded intentionally. @ https://www.godaddy.com/en/domainsearch/find?domainToCheck=puppet-ear:0
[  327070ms] [WARNING] The resource https://img6.wsimg.com/serpimg/img/solutionsimg/serp_animation_loader.gif was preloaded using link preload but not used within a few seconds from the window's load event. Please make sure it has an appropriate `as` value and it is preloaded intentionally. @ https://www.godaddy.com/en/domainsearch/find?domainToCheck=puppet-ear:0
[  327070ms] [WARNING] The resource https://img6.wsimg.com/wrhs-next/2279c22bdd6787215b042c848f205dad/storefront-header.js was preloaded using link preload but not used within a few seconds from the window's load event. Please make sure it has an appropriate `as` value and it is preloaded intentionally. @ https://www.godaddy.com/en/domainsearch/find?domainToCheck=puppet-ear:0
[  332040ms] [WARNING] The resource https://img6.wsimg.com/serpimg/img/solutionsimg/serp_animation_loader.gif was preloaded using link preload but not used within a few seconds from the window's load event. Please make sure it has an appropriate `as` value and it is preloaded intentionally. @ https://www.godaddy.com/en/domainsearch/find?domainToCheck=puppet-ear:0
[  332040ms] [WARNING] The resource https://img6.wsimg.com/wrhs-next/2279c22bdd6787215b042c848f205dad/storefront-header.js was preloaded using link preload but not used within a few seconds from the window's load event. Please make sure it has an appropriate `as` value and it is preloaded intentionally. @ https://www.godaddy.com/en/domainsearch/find?domainToCheck=puppet-ear:0
[  337038ms] [WARNING] The resource https://img6.wsimg.com/serpimg/img/solutionsimg/serp_animation_loader.gif was preloaded using link preload but not used within a few seconds from the window's load event. Please make sure it has an appropriate `as` value and it is preloaded intentionally. @ https://www.godaddy.com/en/domainsearch/find?domainToCheck=puppet-ear:0
[  337038ms] [WARNING] The resource https://img6.wsimg.com/wrhs-next/2279c22bdd6787215b042c848f205dad/storefront-header.js was preloaded using link preload but not used within a few seconds from the window's load event. Please make sure it has an appropriate `as` value and it is preloaded intentionally. @ https://www.godaddy.com/en/domainsearch/find?domainToCheck=puppet-ear:0
[  342021ms] [WARNING] The resource https://img6.wsimg.com/serpimg/img/solutionsimg/serp_animation_loader.gif was preloaded using link preload but not used within a few seconds from the window's load event. Please make sure it has an appropriate `as` value and it is preloaded intentionally. @ https://www.godaddy.com/en/domainsearch/find?domainToCheck=puppet-ear:0
[  342021ms] [WARNING] The resource https://img6.wsimg.com/wrhs-next/2279c22bdd6787215b042c848f205dad/storefront-header.js was preloaded using link preload but not used within a few seconds from the window's load event. Please make sure it has an appropriate `as` value and it is preloaded intentionally. @ https://www.godaddy.com/en/domainsearch/find?domainToCheck=puppet-ear:0
[  347016ms] [WARNING] The resource https://img6.wsimg.com/serpimg/img/solutionsimg/serp_animation_loader.gif was preloaded using link preload but not used within a few seconds from the window's load event. Please make sure it has an appropriate `as` value and it is preloaded intentionally. @ https://www.godaddy.com/en/domainsearch/find?domainToCheck=puppet-ear:0
[  347016ms] [WARNING] The resource https://img6.wsimg.com/wrhs-next/2279c22bdd6787215b042c848f205dad/storefront-header.js was preloaded using link preload but not used within a few seconds from the window's load event. Please make sure it has an appropriate `as` value and it is preloaded intentionally. @ https://www.godaddy.com/en/domainsearch/find?domainToCheck=puppet-ear:0
[  352011ms] [WARNING] The resource https://img6.wsimg.com/serpimg/img/solutionsimg/serp_animation_loader.gif was preloaded using link preload but not used within a few seconds from the window's load event. Please make sure it has an appropriate `as` value and it is preloaded intentionally. @ https://www.godaddy.com/en/domainsearch/find?domainToCheck=puppet-ear:0
[  352011ms] [WARNING] The resource https://img6.wsimg.com/wrhs-next/2279c22bdd6787215b042c848f205dad/storefront-header.js was preloaded using link preload but not used within a few seconds from the window's load event. Please make sure it has an appropriate `as` value and it is preloaded intentionally. @ https://www.godaddy.com/en/domainsearch/find?domainToCheck=puppet-ear:0
[  358545ms] [ERROR] Failed to load resource: net::ERR_NAME_NOT_RESOLVED @ https://cdn.krxd.net/controltag/undefined.js:0
[  358713ms] [ERROR] Error: <rect> attribute height: A negative value is not valid. ("-10") @ https://img6.wsimg.com/ux-assets/react/18/react-dom.umd.js:9
[  358713ms] [ERROR] Error: <rect> attribute height: A negative value is not valid. ("-10") @ https://img6.wsimg.com/ux-assets/react/18/react-dom.umd.js:9
[  358714ms] [ERROR] Error: <rect> attribute height: A negative value is not valid. ("-10") @ https://img6.wsimg.com/ux-assets/react/18/react-dom.umd.js:9
[  358714ms] [ERROR] Error: <rect> attribute height: A negative value is not valid. ("-10") @ https://img6.wsimg.com/ux-assets/react/18/react-dom.umd.js:9
[  361124ms] [ERROR] Invalid key/value pair found in Traffic's custom properties (tData). Objects, arrays, and functions are not supported.

Key: 'Prices' Value: '[object Object]' Type: 'object'. @ https://edge.fullstory.com/s/fs.js:3
[  361124ms] [ERROR] Invalid key/value pair found in Traffic's custom properties (tData). Objects, arrays, and functions are not supported.

Key: 'ClientRequestIn' Value: '[object Object]' Type: 'object'. @ https://edge.fullstory.com/s/fs.js:3
[  361124ms] [ERROR] Invalid key/value pair found in Traffic's custom properties (tData). Objects, arrays, and functions are not supported.

Key: 'Domains' Value: '[object Object],[object Object],[object Object],[object Object],[object Object]' Type: 'object'. @ https://edge.fullstory.com/s/fs.js:3
[  361819ms] [ERROR] Invalid key/value pair found in Traffic's custom properties (tData). Objects, arrays, and functions are not supported.

Key: 'Prices' Value: '[object Object]' Type: 'object'. @ https://edge.fullstory.com/s/fs.js:3
[  361819ms] [ERROR] Invalid key/value pair found in Traffic's custom properties (tData). Objects, arrays, and functions are not supported.

Key: 'ClientRequestIn' Value: '[object Object]' Type: 'object'. @ https://edge.fullstory.com/s/fs.js:3
[  361819ms] [ERROR] Invalid key/value pair found in Traffic's custom properties (tData). Objects, arrays, and functions are not supported.

Key: 'Domains' Value: '[object Object],[object Object],[object Object]' Type: 'object'. @ https://edge.fullstory.com/s/fs.js:3
[  361873ms] [ERROR] Invalid key/value pair found in Traffic's custom properties (tData). Objects, arrays, and functions are not supported.

Key: 'Prices' Value: '[object Object]' Type: 'object'. @ https://edge.fullstory.com/s/fs.js:3
[  361873ms] [ERROR] Invalid key/value pair found in Traffic's custom properties (tData). Objects, arrays, and functions are not supported.

Key: 'ClientRequestIn' Value: '[object Object]' Type: 'object'. @ https://edge.fullstory.com/s/fs.js:3
[  361873ms] [ERROR] Invalid key/value pair found in Traffic's custom properties (tData). Objects, arrays, and functions are not supported.

Key: 'Domains' Value: '[object Object],[object Object],[object Object],[object Object],[object Object],[object Object],[object Object]' Type: 'object'. @ https://edge.fullstory.com/s/fs.js:3
[  366713ms] [WARNING] The resource https://img6.wsimg.com/serpimg/img/solutionsimg/serp_animation_loader.gif was preloaded using link preload but not used within a few seconds from the window's load event. Please make sure it has an appropriate `as` value and it is preloaded intentionally. @ https://www.godaddy.com/en/domainsearch/find?domainToCheck=puppet-ear:0
[  366713ms] [WARNING] The resource https://img6.wsimg.com/wrhs-next/2279c22bdd6787215b042c848f205dad/storefront-header.js was preloaded using link preload but not used within a few seconds from the window's load event. Please make sure it has an appropriate `as` value and it is preloaded intentionally. @ https://www.godaddy.com/en/domainsearch/find?domainToCheck=puppet-ear:0
[  417047ms] [WARNING] The resource https://img6.wsimg.com/serpimg/img/solutionsimg/serp_animation_loader.gif was preloaded using link preload but not used within a few seconds from the window's load event. Please make sure it has an appropriate `as` value and it is preloaded intentionally. @ https://www.godaddy.com/en/domainsearch/find?domainToCheck=puppet-ear:0
[  417047ms] [WARNING] The resource https://img6.wsimg.com/wrhs-next/2279c22bdd6787215b042c848f205dad/storefront-header.js was preloaded using link preload but not used within a few seconds from the window's load event. Please make sure it has an appropriate `as` value and it is preloaded intentionally. @ https://www.godaddy.com/en/domainsearch/find?domainToCheck=puppet-ear:0
[  422013ms] [WARNING] The resource https://img6.wsimg.com/serpimg/img/solutionsimg/serp_animation_loader.gif was preloaded using link preload but not used within a few seconds from the window's load event. Please make sure it has an appropriate `as` value and it is preloaded intentionally. @ https://www.godaddy.com/en/domainsearch/find?domainToCheck=puppet-ear:0
[  422013ms] [WARNING] The resource https://img6.wsimg.com/wrhs-next/2279c22bdd6787215b042c848f205dad/storefront-header.js was preloaded using link preload but not used within a few seconds from the window's load event. Please make sure it has an appropriate `as` value and it is preloaded intentionally. @ https://www.godaddy.com/en/domainsearch/find?domainToCheck=puppet-ear:0
[  427010ms] [WARNING] The resource https://img6.wsimg.com/serpimg/img/solutionsimg/serp_animation_loader.gif was preloaded using link preload but not used within a few seconds from the window's load event. Please make sure it has an appropriate `as` value and it is preloaded intentionally. @ https://www.godaddy.com/en/domainsearch/find?domainToCheck=puppet-ear:0
[  427010ms] [WARNING] The resource https://img6.wsimg.com/wrhs-next/2279c22bdd6787215b042c848f205dad/storefront-header.js was preloaded using link preload but not used within a few seconds from the window's load event. Please make sure it has an appropriate `as` value and it is preloaded intentionally. @ https://www.godaddy.com/en/domainsearch/find?domainToCheck=puppet-ear:0
[  432041ms] [WARNING] The resource https://img6.wsimg.com/serpimg/img/solutionsimg/serp_animation_loader.gif was preloaded using link preload but not used within a few seconds from the window's load event. Please make sure it has an appropriate `as` value and it is preloaded intentionally. @ https://www.godaddy.com/en/domainsearch/find?domainToCheck=puppet-ear:0
[  432041ms] [WARNING] The resource https://img6.wsimg.com/wrhs-next/2279c22bdd6787215b042c848f205dad/storefront-header.js was preloaded using link preload but not used within a few seconds from the window's load event. Please make sure it has an appropriate `as` value and it is preloaded intentionally. @ https://www.godaddy.com/en/domainsearch/find?domainToCheck=puppet-ear:0
[  472058ms] [WARNING] The resource https://img6.wsimg.com/serpimg/img/solutionsimg/serp_animation_loader.gif was preloaded using link preload but not used within a few seconds from the window's load event. Please make sure it has an appropriate `as` value and it is preloaded intentionally. @ https://www.godaddy.com/en/domainsearch/find?domainToCheck=puppet-ear:0
[  472058ms] [WARNING] The resource https://img6.wsimg.com/wrhs-next/2279c22bdd6787215b042c848f205dad/storefront-header.js was preloaded using link preload but not used within a few seconds from the window's load event. Please make sure it has an appropriate `as` value and it is preloaded intentionally. @ https://www.godaddy.com/en/domainsearch/find?domainToCheck=puppet-ear:0
[  522099ms] [WARNING] The resource https://img6.wsimg.com/serpimg/img/solutionsimg/serp_animation_loader.gif was preloaded using link preload but not used within a few seconds from the window's load event. Please make sure it has an appropriate `as` value and it is preloaded intentionally. @ https://www.godaddy.com/en/domainsearch/find?domainToCheck=puppet-ear:0
[  522099ms] [WARNING] The resource https://img6.wsimg.com/wrhs-next/2279c22bdd6787215b042c848f205dad/storefront-header.js was preloaded using link preload but not used within a few seconds from the window's load event. Please make sure it has an appropriate `as` value and it is preloaded intentionally. @ https://www.godaddy.com/en/domainsearch/find?domainToCheck=puppet-ear:0
[  779629ms] [WARNING] The resource https://img6.wsimg.com/serpimg/img/solutionsimg/serp_animation_loader.gif was preloaded using link preload but not used within a few seconds from the window's load event. Please make sure it has an appropriate `as` value and it is preloaded intentionally. @ https://www.godaddy.com/en/domainsearch/find?domainToCheck=puppet-ear:0
[  779629ms] [WARNING] The resource https://img6.wsimg.com/wrhs-next/2279c22bdd6787215b042c848f205dad/storefront-header.js was preloaded using link preload but not used within a few seconds from the window's load event. Please make sure it has an appropriate `as` value and it is preloaded intentionally. @ https://www.godaddy.com/en/domainsearch/find?domainToCheck=puppet-ear:0
[ 1037802ms] [WARNING] The resource https://img6.wsimg.com/serpimg/img/solutionsimg/serp_animation_loader.gif was preloaded using link preload but not used within a few seconds from the window's load event. Please make sure it has an appropriate `as` value and it is preloaded intentionally. @ https://www.godaddy.com/en/domainsearch/find?domainToCheck=puppet-ear:0
[ 1037802ms] [WARNING] The resource https://img6.wsimg.com/wrhs-next/2279c22bdd6787215b042c848f205dad/storefront-header.js was preloaded using link preload but not used within a few seconds from the window's load event. Please make sure it has an appropriate `as` value and it is preloaded intentionally. @ https://www.godaddy.com/en/domainsearch/find?domainToCheck=puppet-ear:0
[ 1071863ms] [WARNING] The resource https://img6.wsimg.com/serpimg/img/solutionsimg/serp_animation_loader.gif was preloaded using link preload but not used within a few seconds from the window's load event. Please make sure it has an appropriate `as` value and it is preloaded intentionally. @ https://www.godaddy.com/en/domainsearch/find?domainToCheck=puppet-ear:0
[ 1071863ms] [WARNING] The resource https://img6.wsimg.com/wrhs-next/2279c22bdd6787215b042c848f205dad/storefront-header.js was preloaded using link preload but not used within a few seconds from the window's load event. Please make sure it has an appropriate `as` value and it is preloaded intentionally. @ https://www.godaddy.com/en/domainsearch/find?domainToCheck=puppet-ear:0
[ 1292290ms] [WARNING] The resource https://img6.wsimg.com/serpimg/img/solutionsimg/serp_animation_loader.gif was preloaded using link preload but not used within a few seconds from the window's load event. Please make sure it has an appropriate `as` value and it is preloaded intentionally. @ https://www.godaddy.com/en/domainsearch/find?domainToCheck=puppet-ear:0
[ 1292290ms] [WARNING] The resource https://img6.wsimg.com/wrhs-next/2279c22bdd6787215b042c848f205dad/storefront-header.js was preloaded using link preload but not used within a few seconds from the window's load event. Please make sure it has an appropriate `as` value and it is preloaded intentionally. @ https://www.godaddy.com/en/domainsearch/find?domainToCheck=puppet-ear:0
[ 1371880ms] [WARNING] The resource https://img6.wsimg.com/serpimg/img/solutionsimg/serp_animation_loader.gif was preloaded using link preload but not used within a few seconds from the window's load event. Please make sure it has an appropriate `as` value and it is preloaded intentionally. @ https://www.godaddy.com/en/domainsearch/find?domainToCheck=puppet-ear:0
[ 1371880ms] [WARNING] The resource https://img6.wsimg.com/wrhs-next/2279c22bdd6787215b042c848f205dad/storefront-header.js was preloaded using link preload but not used within a few seconds from the window's load event. Please make sure it has an appropriate `as` value and it is preloaded intentionally. @ https://www.godaddy.com/en/domainsearch/find?domainToCheck=puppet-ear:0
[ 1547239ms] [WARNING] The resource https://img6.wsimg.com/serpimg/img/solutionsimg/serp_animation_loader.gif was preloaded using link preload but not used within a few seconds from the window's load event. Please make sure it has an appropriate `as` value and it is preloaded intentionally. @ https://www.godaddy.com/en/domainsearch/find?domainToCheck=puppet-ear:0
[ 1547239ms] [WARNING] The resource https://img6.wsimg.com/wrhs-next/2279c22bdd6787215b042c848f205dad/storefront-header.js was preloaded using link preload but not used within a few seconds from the window's load event. Please make sure it has an appropriate `as` value and it is preloaded intentionally. @ https://www.godaddy.com/en/domainsearch/find?domainToCheck=puppet-ear:0
[ 1671916ms] [WARNING] The resource https://img6.wsimg.com/serpimg/img/solutionsimg/serp_animation_loader.gif was preloaded using link preload but not used within a few seconds from the window's load event. Please make sure it has an appropriate `as` value and it is preloaded intentionally. @ https://www.godaddy.com/en/domainsearch/find?domainToCheck=puppet-ear:0
[ 1671916ms] [WARNING] The resource https://img6.wsimg.com/wrhs-next/2279c22bdd6787215b042c848f205dad/storefront-header.js was preloaded using link preload but not used within a few seconds from the window's load event. Please make sure it has an appropriate `as` value and it is preloaded intentionally. @ https://www.godaddy.com/en/domainsearch/find?domainToCheck=puppet-ear:0
[ 1802261ms] [WARNING] The resource https://img6.wsimg.com/serpimg/img/solutionsimg/serp_animation_loader.gif was preloaded using link preload but not used within a few seconds from the window's load event. Please make sure it has an appropriate `as` value and it is preloaded intentionally. @ https://www.godaddy.com/en/domainsearch/find?domainToCheck=puppet-ear:0
[ 1802262ms] [WARNING] The resource https://img6.wsimg.com/wrhs-next/2279c22bdd6787215b042c848f205dad/storefront-header.js was preloaded using link preload but not used within a few seconds from the window's load event. Please make sure it has an appropriate `as` value and it is preloaded intentionally. @ https://www.godaddy.com/en/domainsearch/find?domainToCheck=puppet-ear:0
[ 2062245ms] [WARNING] The resource https://img6.wsimg.com/serpimg/img/solutionsimg/serp_animation_loader.gif was preloaded using link preload but not used within a few seconds from the window's load event. Please make sure it has an appropriate `as` value and it is preloaded intentionally. @ https://www.godaddy.com/en/domainsearch/find?domainToCheck=puppet-ear:0
[ 2062246ms] [WARNING] The resource https://img6.wsimg.com/wrhs-next/2279c22bdd6787215b042c848f205dad/storefront-header.js was preloaded using link preload but not used within a few seconds from the window's load event. Please make sure it has an appropriate `as` value and it is preloaded intentionally. @ https://www.godaddy.com/en/domainsearch/find?domainToCheck=puppet-ear:0
[ 2271970ms] [WARNING] The resource https://img6.wsimg.com/serpimg/img/solutionsimg/serp_animation_loader.gif was preloaded using link preload but not used within a few seconds from the window's load event. Please make sure it has an appropriate `as` value and it is preloaded intentionally. @ https://www.godaddy.com/en/domainsearch/find?domainToCheck=puppet-ear:0
[ 2271970ms] [WARNING] The resource https://img6.wsimg.com/wrhs-next/2279c22bdd6787215b042c848f205dad/storefront-header.js was preloaded using link preload but not used within a few seconds from the window's load event. Please make sure it has an appropriate `as` value and it is preloaded intentionally. @ https://www.godaddy.com/en/domainsearch/find?domainToCheck=puppet-ear:0
[ 2320659ms] [WARNING] The resource https://img6.wsimg.com/serpimg/img/solutionsimg/serp_animation_loader.gif was preloaded using link preload but not used within a few seconds from the window's load event. Please make sure it has an appropriate `as` value and it is preloaded intentionally. @ https://www.godaddy.com/en/domainsearch/find?domainToCheck=puppet-ear:0
[ 2320659ms] [WARNING] The resource https://img6.wsimg.com/wrhs-next/2279c22bdd6787215b042c848f205dad/storefront-header.js was preloaded using link preload but not used within a few seconds from the window's load event. Please make sure it has an appropriate `as` value and it is preloaded intentionally. @ https://www.godaddy.com/en/domainsearch/find?domainToCheck=puppet-ear:0
[ 2871964ms] [WARNING] The resource https://img6.wsimg.com/serpimg/img/solutionsimg/serp_animation_loader.gif was preloaded using link preload but not used within a few seconds from the window's load event. Please make sure it has an appropriate `as` value and it is preloaded intentionally. @ https://www.godaddy.com/en/domainsearch/find?domainToCheck=puppet-ear:0
[ 2871964ms] [WARNING] The resource https://img6.wsimg.com/wrhs-next/2279c22bdd6787215b042c848f205dad/storefront-header.js was preloaded using link preload but not used within a few seconds from the window's load event. Please make sure it has an appropriate `as` value and it is preloaded intentionally. @ https://www.godaddy.com/en/domainsearch/find?domainToCheck=puppet-ear:0
[ 3172370ms] [WARNING] The resource https://img6.wsimg.com/serpimg/img/solutionsimg/serp_animation_loader.gif was preloaded using link preload but not used within a few seconds from the window's load event. Please make sure it has an appropriate `as` value and it is preloaded intentionally. @ https://www.godaddy.com/en/domainsearch/find?domainToCheck=puppet-ear:0
[ 3172370ms] [WARNING] The resource https://img6.wsimg.com/wrhs-next/2279c22bdd6787215b042c848f205dad/storefront-header.js was preloaded using link preload but not used within a few seconds from the window's load event. Please make sure it has an appropriate `as` value and it is preloaded intentionally. @ https://www.godaddy.com/en/domainsearch/find?domainToCheck=puppet-ear:0
[ 3472482ms] [WARNING] The resource https://img6.wsimg.com/serpimg/img/solutionsimg/serp_animation_loader.gif was preloaded using link preload but not used within a few seconds from the window's load event. Please make sure it has an appropriate `as` value and it is preloaded intentionally. @ https://www.godaddy.com/en/domainsearch/find?domainToCheck=puppet-ear:0
[ 3472482ms] [WARNING] The resource https://img6.wsimg.com/wrhs-next/2279c22bdd6787215b042c848f205dad/storefront-header.js was preloaded using link preload but not used within a few seconds from the window's load event. Please make sure it has an appropriate `as` value and it is preloaded intentionally. @ https://www.godaddy.com/en/domainsearch/find?domainToCheck=puppet-ear:0
[ 3773681ms] [WARNING] The resource https://img6.wsimg.com/serpimg/img/solutionsimg/serp_animation_loader.gif was preloaded using link preload but not used within a few seconds from the window's load event. Please make sure it has an appropriate `as` value and it is preloaded intentionally. @ https://www.godaddy.com/en/domainsearch/find?domainToCheck=puppet-ear:0
[ 3773681ms] [WARNING] The resource https://img6.wsimg.com/wrhs-next/2279c22bdd6787215b042c848f205dad/storefront-header.js was preloaded using link preload but not used within a few seconds from the window's load event. Please make sure it has an appropriate `as` value and it is preloaded intentionally. @ https://www.godaddy.com/en/domainsearch/find?domainToCheck=puppet-ear:0
[ 4072775ms] [WARNING] The resource https://img6.wsimg.com/serpimg/img/solutionsimg/serp_animation_loader.gif was preloaded using link preload but not used within a few seconds from the window's load event. Please make sure it has an appropriate `as` value and it is preloaded intentionally. @ https://www.godaddy.com/en/domainsearch/find?domainToCheck=puppet-ear:0
[ 4072775ms] [WARNING] The resource https://img6.wsimg.com/wrhs-next/2279c22bdd6787215b042c848f205dad/storefront-header.js was preloaded using link preload but not used within a few seconds from the window's load event. Please make sure it has an appropriate `as` value and it is preloaded intentionally. @ https://www.godaddy.com/en/domainsearch/find?domainToCheck=puppet-ear:0
[ 4372509ms] [WARNING] The resource https://img6.wsimg.com/serpimg/img/solutionsimg/serp_animation_loader.gif was preloaded using link preload but not used within a few seconds from the window's load event. Please make sure it has an appropriate `as` value and it is preloaded intentionally. @ https://www.godaddy.com/en/domainsearch/find?domainToCheck=puppet-ear:0
[ 4372509ms] [WARNING] The resource https://img6.wsimg.com/wrhs-next/2279c22bdd6787215b042c848f205dad/storefront-header.js was preloaded using link preload but not used within a few seconds from the window's load event. Please make sure it has an appropriate `as` value and it is preloaded intentionally. @ https://www.godaddy.com/en/domainsearch/find?domainToCheck=puppet-ear:0
[ 4672650ms] [WARNING] The resource https://img6.wsimg.com/serpimg/img/solutionsimg/serp_animation_loader.gif was preloaded using link preload but not used within a few seconds from the window's load event. Please make sure it has an appropriate `as` value and it is preloaded intentionally. @ https://www.godaddy.com/en/domainsearch/find?domainToCheck=puppet-ear:0
[ 4672650ms] [WARNING] The resource https://img6.wsimg.com/wrhs-next/2279c22bdd6787215b042c848f205dad/storefront-header.js was preloaded using link preload but not used within a few seconds from the window's load event. Please make sure it has an appropriate `as` value and it is preloaded intentionally. @ https://www.godaddy.com/en/domainsearch/find?domainToCheck=puppet-ear:0
[ 5272508ms] [WARNING] The resource https://img6.wsimg.com/serpimg/img/solutionsimg/serp_animation_loader.gif was preloaded using link preload but not used within a few seconds from the window's load event. Please make sure it has an appropriate `as` value and it is preloaded intentionally. @ https://www.godaddy.com/en/domainsearch/find?domainToCheck=puppet-ear:0
[ 5272509ms] [WARNING] The resource https://img6.wsimg.com/wrhs-next/2279c22bdd6787215b042c848f205dad/storefront-header.js was preloaded using link preload but not used within a few seconds from the window's load event. Please make sure it has an appropriate `as` value and it is preloaded intentionally. @ https://www.godaddy.com/en/domainsearch/find?domainToCheck=puppet-ear:0
[ 5872387ms] [WARNING] The resource https://img6.wsimg.com/serpimg/img/solutionsimg/serp_animation_loader.gif was preloaded using link preload but not used within a few seconds from the window's load event. Please make sure it has an appropriate `as` value and it is preloaded intentionally. @ https://www.godaddy.com/en/domainsearch/find?domainToCheck=puppet-ear:0
[ 5872387ms] [WARNING] The resource https://img6.wsimg.com/wrhs-next/2279c22bdd6787215b042c848f205dad/storefront-header.js was preloaded using link preload but not used within a few seconds from the window's load event. Please make sure it has an appropriate `as` value and it is preloaded intentionally. @ https://www.godaddy.com/en/domainsearch/find?domainToCheck=puppet-ear:0
