[     852ms] [ERROR] Failed to load resource: the server responded with a status of 404 () @ https://cdn.jsdelivr.net/npm/@mediapipe/tasks-vision@0.10.14/vision_bundle.js:0
[  232317ms] [ERROR] WebSocket connection to 'ws://localhost:8765/' failed: Error in connection establishment: net::ERR_CONNECTION_REFUSED @ http://localhost:3000/interfaces/fingers.html:400
[  234322ms] [ERROR] WebSocket connection to 'ws://localhost:8765/' failed: Error in connection establishment: net::ERR_CONNECTION_REFUSED @ http://localhost:3000/interfaces/fingers.html:400
[  236330ms] [ERROR] WebSocket connection to 'ws://localhost:8765/' failed: Error in connection establishment: net::ERR_CONNECTION_REFUSED @ http://localhost:3000/interfaces/fingers.html:400
[  237906ms] [LOG] I0521 05:14:29.766000 1922656 gl_context.cc:386] GL version: 3.0 (OpenGL ES 3.0 (WebGL 2.0 (OpenGL ES 3.0 Chromium))), renderer: WebKit WebGL @ https://cdn.jsdelivr.net/npm/@mediapipe/tasks-vision@0.10.21/wasm/vision_wasm_internal.js:9
[  237907ms] [WARNING] W0521 05:14:29.767000 1922656 gl_context.cc:1072] OpenGL error checking is disabled @ https://cdn.jsdelivr.net/npm/@mediapipe/tasks-vision@0.10.21/wasm/vision_wasm_internal.js:9
[  237907ms] [LOG] Graph successfully started running. @ https://cdn.jsdelivr.net/npm/@mediapipe/tasks-vision@0.10.21/wasm/vision_wasm_internal.js:9
[  238490ms] [WARNING] W0521 05:14:30.350000 1922656 landmark_projection_calculator.cc:189] Using NORM_RECT without IMAGE_DIMENSIONS is only supported for the square ROI. Provide IMAGE_DIMENSIONS or use PROJECTION_MATRIX. @ https://cdn.jsdelivr.net/npm/@mediapipe/tasks-vision@0.10.21/wasm/vision_wasm_internal.js:9
[  238558ms] [ERROR] WebSocket connection to 'ws://localhost:8765/' failed: Error in connection establishment: net::ERR_CONNECTION_REFUSED @ http://localhost:3000/interfaces/fingers.html:400
[  240692ms] [ERROR] WebSocket connection to 'ws://localhost:8765/' failed: Error in connection establishment: net::ERR_CONNECTION_REFUSED @ http://localhost:3000/interfaces/fingers.html:400
[  242828ms] [ERROR] WebSocket connection to 'ws://localhost:8765/' failed: Error in connection establishment: net::ERR_CONNECTION_REFUSED @ http://localhost:3000/interfaces/fingers.html:400
[  244950ms] [ERROR] WebSocket connection to 'ws://localhost:8765/' failed: Error in connection establishment: net::ERR_CONNECTION_REFUSED @ http://localhost:3000/interfaces/fingers.html:400
[  247088ms] [ERROR] WebSocket connection to 'ws://localhost:8765/' failed: Error in connection establishment: net::ERR_CONNECTION_REFUSED @ http://localhost:3000/interfaces/fingers.html:400
[  249250ms] [ERROR] WebSocket connection to 'ws://localhost:8765/' failed: Error in connection establishment: net::ERR_CONNECTION_REFUSED @ http://localhost:3000/interfaces/fingers.html:400
[  251383ms] [ERROR] WebSocket connection to 'ws://localhost:8765/' failed: Error in connection establishment: net::ERR_CONNECTION_REFUSED @ http://localhost:3000/interfaces/fingers.html:400
[  253573ms] [ERROR] WebSocket connection to 'ws://localhost:8765/' failed: Error in connection establishment: net::ERR_CONNECTION_REFUSED @ http://localhost:3000/interfaces/fingers.html:400
[  255812ms] [ERROR] WebSocket connection to 'ws://localhost:8765/' failed: Error in connection establishment: net::ERR_CONNECTION_REFUSED @ http://localhost:3000/interfaces/fingers.html:400
[  258459ms] [ERROR] WebSocket connection to 'ws://localhost:8765/' failed: Error in connection establishment: net::ERR_CONNECTION_REFUSED @ http://localhost:3000/interfaces/fingers.html:400
[  261649ms] [ERROR] WebSocket connection to 'ws://localhost:8765/' failed: Error in connection establishment: net::ERR_CONNECTION_REFUSED @ http://localhost:3000/interfaces/fingers.html:400
[  264685ms] [ERROR] WebSocket connection to 'ws://localhost:8765/' failed: Error in connection establishment: net::ERR_CONNECTION_REFUSED @ http://localhost:3000/interfaces/fingers.html:400
[  268811ms] [ERROR] WebSocket connection to 'ws://localhost:8765/' failed: Error in connection establishment: net::ERR_CONNECTION_REFUSED @ http://localhost:3000/interfaces/fingers.html:400
[  275189ms] [ERROR] WebSocket connection to 'ws://localhost:8765/' failed: Error in connection establishment: net::ERR_CONNECTION_REFUSED @ http://localhost:3000/interfaces/fingers.html:400
[  282041ms] [ERROR] WebSocket connection to 'ws://localhost:8765/' failed: Error in connection establishment: net::ERR_CONNECTION_REFUSED @ http://localhost:3000/interfaces/fingers.html:400
[  285547ms] [ERROR] WebSocket connection to 'ws://localhost:8765/' failed: Error in connection establishment: net::ERR_CONNECTION_REFUSED @ http://localhost:3000/interfaces/fingers.html:400
[  290331ms] [ERROR] WebSocket connection to 'ws://localhost:8765/' failed: Error in connection establishment: net::ERR_CONNECTION_REFUSED @ http://localhost:3000/interfaces/fingers.html:400
[  297112ms] [ERROR] WebSocket connection to 'ws://localhost:8765/' failed: Error in connection establishment: net::ERR_CONNECTION_REFUSED @ http://localhost:3000/interfaces/fingers.html:400
[  302438ms] [ERROR] WebSocket connection to 'ws://localhost:8765/' failed: Error in connection establishment: net::ERR_CONNECTION_REFUSED @ http://localhost:3000/interfaces/fingers.html:400
[  305713ms] [ERROR] WebSocket connection to 'ws://localhost:8765/' failed: Error in connection establishment: net::ERR_CONNECTION_REFUSED @ http://localhost:3000/interfaces/fingers.html:400
[  311372ms] [ERROR] WebSocket connection to 'ws://localhost:8765/' failed: Error in connection establishment: net::ERR_CONNECTION_REFUSED @ http://localhost:3000/interfaces/fingers.html:400
[  317974ms] [ERROR] WebSocket connection to 'ws://localhost:8765/' failed: Error in connection establishment: net::ERR_CONNECTION_REFUSED @ http://localhost:3000/interfaces/fingers.html:400
[  323106ms] [ERROR] WebSocket connection to 'ws://localhost:8765/' failed: Error in connection establishment: net::ERR_CONNECTION_REFUSED @ http://localhost:3000/interfaces/fingers.html:400
[  327790ms] [ERROR] WebSocket connection to 'ws://localhost:8765/' failed: Error in connection establishment: net::ERR_CONNECTION_REFUSED @ http://localhost:3000/interfaces/fingers.html:400
[  330921ms] [ERROR] WebSocket connection to 'ws://localhost:8765/' failed: Error in connection establishment: net::ERR_CONNECTION_REFUSED @ http://localhost:3000/interfaces/fingers.html:400
[  337688ms] [ERROR] WebSocket connection to 'ws://localhost:8765/' failed: Error in connection establishment: net::ERR_CONNECTION_REFUSED @ http://localhost:3000/interfaces/fingers.html:400
[  342565ms] [ERROR] WebSocket connection to 'ws://localhost:8765/' failed: Error in connection establishment: net::ERR_CONNECTION_REFUSED @ http://localhost:3000/interfaces/fingers.html:400
[  346638ms] [ERROR] WebSocket connection to 'ws://localhost:8765/' failed: Error in connection establishment: net::ERR_CONNECTION_REFUSED @ http://localhost:3000/interfaces/fingers.html:400
[  353231ms] [ERROR] WebSocket connection to 'ws://localhost:8765/' failed: Error in connection establishment: net::ERR_CONNECTION_REFUSED @ http://localhost:3000/interfaces/fingers.html:400
[  359034ms] [ERROR] WebSocket connection to 'ws://localhost:8765/' failed: Error in connection establishment: net::ERR_CONNECTION_REFUSED @ http://localhost:3000/interfaces/fingers.html:400
[  363343ms] [ERROR] WebSocket connection to 'ws://localhost:8765/' failed: Error in connection establishment: net::ERR_CONNECTION_REFUSED @ http://localhost:3000/interfaces/fingers.html:400
[  368424ms] [ERROR] WebSocket connection to 'ws://localhost:8765/' failed: Error in connection establishment: net::ERR_CONNECTION_REFUSED @ http://localhost:3000/interfaces/fingers.html:400
[  372494ms] [ERROR] WebSocket connection to 'ws://localhost:8765/' failed: Error in connection establishment: net::ERR_CONNECTION_REFUSED @ http://localhost:3000/interfaces/fingers.html:400
[  378383ms] [ERROR] WebSocket connection to 'ws://localhost:8765/' failed: Error in connection establishment: net::ERR_CONNECTION_REFUSED @ http://localhost:3000/interfaces/fingers.html:400
[  384603ms] [ERROR] WebSocket connection to 'ws://localhost:8765/' failed: Error in connection establishment: net::ERR_CONNECTION_REFUSED @ http://localhost:3000/interfaces/fingers.html:400
[  390851ms] [ERROR] WebSocket connection to 'ws://localhost:8765/' failed: Error in connection establishment: net::ERR_CONNECTION_REFUSED @ http://localhost:3000/interfaces/fingers.html:400
[  396049ms] [ERROR] WebSocket connection to 'ws://localhost:8765/' failed: Error in connection establishment: net::ERR_CONNECTION_REFUSED @ http://localhost:3000/interfaces/fingers.html:400
[  400852ms] [ERROR] WebSocket connection to 'ws://localhost:8765/' failed: Error in connection establishment: net::ERR_CONNECTION_REFUSED @ http://localhost:3000/interfaces/fingers.html:400
[  404349ms] [ERROR] WebSocket connection to 'ws://localhost:8765/' failed: Error in connection establishment: net::ERR_CONNECTION_REFUSED @ http://localhost:3000/interfaces/fingers.html:400
[  408243ms] [ERROR] WebSocket connection to 'ws://localhost:8765/' failed: Error in connection establishment: net::ERR_CONNECTION_REFUSED @ http://localhost:3000/interfaces/fingers.html:400
[  415179ms] [ERROR] WebSocket connection to 'ws://localhost:8765/' failed: Error in connection establishment: net::ERR_CONNECTION_REFUSED @ http://localhost:3000/interfaces/fingers.html:400
[  420982ms] [ERROR] WebSocket connection to 'ws://localhost:8765/' failed: Error in connection establishment: net::ERR_CONNECTION_REFUSED @ http://localhost:3000/interfaces/fingers.html:400
[  426534ms] [ERROR] WebSocket connection to 'ws://localhost:8765/' failed: Error in connection establishment: net::ERR_CONNECTION_REFUSED @ http://localhost:3000/interfaces/fingers.html:400
[  432789ms] [ERROR] WebSocket connection to 'ws://localhost:8765/' failed: Error in connection establishment: net::ERR_CONNECTION_REFUSED @ http://localhost:3000/interfaces/fingers.html:400
[  437693ms] [ERROR] WebSocket connection to 'ws://localhost:8765/' failed: Error in connection establishment: net::ERR_CONNECTION_REFUSED @ http://localhost:3000/interfaces/fingers.html:400
[  441864ms] [ERROR] WebSocket connection to 'ws://localhost:8765/' failed: Error in connection establishment: net::ERR_CONNECTION_REFUSED @ http://localhost:3000/interfaces/fingers.html:400
[  445326ms] [ERROR] WebSocket connection to 'ws://localhost:8765/' failed: Error in connection establishment: net::ERR_CONNECTION_REFUSED @ http://localhost:3000/interfaces/fingers.html:400
[  451248ms] [ERROR] WebSocket connection to 'ws://localhost:8765/' failed: Error in connection establishment: net::ERR_CONNECTION_REFUSED @ http://localhost:3000/interfaces/fingers.html:400
[  455089ms] [ERROR] WebSocket connection to 'ws://localhost:8765/' failed: Error in connection establishment: net::ERR_CONNECTION_REFUSED @ http://localhost:3000/interfaces/fingers.html:400
[  461863ms] [ERROR] WebSocket connection to 'ws://localhost:8765/' failed: Error in connection establishment: net::ERR_CONNECTION_REFUSED @ http://localhost:3000/interfaces/fingers.html:400
[  466451ms] [ERROR] WebSocket connection to 'ws://localhost:8765/' failed: Error in connection establishment: net::ERR_CONNECTION_REFUSED @ http://localhost:3000/interfaces/fingers.html:400
[  471390ms] [ERROR] WebSocket connection to 'ws://localhost:8765/' failed: Error in connection establishment: net::ERR_CONNECTION_REFUSED @ http://localhost:3000/interfaces/fingers.html:400
[  473516ms] [ERROR] WebSocket connection to 'ws://localhost:8765/' failed: Error in connection establishment: net::ERR_CONNECTION_REFUSED @ http://localhost:3000/interfaces/fingers.html:400
[  475619ms] [ERROR] WebSocket connection to 'ws://localhost:8765/' failed: Error in connection establishment: net::ERR_CONNECTION_REFUSED @ http://localhost:3000/interfaces/fingers.html:400
[  477707ms] [ERROR] WebSocket connection to 'ws://localhost:8765/' failed: Error in connection establishment: net::ERR_CONNECTION_REFUSED @ http://localhost:3000/interfaces/fingers.html:400
[  479821ms] [ERROR] WebSocket connection to 'ws://localhost:8765/' failed: Error in connection establishment: net::ERR_CONNECTION_REFUSED @ http://localhost:3000/interfaces/fingers.html:400
[  481924ms] [ERROR] WebSocket connection to 'ws://localhost:8765/' failed: Error in connection establishment: net::ERR_CONNECTION_REFUSED @ http://localhost:3000/interfaces/fingers.html:400
[  484031ms] [ERROR] WebSocket connection to 'ws://localhost:8765/' failed: Error in connection establishment: net::ERR_CONNECTION_REFUSED @ http://localhost:3000/interfaces/fingers.html:400
[  486106ms] [ERROR] WebSocket connection to 'ws://localhost:8765/' failed: Error in connection establishment: net::ERR_CONNECTION_REFUSED @ http://localhost:3000/interfaces/fingers.html:400
[  488173ms] [ERROR] WebSocket connection to 'ws://localhost:8765/' failed: Error in connection establishment: net::ERR_CONNECTION_REFUSED @ http://localhost:3000/interfaces/fingers.html:400
[  490243ms] [ERROR] WebSocket connection to 'ws://localhost:8765/' failed: Error in connection establishment: net::ERR_CONNECTION_REFUSED @ http://localhost:3000/interfaces/fingers.html:400
[  492368ms] [ERROR] WebSocket connection to 'ws://localhost:8765/' failed: Error in connection establishment: net::ERR_CONNECTION_REFUSED @ http://localhost:3000/interfaces/fingers.html:400
[  494536ms] [ERROR] WebSocket connection to 'ws://localhost:8765/' failed: Error in connection establishment: net::ERR_CONNECTION_REFUSED @ http://localhost:3000/interfaces/fingers.html:400
[  496826ms] [ERROR] WebSocket connection to 'ws://localhost:8765/' failed: Error in connection establishment: net::ERR_CONNECTION_REFUSED @ http://localhost:3000/interfaces/fingers.html:400
[  499437ms] [ERROR] WebSocket connection to 'ws://localhost:8765/' failed: Error in connection establishment: net::ERR_CONNECTION_REFUSED @ http://localhost:3000/interfaces/fingers.html:400
[  502181ms] [ERROR] WebSocket connection to 'ws://localhost:8765/' failed: Error in connection establishment: net::ERR_CONNECTION_REFUSED @ http://localhost:3000/interfaces/fingers.html:400
[  506171ms] [ERROR] WebSocket connection to 'ws://localhost:8765/' failed: Error in connection establishment: net::ERR_CONNECTION_REFUSED @ http://localhost:3000/interfaces/fingers.html:400
[  510272ms] [ERROR] WebSocket connection to 'ws://localhost:8765/' failed: Error in connection establishment: net::ERR_CONNECTION_REFUSED @ http://localhost:3000/interfaces/fingers.html:400
[  515334ms] [ERROR] WebSocket connection to 'ws://localhost:8765/' failed: Error in connection establishment: net::ERR_CONNECTION_REFUSED @ http://localhost:3000/interfaces/fingers.html:400
[  521855ms] [ERROR] WebSocket connection to 'ws://localhost:8765/' failed: Error in connection establishment: net::ERR_CONNECTION_REFUSED @ http://localhost:3000/interfaces/fingers.html:400
[  527093ms] [ERROR] WebSocket connection to 'ws://localhost:8765/' failed: Error in connection establishment: net::ERR_CONNECTION_REFUSED @ http://localhost:3000/interfaces/fingers.html:400
[  532610ms] [ERROR] WebSocket connection to 'ws://localhost:8765/' failed: Error in connection establishment: net::ERR_CONNECTION_REFUSED @ http://localhost:3000/interfaces/fingers.html:400
[  537518ms] [ERROR] WebSocket connection to 'ws://localhost:8765/' failed: Error in connection establishment: net::ERR_CONNECTION_REFUSED @ http://localhost:3000/interfaces/fingers.html:400
[  543034ms] [ERROR] WebSocket connection to 'ws://localhost:8765/' failed: Error in connection establishment: net::ERR_CONNECTION_REFUSED @ http://localhost:3000/interfaces/fingers.html:400
[  549211ms] [ERROR] WebSocket connection to 'ws://localhost:8765/' failed: Error in connection establishment: net::ERR_CONNECTION_REFUSED @ http://localhost:3000/interfaces/fingers.html:400
[  556145ms] [ERROR] WebSocket connection to 'ws://localhost:8765/' failed: Error in connection establishment: net::ERR_CONNECTION_REFUSED @ http://localhost:3000/interfaces/fingers.html:400
[  560702ms] [ERROR] WebSocket connection to 'ws://localhost:8765/' failed: Error in connection establishment: net::ERR_CONNECTION_REFUSED @ http://localhost:3000/interfaces/fingers.html:400
[  564111ms] [ERROR] WebSocket connection to 'ws://localhost:8765/' failed: Error in connection establishment: net::ERR_CONNECTION_REFUSED @ http://localhost:3000/interfaces/fingers.html:400
[  570982ms] [ERROR] WebSocket connection to 'ws://localhost:8765/' failed: Error in connection establishment: net::ERR_CONNECTION_REFUSED @ http://localhost:3000/interfaces/fingers.html:400
[  575909ms] [ERROR] WebSocket connection to 'ws://localhost:8765/' failed: Error in connection establishment: net::ERR_CONNECTION_REFUSED @ http://localhost:3000/interfaces/fingers.html:400
[  580146ms] [ERROR] WebSocket connection to 'ws://localhost:8765/' failed: Error in connection establishment: net::ERR_CONNECTION_REFUSED @ http://localhost:3000/interfaces/fingers.html:400
[  586323ms] [ERROR] WebSocket connection to 'ws://localhost:8765/' failed: Error in connection establishment: net::ERR_CONNECTION_REFUSED @ http://localhost:3000/interfaces/fingers.html:400
[  590345ms] [ERROR] WebSocket connection to 'ws://localhost:8765/' failed: Error in connection establishment: net::ERR_CONNECTION_REFUSED @ http://localhost:3000/interfaces/fingers.html:400
[  596262ms] [ERROR] WebSocket connection to 'ws://localhost:8765/' failed: Error in connection establishment: net::ERR_CONNECTION_REFUSED @ http://localhost:3000/interfaces/fingers.html:400
[  601627ms] [ERROR] WebSocket connection to 'ws://localhost:8765/' failed: Error in connection establishment: net::ERR_CONNECTION_REFUSED @ http://localhost:3000/interfaces/fingers.html:400
[  606739ms] [ERROR] WebSocket connection to 'ws://localhost:8765/' failed: Error in connection establishment: net::ERR_CONNECTION_REFUSED @ http://localhost:3000/interfaces/fingers.html:400
[  612793ms] [ERROR] WebSocket connection to 'ws://localhost:8765/' failed: Error in connection establishment: net::ERR_CONNECTION_REFUSED @ http://localhost:3000/interfaces/fingers.html:400
[  619511ms] [ERROR] WebSocket connection to 'ws://localhost:8765/' failed: Error in connection establishment: net::ERR_CONNECTION_REFUSED @ http://localhost:3000/interfaces/fingers.html:400
[  624399ms] [ERROR] WebSocket connection to 'ws://localhost:8765/' failed: Error in connection establishment: net::ERR_CONNECTION_REFUSED @ http://localhost:3000/interfaces/fingers.html:400
[  628072ms] [ERROR] WebSocket connection to 'ws://localhost:8765/' failed: Error in connection establishment: net::ERR_CONNECTION_REFUSED @ http://localhost:3000/interfaces/fingers.html:400
[  634887ms] [ERROR] WebSocket connection to 'ws://localhost:8765/' failed: Error in connection establishment: net::ERR_CONNECTION_REFUSED @ http://localhost:3000/interfaces/fingers.html:400
[  640789ms] [ERROR] WebSocket connection to 'ws://localhost:8765/' failed: Error in connection establishment: net::ERR_CONNECTION_REFUSED @ http://localhost:3000/interfaces/fingers.html:400
[  645710ms] [ERROR] WebSocket connection to 'ws://localhost:8765/' failed: Error in connection establishment: net::ERR_CONNECTION_REFUSED @ http://localhost:3000/interfaces/fingers.html:400
[  651538ms] [ERROR] WebSocket connection to 'ws://localhost:8765/' failed: Error in connection establishment: net::ERR_CONNECTION_REFUSED @ http://localhost:3000/interfaces/fingers.html:400
[  658525ms] [ERROR] WebSocket connection to 'ws://localhost:8765/' failed: Error in connection establishment: net::ERR_CONNECTION_REFUSED @ http://localhost:3000/interfaces/fingers.html:400
[  665413ms] [ERROR] WebSocket connection to 'ws://localhost:8765/' failed: Error in connection establishment: net::ERR_CONNECTION_REFUSED @ http://localhost:3000/interfaces/fingers.html:400
[  668772ms] [ERROR] WebSocket connection to 'ws://localhost:8765/' failed: Error in connection establishment: net::ERR_CONNECTION_REFUSED @ http://localhost:3000/interfaces/fingers.html:400
[  673983ms] [ERROR] WebSocket connection to 'ws://localhost:8765/' failed: Error in connection establishment: net::ERR_CONNECTION_REFUSED @ http://localhost:3000/interfaces/fingers.html:400
[  678197ms] [ERROR] WebSocket connection to 'ws://localhost:8765/' failed: Error in connection establishment: net::ERR_CONNECTION_REFUSED @ http://localhost:3000/interfaces/fingers.html:400
[  683750ms] [ERROR] WebSocket connection to 'ws://localhost:8765/' failed: Error in connection establishment: net::ERR_CONNECTION_REFUSED @ http://localhost:3000/interfaces/fingers.html:400
[  689671ms] [ERROR] WebSocket connection to 'ws://localhost:8765/' failed: Error in connection establishment: net::ERR_CONNECTION_REFUSED @ http://localhost:3000/interfaces/fingers.html:400
[  696216ms] [ERROR] WebSocket connection to 'ws://localhost:8765/' failed: Error in connection establishment: net::ERR_CONNECTION_REFUSED @ http://localhost:3000/interfaces/fingers.html:400
[  701593ms] [ERROR] WebSocket connection to 'ws://localhost:8765/' failed: Error in connection establishment: net::ERR_CONNECTION_REFUSED @ http://localhost:3000/interfaces/fingers.html:400
[  706253ms] [ERROR] WebSocket connection to 'ws://localhost:8765/' failed: Error in connection establishment: net::ERR_CONNECTION_REFUSED @ http://localhost:3000/interfaces/fingers.html:400
[  712309ms] [ERROR] WebSocket connection to 'ws://localhost:8765/' failed: Error in connection establishment: net::ERR_CONNECTION_REFUSED @ http://localhost:3000/interfaces/fingers.html:400
[  714356ms] [ERROR] WebSocket connection to 'ws://localhost:8765/' failed: Error in connection establishment: net::ERR_CONNECTION_REFUSED @ http://localhost:3000/interfaces/fingers.html:400
[  716407ms] [ERROR] WebSocket connection to 'ws://localhost:8765/' failed: Error in connection establishment: net::ERR_CONNECTION_REFUSED @ http://localhost:3000/interfaces/fingers.html:400
[  718469ms] [ERROR] WebSocket connection to 'ws://localhost:8765/' failed: Error in connection establishment: net::ERR_CONNECTION_REFUSED @ http://localhost:3000/interfaces/fingers.html:400
[  720545ms] [ERROR] WebSocket connection to 'ws://localhost:8765/' failed: Error in connection establishment: net::ERR_CONNECTION_REFUSED @ http://localhost:3000/interfaces/fingers.html:400
[  722590ms] [ERROR] WebSocket connection to 'ws://localhost:8765/' failed: Error in connection establishment: net::ERR_CONNECTION_REFUSED @ http://localhost:3000/interfaces/fingers.html:400
[  724654ms] [ERROR] WebSocket connection to 'ws://localhost:8765/' failed: Error in connection establishment: net::ERR_CONNECTION_REFUSED @ http://localhost:3000/interfaces/fingers.html:400
[  726716ms] [ERROR] WebSocket connection to 'ws://localhost:8765/' failed: Error in connection establishment: net::ERR_CONNECTION_REFUSED @ http://localhost:3000/interfaces/fingers.html:400
[  728838ms] [ERROR] WebSocket connection to 'ws://localhost:8765/' failed: Error in connection establishment: net::ERR_CONNECTION_REFUSED @ http://localhost:3000/interfaces/fingers.html:400
[  730987ms] [ERROR] WebSocket connection to 'ws://localhost:8765/' failed: Error in connection establishment: net::ERR_CONNECTION_REFUSED @ http://localhost:3000/interfaces/fingers.html:400
[  733075ms] [ERROR] WebSocket connection to 'ws://localhost:8765/' failed: Error in connection establishment: net::ERR_CONNECTION_REFUSED @ http://localhost:3000/interfaces/fingers.html:400
[  735192ms] [ERROR] WebSocket connection to 'ws://localhost:8765/' failed: Error in connection establishment: net::ERR_CONNECTION_REFUSED @ http://localhost:3000/interfaces/fingers.html:400
[  737500ms] [ERROR] WebSocket connection to 'ws://localhost:8765/' failed: Error in connection establishment: net::ERR_CONNECTION_REFUSED @ http://localhost:3000/interfaces/fingers.html:400
[  739918ms] [ERROR] WebSocket connection to 'ws://localhost:8765/' failed: Error in connection establishment: net::ERR_CONNECTION_REFUSED @ http://localhost:3000/interfaces/fingers.html:400
[  742806ms] [ERROR] WebSocket connection to 'ws://localhost:8765/' failed: Error in connection establishment: net::ERR_CONNECTION_REFUSED @ http://localhost:3000/interfaces/fingers.html:400
[  746795ms] [ERROR] WebSocket connection to 'ws://localhost:8765/' failed: Error in connection establishment: net::ERR_CONNECTION_REFUSED @ http://localhost:3000/interfaces/fingers.html:400
[  752184ms] [ERROR] WebSocket connection to 'ws://localhost:8765/' failed: Error in connection establishment: net::ERR_CONNECTION_REFUSED @ http://localhost:3000/interfaces/fingers.html:400
[  757003ms] [ERROR] WebSocket connection to 'ws://localhost:8765/' failed: Error in connection establishment: net::ERR_CONNECTION_REFUSED @ http://localhost:3000/interfaces/fingers.html:400
[  761263ms] [ERROR] WebSocket connection to 'ws://localhost:8765/' failed: Error in connection establishment: net::ERR_CONNECTION_REFUSED @ http://localhost:3000/interfaces/fingers.html:400
[  767329ms] [ERROR] WebSocket connection to 'ws://localhost:8765/' failed: Error in connection establishment: net::ERR_CONNECTION_REFUSED @ http://localhost:3000/interfaces/fingers.html:400
[  770891ms] [ERROR] WebSocket connection to 'ws://localhost:8765/' failed: Error in connection establishment: net::ERR_CONNECTION_REFUSED @ http://localhost:3000/interfaces/fingers.html:400
[  777710ms] [ERROR] WebSocket connection to 'ws://localhost:8765/' failed: Error in connection establishment: net::ERR_CONNECTION_REFUSED @ http://localhost:3000/interfaces/fingers.html:400
[  784427ms] [ERROR] WebSocket connection to 'ws://localhost:8765/' failed: Error in connection establishment: net::ERR_CONNECTION_REFUSED @ http://localhost:3000/interfaces/fingers.html:400
[  788206ms] [ERROR] WebSocket connection to 'ws://localhost:8765/' failed: Error in connection establishment: net::ERR_CONNECTION_REFUSED @ http://localhost:3000/interfaces/fingers.html:400
[  793588ms] [ERROR] WebSocket connection to 'ws://localhost:8765/' failed: Error in connection establishment: net::ERR_CONNECTION_REFUSED @ http://localhost:3000/interfaces/fingers.html:400
[  798826ms] [ERROR] WebSocket connection to 'ws://localhost:8765/' failed: Error in connection establishment: net::ERR_CONNECTION_REFUSED @ http://localhost:3000/interfaces/fingers.html:400
[  802758ms] [ERROR] WebSocket connection to 'ws://localhost:8765/' failed: Error in connection establishment: net::ERR_CONNECTION_REFUSED @ http://localhost:3000/interfaces/fingers.html:400
[  806370ms] [ERROR] WebSocket connection to 'ws://localhost:8765/' failed: Error in connection establishment: net::ERR_CONNECTION_REFUSED @ http://localhost:3000/interfaces/fingers.html:400
[  810472ms] [ERROR] WebSocket connection to 'ws://localhost:8765/' failed: Error in connection establishment: net::ERR_CONNECTION_REFUSED @ http://localhost:3000/interfaces/fingers.html:400
[  816865ms] [ERROR] WebSocket connection to 'ws://localhost:8765/' failed: Error in connection establishment: net::ERR_CONNECTION_REFUSED @ http://localhost:3000/interfaces/fingers.html:400
[  820478ms] [ERROR] WebSocket connection to 'ws://localhost:8765/' failed: Error in connection establishment: net::ERR_CONNECTION_REFUSED @ http://localhost:3000/interfaces/fingers.html:400
[  823639ms] [ERROR] WebSocket connection to 'ws://localhost:8765/' failed: Error in connection establishment: net::ERR_CONNECTION_REFUSED @ http://localhost:3000/interfaces/fingers.html:400
[  826789ms] [ERROR] WebSocket connection to 'ws://localhost:8765/' failed: Error in connection establishment: net::ERR_CONNECTION_REFUSED @ http://localhost:3000/interfaces/fingers.html:400
[  833493ms] [ERROR] WebSocket connection to 'ws://localhost:8765/' failed: Error in connection establishment: net::ERR_CONNECTION_REFUSED @ http://localhost:3000/interfaces/fingers.html:400
[  835551ms] [ERROR] WebSocket connection to 'ws://localhost:8765/' failed: Error in connection establishment: net::ERR_CONNECTION_REFUSED @ http://localhost:3000/interfaces/fingers.html:400
[  837610ms] [ERROR] WebSocket connection to 'ws://localhost:8765/' failed: Error in connection establishment: net::ERR_CONNECTION_REFUSED @ http://localhost:3000/interfaces/fingers.html:400
[  839662ms] [ERROR] WebSocket connection to 'ws://localhost:8765/' failed: Error in connection establishment: net::ERR_CONNECTION_REFUSED @ http://localhost:3000/interfaces/fingers.html:400
[  841718ms] [ERROR] WebSocket connection to 'ws://localhost:8765/' failed: Error in connection establishment: net::ERR_CONNECTION_REFUSED @ http://localhost:3000/interfaces/fingers.html:400
[  843817ms] [ERROR] WebSocket connection to 'ws://localhost:8765/' failed: Error in connection establishment: net::ERR_CONNECTION_REFUSED @ http://localhost:3000/interfaces/fingers.html:400
[  845998ms] [ERROR] WebSocket connection to 'ws://localhost:8765/' failed: Error in connection establishment: net::ERR_CONNECTION_REFUSED @ http://localhost:3000/interfaces/fingers.html:400
[  848092ms] [ERROR] WebSocket connection to 'ws://localhost:8765/' failed: Error in connection establishment: net::ERR_CONNECTION_REFUSED @ http://localhost:3000/interfaces/fingers.html:400
[  850192ms] [ERROR] WebSocket connection to 'ws://localhost:8765/' failed: Error in connection establishment: net::ERR_CONNECTION_REFUSED @ http://localhost:3000/interfaces/fingers.html:400
[  852289ms] [ERROR] WebSocket connection to 'ws://localhost:8765/' failed: Error in connection establishment: net::ERR_CONNECTION_REFUSED @ http://localhost:3000/interfaces/fingers.html:400
[  854454ms] [ERROR] WebSocket connection to 'ws://localhost:8765/' failed: Error in connection establishment: net::ERR_CONNECTION_REFUSED @ http://localhost:3000/interfaces/fingers.html:400
[  856574ms] [ERROR] WebSocket connection to 'ws://localhost:8765/' failed: Error in connection establishment: net::ERR_CONNECTION_REFUSED @ http://localhost:3000/interfaces/fingers.html:400
[  858762ms] [ERROR] WebSocket connection to 'ws://localhost:8765/' failed: Error in connection establishment: net::ERR_CONNECTION_REFUSED @ http://localhost:3000/interfaces/fingers.html:400
[  861108ms] [ERROR] WebSocket connection to 'ws://localhost:8765/' failed: Error in connection establishment: net::ERR_CONNECTION_REFUSED @ http://localhost:3000/interfaces/fingers.html:400
[  863516ms] [ERROR] WebSocket connection to 'ws://localhost:8765/' failed: Error in connection establishment: net::ERR_CONNECTION_REFUSED @ http://localhost:3000/interfaces/fingers.html:400
[  867363ms] [ERROR] WebSocket connection to 'ws://localhost:8765/' failed: Error in connection establishment: net::ERR_CONNECTION_REFUSED @ http://localhost:3000/interfaces/fingers.html:400
[  874127ms] [ERROR] WebSocket connection to 'ws://localhost:8765/' failed: Error in connection establishment: net::ERR_CONNECTION_REFUSED @ http://localhost:3000/interfaces/fingers.html:400
[  877635ms] [ERROR] WebSocket connection to 'ws://localhost:8765/' failed: Error in connection establishment: net::ERR_CONNECTION_REFUSED @ http://localhost:3000/interfaces/fingers.html:400
[  884055ms] [ERROR] WebSocket connection to 'ws://localhost:8765/' failed: Error in connection establishment: net::ERR_CONNECTION_REFUSED @ http://localhost:3000/interfaces/fingers.html:400
[  889576ms] [ERROR] WebSocket connection to 'ws://localhost:8765/' failed: Error in connection establishment: net::ERR_CONNECTION_REFUSED @ http://localhost:3000/interfaces/fingers.html:400
[  893043ms] [ERROR] WebSocket connection to 'ws://localhost:8765/' failed: Error in connection establishment: net::ERR_CONNECTION_REFUSED @ http://localhost:3000/interfaces/fingers.html:400
[  899394ms] [ERROR] WebSocket connection to 'ws://localhost:8765/' failed: Error in connection establishment: net::ERR_CONNECTION_REFUSED @ http://localhost:3000/interfaces/fingers.html:400
[  905883ms] [ERROR] WebSocket connection to 'ws://localhost:8765/' failed: Error in connection establishment: net::ERR_CONNECTION_REFUSED @ http://localhost:3000/interfaces/fingers.html:400
[  909292ms] [ERROR] WebSocket connection to 'ws://localhost:8765/' failed: Error in connection establishment: net::ERR_CONNECTION_REFUSED @ http://localhost:3000/interfaces/fingers.html:400
[  914483ms] [ERROR] WebSocket connection to 'ws://localhost:8765/' failed: Error in connection establishment: net::ERR_CONNECTION_REFUSED @ http://localhost:3000/interfaces/fingers.html:400
[  921185ms] [ERROR] WebSocket connection to 'ws://localhost:8765/' failed: Error in connection establishment: net::ERR_CONNECTION_REFUSED @ http://localhost:3000/interfaces/fingers.html:400
[  927002ms] [ERROR] WebSocket connection to 'ws://localhost:8765/' failed: Error in connection establishment: net::ERR_CONNECTION_REFUSED @ http://localhost:3000/interfaces/fingers.html:400
[  933025ms] [ERROR] WebSocket connection to 'ws://localhost:8765/' failed: Error in connection establishment: net::ERR_CONNECTION_REFUSED @ http://localhost:3000/interfaces/fingers.html:400
[  938545ms] [ERROR] WebSocket connection to 'ws://localhost:8765/' failed: Error in connection establishment: net::ERR_CONNECTION_REFUSED @ http://localhost:3000/interfaces/fingers.html:400
[  944017ms] [ERROR] WebSocket connection to 'ws://localhost:8765/' failed: Error in connection establishment: net::ERR_CONNECTION_REFUSED @ http://localhost:3000/interfaces/fingers.html:400
[  950566ms] [ERROR] WebSocket connection to 'ws://localhost:8765/' failed: Error in connection establishment: net::ERR_CONNECTION_REFUSED @ http://localhost:3000/interfaces/fingers.html:400
