[     375ms] [ERROR] WebSocket connection to 'ws://localhost:8765/' failed: Error in connection establishment: net::ERR_CONNECTION_REFUSED @ http://localhost:3000/interfaces/fingers.html?v=2:381
[    2378ms] [ERROR] WebSocket connection to 'ws://localhost:8765/' failed: Error in connection establishment: net::ERR_CONNECTION_REFUSED @ http://localhost:3000/interfaces/fingers.html?v=2:381
[    4381ms] [ERROR] WebSocket connection to 'ws://localhost:8765/' failed: Error in connection establishment: net::ERR_CONNECTION_REFUSED @ http://localhost:3000/interfaces/fingers.html?v=2:381
[    6385ms] [ERROR] WebSocket connection to 'ws://localhost:8765/' failed: Error in connection establishment: net::ERR_CONNECTION_REFUSED @ http://localhost:3000/interfaces/fingers.html?v=2:381
[    8390ms] [ERROR] WebSocket connection to 'ws://localhost:8765/' failed: Error in connection establishment: net::ERR_CONNECTION_REFUSED @ http://localhost:3000/interfaces/fingers.html?v=2:381
[   10395ms] [ERROR] WebSocket connection to 'ws://localhost:8765/' failed: Error in connection establishment: net::ERR_CONNECTION_REFUSED @ http://localhost:3000/interfaces/fingers.html?v=2:381
[   12407ms] [ERROR] WebSocket connection to 'ws://localhost:8765/' failed: Error in connection establishment: net::ERR_CONNECTION_REFUSED @ http://localhost:3000/interfaces/fingers.html?v=2:381
[   14423ms] [ERROR] WebSocket connection to 'ws://localhost:8765/' failed: Error in connection establishment: net::ERR_CONNECTION_REFUSED @ http://localhost:3000/interfaces/fingers.html?v=2:381
[   16439ms] [ERROR] WebSocket connection to 'ws://localhost:8765/' failed: Error in connection establishment: net::ERR_CONNECTION_REFUSED @ http://localhost:3000/interfaces/fingers.html?v=2:381
[   18487ms] [ERROR] WebSocket connection to 'ws://localhost:8765/' failed: Error in connection establishment: net::ERR_CONNECTION_REFUSED @ http://localhost:3000/interfaces/fingers.html?v=2:381
[   20635ms] [ERROR] WebSocket connection to 'ws://localhost:8765/' failed: Error in connection establishment: net::ERR_CONNECTION_REFUSED @ http://localhost:3000/interfaces/fingers.html?v=2:381
[   22888ms] [ERROR] WebSocket connection to 'ws://localhost:8765/' failed: Error in connection establishment: net::ERR_CONNECTION_REFUSED @ http://localhost:3000/interfaces/fingers.html?v=2:381
[   25198ms] [ERROR] WebSocket connection to 'ws://localhost:8765/' failed: Error in connection establishment: net::ERR_CONNECTION_REFUSED @ http://localhost:3000/interfaces/fingers.html?v=2:381
[   27595ms] [ERROR] WebSocket connection to 'ws://localhost:8765/' failed: Error in connection establishment: net::ERR_CONNECTION_REFUSED @ http://localhost:3000/interfaces/fingers.html?v=2:381
[   31960ms] [ERROR] WebSocket connection to 'ws://localhost:8765/' failed: Error in connection establishment: net::ERR_CONNECTION_REFUSED @ http://localhost:3000/interfaces/fingers.html?v=2:381
[   36413ms] [ERROR] WebSocket connection to 'ws://localhost:8765/' failed: Error in connection establishment: net::ERR_CONNECTION_REFUSED @ http://localhost:3000/interfaces/fingers.html?v=2:381
[   42504ms] [ERROR] WebSocket connection to 'ws://localhost:8765/' failed: Error in connection establishment: net::ERR_CONNECTION_REFUSED @ http://localhost:3000/interfaces/fingers.html?v=2:381
[   47408ms] [ERROR] WebSocket connection to 'ws://localhost:8765/' failed: Error in connection establishment: net::ERR_CONNECTION_REFUSED @ http://localhost:3000/interfaces/fingers.html?v=2:381
[   53262ms] [ERROR] WebSocket connection to 'ws://localhost:8765/' failed: Error in connection establishment: net::ERR_CONNECTION_REFUSED @ http://localhost:3000/interfaces/fingers.html?v=2:381
[   59700ms] [ERROR] WebSocket connection to 'ws://localhost:8765/' failed: Error in connection establishment: net::ERR_CONNECTION_REFUSED @ http://localhost:3000/interfaces/fingers.html?v=2:381
[   64024ms] [ERROR] WebSocket connection to 'ws://localhost:8765/' failed: Error in connection establishment: net::ERR_CONNECTION_REFUSED @ http://localhost:3000/interfaces/fingers.html?v=2:381
[   69717ms] [ERROR] WebSocket connection to 'ws://localhost:8765/' failed: Error in connection establishment: net::ERR_CONNECTION_REFUSED @ http://localhost:3000/interfaces/fingers.html?v=2:381
[   75013ms] [LOG] I0521 05:00:18.246000 1922656 gl_context.cc:386] GL version: 3.0 (OpenGL ES 3.0 (WebGL 2.0 (OpenGL ES 3.0 Chromium))), renderer: WebKit WebGL @ https://cdn.jsdelivr.net/npm/@mediapipe/tasks-vision@0.10.21/wasm/vision_wasm_internal.js:9
[   75014ms] [WARNING] W0521 05:00:18.247000 1922656 gl_context.cc:1072] OpenGL error checking is disabled @ https://cdn.jsdelivr.net/npm/@mediapipe/tasks-vision@0.10.21/wasm/vision_wasm_internal.js:9
[   75016ms] [LOG] Graph successfully started running. @ https://cdn.jsdelivr.net/npm/@mediapipe/tasks-vision@0.10.21/wasm/vision_wasm_internal.js:9
[   78286ms] [ERROR] WebSocket connection to 'ws://localhost:8765/' failed: Error in connection establishment: net::ERR_CONNECTION_REFUSED @ http://localhost:3000/interfaces/fingers.html?v=2:381
[   87348ms] [WARNING] W0521 05:00:30.581000 1922656 landmark_projection_calculator.cc:189] Using NORM_RECT without IMAGE_DIMENSIONS is only supported for the square ROI. Provide IMAGE_DIMENSIONS or use PROJECTION_MATRIX. @ https://cdn.jsdelivr.net/npm/@mediapipe/tasks-vision@0.10.21/wasm/vision_wasm_internal.js:9
[   87368ms] [ERROR] WebSocket connection to 'ws://localhost:8765/' failed: Error in connection establishment: net::ERR_CONNECTION_REFUSED @ http://localhost:3000/interfaces/fingers.html?v=2:381
[   91528ms] [ERROR] WebSocket connection to 'ws://localhost:8765/' failed: Error in connection establishment: net::ERR_CONNECTION_REFUSED @ http://localhost:3000/interfaces/fingers.html?v=2:381
[   95156ms] [ERROR] WebSocket connection to 'ws://localhost:8765/' failed: Error in connection establishment: net::ERR_CONNECTION_REFUSED @ http://localhost:3000/interfaces/fingers.html?v=2:381
[  101594ms] [ERROR] WebSocket connection to 'ws://localhost:8765/' failed: Error in connection establishment: net::ERR_CONNECTION_REFUSED @ http://localhost:3000/interfaces/fingers.html?v=2:381
[  105769ms] [ERROR] WebSocket connection to 'ws://localhost:8765/' failed: Error in connection establishment: net::ERR_CONNECTION_REFUSED @ http://localhost:3000/interfaces/fingers.html?v=2:381
[  111650ms] [ERROR] WebSocket connection to 'ws://localhost:8765/' failed: Error in connection establishment: net::ERR_CONNECTION_REFUSED @ http://localhost:3000/interfaces/fingers.html?v=2:381
[  118241ms] [ERROR] WebSocket connection to 'ws://localhost:8765/' failed: Error in connection establishment: net::ERR_CONNECTION_REFUSED @ http://localhost:3000/interfaces/fingers.html?v=2:381
[  123157ms] [ERROR] WebSocket connection to 'ws://localhost:8765/' failed: Error in connection establishment: net::ERR_CONNECTION_REFUSED @ http://localhost:3000/interfaces/fingers.html?v=2:381
[  127695ms] [ERROR] WebSocket connection to 'ws://localhost:8765/' failed: Error in connection establishment: net::ERR_CONNECTION_REFUSED @ http://localhost:3000/interfaces/fingers.html?v=2:381
[  130898ms] [ERROR] WebSocket connection to 'ws://localhost:8765/' failed: Error in connection establishment: net::ERR_CONNECTION_REFUSED @ http://localhost:3000/interfaces/fingers.html?v=2:381
[  134589ms] [ERROR] WebSocket connection to 'ws://localhost:8765/' failed: Error in connection establishment: net::ERR_CONNECTION_REFUSED @ http://localhost:3000/interfaces/fingers.html?v=2:381
[  139498ms] [ERROR] WebSocket connection to 'ws://localhost:8765/' failed: Error in connection establishment: net::ERR_CONNECTION_REFUSED @ http://localhost:3000/interfaces/fingers.html?v=2:381
[  144805ms] [ERROR] WebSocket connection to 'ws://localhost:8765/' failed: Error in connection establishment: net::ERR_CONNECTION_REFUSED @ http://localhost:3000/interfaces/fingers.html?v=2:381
[  149636ms] [ERROR] WebSocket connection to 'ws://localhost:8765/' failed: Error in connection establishment: net::ERR_CONNECTION_REFUSED @ http://localhost:3000/interfaces/fingers.html?v=2:381
[  155825ms] [ERROR] WebSocket connection to 'ws://localhost:8765/' failed: Error in connection establishment: net::ERR_CONNECTION_REFUSED @ http://localhost:3000/interfaces/fingers.html?v=2:381
[  160331ms] [ERROR] WebSocket connection to 'ws://localhost:8765/' failed: Error in connection establishment: net::ERR_CONNECTION_REFUSED @ http://localhost:3000/interfaces/fingers.html?v=2:381
[  165511ms] [ERROR] WebSocket connection to 'ws://localhost:8765/' failed: Error in connection establishment: net::ERR_CONNECTION_REFUSED @ http://localhost:3000/interfaces/fingers.html?v=2:381
[  171887ms] [ERROR] WebSocket connection to 'ws://localhost:8765/' failed: Error in connection establishment: net::ERR_CONNECTION_REFUSED @ http://localhost:3000/interfaces/fingers.html?v=2:381
[  176178ms] [ERROR] WebSocket connection to 'ws://localhost:8765/' failed: Error in connection establishment: net::ERR_CONNECTION_REFUSED @ http://localhost:3000/interfaces/fingers.html?v=2:381
[  180744ms] [ERROR] WebSocket connection to 'ws://localhost:8765/' failed: Error in connection establishment: net::ERR_CONNECTION_REFUSED @ http://localhost:3000/interfaces/fingers.html?v=2:381
[  184173ms] [ERROR] WebSocket connection to 'ws://localhost:8765/' failed: Error in connection establishment: net::ERR_CONNECTION_REFUSED @ http://localhost:3000/interfaces/fingers.html?v=2:381
[  188249ms] [ERROR] WebSocket connection to 'ws://localhost:8765/' failed: Error in connection establishment: net::ERR_CONNECTION_REFUSED @ http://localhost:3000/interfaces/fingers.html?v=2:381
[  193810ms] [ERROR] WebSocket connection to 'ws://localhost:8765/' failed: Error in connection establishment: net::ERR_CONNECTION_REFUSED @ http://localhost:3000/interfaces/fingers.html?v=2:381
[  200362ms] [ERROR] WebSocket connection to 'ws://localhost:8765/' failed: Error in connection establishment: net::ERR_CONNECTION_REFUSED @ http://localhost:3000/interfaces/fingers.html?v=2:381
[  203520ms] [ERROR] WebSocket connection to 'ws://localhost:8765/' failed: Error in connection establishment: net::ERR_CONNECTION_REFUSED @ http://localhost:3000/interfaces/fingers.html?v=2:381
[  209462ms] [ERROR] WebSocket connection to 'ws://localhost:8765/' failed: Error in connection establishment: net::ERR_CONNECTION_REFUSED @ http://localhost:3000/interfaces/fingers.html?v=2:381
[  215223ms] [ERROR] WebSocket connection to 'ws://localhost:8765/' failed: Error in connection establishment: net::ERR_CONNECTION_REFUSED @ http://localhost:3000/interfaces/fingers.html?v=2:381
[  219189ms] [ERROR] WebSocket connection to 'ws://localhost:8765/' failed: Error in connection establishment: net::ERR_CONNECTION_REFUSED @ http://localhost:3000/interfaces/fingers.html?v=2:381
[  223960ms] [ERROR] WebSocket connection to 'ws://localhost:8765/' failed: Error in connection establishment: net::ERR_CONNECTION_REFUSED @ http://localhost:3000/interfaces/fingers.html?v=2:381
[  229013ms] [ERROR] WebSocket connection to 'ws://localhost:8765/' failed: Error in connection establishment: net::ERR_CONNECTION_REFUSED @ http://localhost:3000/interfaces/fingers.html?v=2:381
[  232792ms] [ERROR] WebSocket connection to 'ws://localhost:8765/' failed: Error in connection establishment: net::ERR_CONNECTION_REFUSED @ http://localhost:3000/interfaces/fingers.html?v=2:381
[  236915ms] [ERROR] WebSocket connection to 'ws://localhost:8765/' failed: Error in connection establishment: net::ERR_CONNECTION_REFUSED @ http://localhost:3000/interfaces/fingers.html?v=2:381
[  240863ms] [ERROR] WebSocket connection to 'ws://localhost:8765/' failed: Error in connection establishment: net::ERR_CONNECTION_REFUSED @ http://localhost:3000/interfaces/fingers.html?v=2:381
[  245177ms] [ERROR] WebSocket connection to 'ws://localhost:8765/' failed: Error in connection establishment: net::ERR_CONNECTION_REFUSED @ http://localhost:3000/interfaces/fingers.html?v=2:381
[  248741ms] [ERROR] WebSocket connection to 'ws://localhost:8765/' failed: Error in connection establishment: net::ERR_CONNECTION_REFUSED @ http://localhost:3000/interfaces/fingers.html?v=2:381
[  251851ms] [ERROR] WebSocket connection to 'ws://localhost:8765/' failed: Error in connection establishment: net::ERR_CONNECTION_REFUSED @ http://localhost:3000/interfaces/fingers.html?v=2:381
[  257116ms] [ERROR] WebSocket connection to 'ws://localhost:8765/' failed: Error in connection establishment: net::ERR_CONNECTION_REFUSED @ http://localhost:3000/interfaces/fingers.html?v=2:381
[  263601ms] [ERROR] WebSocket connection to 'ws://localhost:8765/' failed: Error in connection establishment: net::ERR_CONNECTION_REFUSED @ http://localhost:3000/interfaces/fingers.html?v=2:381
[  269903ms] [ERROR] WebSocket connection to 'ws://localhost:8765/' failed: Error in connection establishment: net::ERR_CONNECTION_REFUSED @ http://localhost:3000/interfaces/fingers.html?v=2:381
[  276880ms] [ERROR] WebSocket connection to 'ws://localhost:8765/' failed: Error in connection establishment: net::ERR_CONNECTION_REFUSED @ http://localhost:3000/interfaces/fingers.html?v=2:381
[  281915ms] [ERROR] WebSocket connection to 'ws://localhost:8765/' failed: Error in connection establishment: net::ERR_CONNECTION_REFUSED @ http://localhost:3000/interfaces/fingers.html?v=2:381
[  285882ms] [ERROR] WebSocket connection to 'ws://localhost:8765/' failed: Error in connection establishment: net::ERR_CONNECTION_REFUSED @ http://localhost:3000/interfaces/fingers.html?v=2:381
[  291496ms] [ERROR] WebSocket connection to 'ws://localhost:8765/' failed: Error in connection establishment: net::ERR_CONNECTION_REFUSED @ http://localhost:3000/interfaces/fingers.html?v=2:381
[  295667ms] [ERROR] WebSocket connection to 'ws://localhost:8765/' failed: Error in connection establishment: net::ERR_CONNECTION_REFUSED @ http://localhost:3000/interfaces/fingers.html?v=2:381
[  300841ms] [ERROR] WebSocket connection to 'ws://localhost:8765/' failed: Error in connection establishment: net::ERR_CONNECTION_REFUSED @ http://localhost:3000/interfaces/fingers.html?v=2:381
[  307647ms] [ERROR] WebSocket connection to 'ws://localhost:8765/' failed: Error in connection establishment: net::ERR_CONNECTION_REFUSED @ http://localhost:3000/interfaces/fingers.html?v=2:381
[  313849ms] [ERROR] WebSocket connection to 'ws://localhost:8765/' failed: Error in connection establishment: net::ERR_CONNECTION_REFUSED @ http://localhost:3000/interfaces/fingers.html?v=2:381
[  320165ms] [ERROR] WebSocket connection to 'ws://localhost:8765/' failed: Error in connection establishment: net::ERR_CONNECTION_REFUSED @ http://localhost:3000/interfaces/fingers.html?v=2:381
[  326183ms] [ERROR] WebSocket connection to 'ws://localhost:8765/' failed: Error in connection establishment: net::ERR_CONNECTION_REFUSED @ http://localhost:3000/interfaces/fingers.html?v=2:381
[  331101ms] [ERROR] WebSocket connection to 'ws://localhost:8765/' failed: Error in connection establishment: net::ERR_CONNECTION_REFUSED @ http://localhost:3000/interfaces/fingers.html?v=2:381
[  338181ms] [ERROR] WebSocket connection to 'ws://localhost:8765/' failed: Error in connection establishment: net::ERR_CONNECTION_REFUSED @ http://localhost:3000/interfaces/fingers.html?v=2:381
[  342518ms] [ERROR] WebSocket connection to 'ws://localhost:8765/' failed: Error in connection establishment: net::ERR_CONNECTION_REFUSED @ http://localhost:3000/interfaces/fingers.html?v=2:381
[  347880ms] [ERROR] WebSocket connection to 'ws://localhost:8765/' failed: Error in connection establishment: net::ERR_CONNECTION_REFUSED @ http://localhost:3000/interfaces/fingers.html?v=2:381
[  353382ms] [ERROR] WebSocket connection to 'ws://localhost:8765/' failed: Error in connection establishment: net::ERR_CONNECTION_REFUSED @ http://localhost:3000/interfaces/fingers.html?v=2:381
[  359732ms] [ERROR] WebSocket connection to 'ws://localhost:8765/' failed: Error in connection establishment: net::ERR_CONNECTION_REFUSED @ http://localhost:3000/interfaces/fingers.html?v=2:381
[  361804ms] [ERROR] WebSocket connection to 'ws://localhost:8765/' failed: Error in connection establishment: net::ERR_CONNECTION_REFUSED @ http://localhost:3000/interfaces/fingers.html?v=2:381
[  363878ms] [ERROR] WebSocket connection to 'ws://localhost:8765/' failed: Error in connection establishment: net::ERR_CONNECTION_REFUSED @ http://localhost:3000/interfaces/fingers.html?v=2:381
[  365962ms] [ERROR] WebSocket connection to 'ws://localhost:8765/' failed: Error in connection establishment: net::ERR_CONNECTION_REFUSED @ http://localhost:3000/interfaces/fingers.html?v=2:381
[  368044ms] [ERROR] WebSocket connection to 'ws://localhost:8765/' failed: Error in connection establishment: net::ERR_CONNECTION_REFUSED @ http://localhost:3000/interfaces/fingers.html?v=2:381
[  370111ms] [ERROR] WebSocket connection to 'ws://localhost:8765/' failed: Error in connection establishment: net::ERR_CONNECTION_REFUSED @ http://localhost:3000/interfaces/fingers.html?v=2:381
[  372177ms] [ERROR] WebSocket connection to 'ws://localhost:8765/' failed: Error in connection establishment: net::ERR_CONNECTION_REFUSED @ http://localhost:3000/interfaces/fingers.html?v=2:381
[  374262ms] [ERROR] WebSocket connection to 'ws://localhost:8765/' failed: Error in connection establishment: net::ERR_CONNECTION_REFUSED @ http://localhost:3000/interfaces/fingers.html?v=2:381
[  376348ms] [ERROR] WebSocket connection to 'ws://localhost:8765/' failed: Error in connection establishment: net::ERR_CONNECTION_REFUSED @ http://localhost:3000/interfaces/fingers.html?v=2:381
[  378446ms] [ERROR] WebSocket connection to 'ws://localhost:8765/' failed: Error in connection establishment: net::ERR_CONNECTION_REFUSED @ http://localhost:3000/interfaces/fingers.html?v=2:381
[  380531ms] [ERROR] WebSocket connection to 'ws://localhost:8765/' failed: Error in connection establishment: net::ERR_CONNECTION_REFUSED @ http://localhost:3000/interfaces/fingers.html?v=2:381
[  382744ms] [ERROR] WebSocket connection to 'ws://localhost:8765/' failed: Error in connection establishment: net::ERR_CONNECTION_REFUSED @ http://localhost:3000/interfaces/fingers.html?v=2:381
[  385115ms] [ERROR] WebSocket connection to 'ws://localhost:8765/' failed: Error in connection establishment: net::ERR_CONNECTION_REFUSED @ http://localhost:3000/interfaces/fingers.html?v=2:381
[  387411ms] [ERROR] WebSocket connection to 'ws://localhost:8765/' failed: Error in connection establishment: net::ERR_CONNECTION_REFUSED @ http://localhost:3000/interfaces/fingers.html?v=2:381
[  390716ms] [ERROR] WebSocket connection to 'ws://localhost:8765/' failed: Error in connection establishment: net::ERR_CONNECTION_REFUSED @ http://localhost:3000/interfaces/fingers.html?v=2:381
[  393298ms] [ERROR] WebSocket connection to 'ws://localhost:8765/' failed: Error in connection establishment: net::ERR_CONNECTION_REFUSED @ http://localhost:3000/interfaces/fingers.html?v=2:381
[  397885ms] [ERROR] WebSocket connection to 'ws://localhost:8765/' failed: Error in connection establishment: net::ERR_CONNECTION_REFUSED @ http://localhost:3000/interfaces/fingers.html?v=2:381
[  402102ms] [ERROR] WebSocket connection to 'ws://localhost:8765/' failed: Error in connection establishment: net::ERR_CONNECTION_REFUSED @ http://localhost:3000/interfaces/fingers.html?v=2:381
[  408803ms] [ERROR] WebSocket connection to 'ws://localhost:8765/' failed: Error in connection establishment: net::ERR_CONNECTION_REFUSED @ http://localhost:3000/interfaces/fingers.html?v=2:381
[  413576ms] [ERROR] WebSocket connection to 'ws://localhost:8765/' failed: Error in connection establishment: net::ERR_CONNECTION_REFUSED @ http://localhost:3000/interfaces/fingers.html?v=2:381
[  416809ms] [ERROR] WebSocket connection to 'ws://localhost:8765/' failed: Error in connection establishment: net::ERR_CONNECTION_REFUSED @ http://localhost:3000/interfaces/fingers.html?v=2:381
[  423287ms] [ERROR] WebSocket connection to 'ws://localhost:8765/' failed: Error in connection establishment: net::ERR_CONNECTION_REFUSED @ http://localhost:3000/interfaces/fingers.html?v=2:381
[  429226ms] [ERROR] WebSocket connection to 'ws://localhost:8765/' failed: Error in connection establishment: net::ERR_CONNECTION_REFUSED @ http://localhost:3000/interfaces/fingers.html?v=2:381
[  432374ms] [ERROR] WebSocket connection to 'ws://localhost:8765/' failed: Error in connection establishment: net::ERR_CONNECTION_REFUSED @ http://localhost:3000/interfaces/fingers.html?v=2:381
[  438715ms] [ERROR] WebSocket connection to 'ws://localhost:8765/' failed: Error in connection establishment: net::ERR_CONNECTION_REFUSED @ http://localhost:3000/interfaces/fingers.html?v=2:381
[  445289ms] [ERROR] WebSocket connection to 'ws://localhost:8765/' failed: Error in connection establishment: net::ERR_CONNECTION_REFUSED @ http://localhost:3000/interfaces/fingers.html?v=2:381
[  449809ms] [ERROR] WebSocket connection to 'ws://localhost:8765/' failed: Error in connection establishment: net::ERR_CONNECTION_REFUSED @ http://localhost:3000/interfaces/fingers.html?v=2:381
[  455876ms] [ERROR] WebSocket connection to 'ws://localhost:8765/' failed: Error in connection establishment: net::ERR_CONNECTION_REFUSED @ http://localhost:3000/interfaces/fingers.html?v=2:381
[  459523ms] [ERROR] WebSocket connection to 'ws://localhost:8765/' failed: Error in connection establishment: net::ERR_CONNECTION_REFUSED @ http://localhost:3000/interfaces/fingers.html?v=2:381
[  464855ms] [ERROR] WebSocket connection to 'ws://localhost:8765/' failed: Error in connection establishment: net::ERR_CONNECTION_REFUSED @ http://localhost:3000/interfaces/fingers.html?v=2:381
[  470086ms] [ERROR] WebSocket connection to 'ws://localhost:8765/' failed: Error in connection establishment: net::ERR_CONNECTION_REFUSED @ http://localhost:3000/interfaces/fingers.html?v=2:381
[  476855ms] [ERROR] WebSocket connection to 'ws://localhost:8765/' failed: Error in connection establishment: net::ERR_CONNECTION_REFUSED @ http://localhost:3000/interfaces/fingers.html?v=2:381
[  480749ms] [ERROR] WebSocket connection to 'ws://localhost:8765/' failed: Error in connection establishment: net::ERR_CONNECTION_REFUSED @ http://localhost:3000/interfaces/fingers.html?v=2:381
[  482839ms] [ERROR] WebSocket connection to 'ws://localhost:8765/' failed: Error in connection establishment: net::ERR_CONNECTION_REFUSED @ http://localhost:3000/interfaces/fingers.html?v=2:381
[  484915ms] [ERROR] WebSocket connection to 'ws://localhost:8765/' failed: Error in connection establishment: net::ERR_CONNECTION_REFUSED @ http://localhost:3000/interfaces/fingers.html?v=2:381
[  486989ms] [ERROR] WebSocket connection to 'ws://localhost:8765/' failed: Error in connection establishment: net::ERR_CONNECTION_REFUSED @ http://localhost:3000/interfaces/fingers.html?v=2:381
[  489078ms] [ERROR] WebSocket connection to 'ws://localhost:8765/' failed: Error in connection establishment: net::ERR_CONNECTION_REFUSED @ http://localhost:3000/interfaces/fingers.html?v=2:381
[  491132ms] [ERROR] WebSocket connection to 'ws://localhost:8765/' failed: Error in connection establishment: net::ERR_CONNECTION_REFUSED @ http://localhost:3000/interfaces/fingers.html?v=2:381
[  493223ms] [ERROR] WebSocket connection to 'ws://localhost:8765/' failed: Error in connection establishment: net::ERR_CONNECTION_REFUSED @ http://localhost:3000/interfaces/fingers.html?v=2:381
[  495324ms] [ERROR] WebSocket connection to 'ws://localhost:8765/' failed: Error in connection establishment: net::ERR_CONNECTION_REFUSED @ http://localhost:3000/interfaces/fingers.html?v=2:381
[  497409ms] [ERROR] WebSocket connection to 'ws://localhost:8765/' failed: Error in connection establishment: net::ERR_CONNECTION_REFUSED @ http://localhost:3000/interfaces/fingers.html?v=2:381
[  499498ms] [ERROR] WebSocket connection to 'ws://localhost:8765/' failed: Error in connection establishment: net::ERR_CONNECTION_REFUSED @ http://localhost:3000/interfaces/fingers.html?v=2:381
[  501619ms] [ERROR] WebSocket connection to 'ws://localhost:8765/' failed: Error in connection establishment: net::ERR_CONNECTION_REFUSED @ http://localhost:3000/interfaces/fingers.html?v=2:381
[  503814ms] [ERROR] WebSocket connection to 'ws://localhost:8765/' failed: Error in connection establishment: net::ERR_CONNECTION_REFUSED @ http://localhost:3000/interfaces/fingers.html?v=2:381
[  505980ms] [ERROR] WebSocket connection to 'ws://localhost:8765/' failed: Error in connection establishment: net::ERR_CONNECTION_REFUSED @ http://localhost:3000/interfaces/fingers.html?v=2:381
[  508246ms] [ERROR] WebSocket connection to 'ws://localhost:8765/' failed: Error in connection establishment: net::ERR_CONNECTION_REFUSED @ http://localhost:3000/interfaces/fingers.html?v=2:381
[  510981ms] [ERROR] WebSocket connection to 'ws://localhost:8765/' failed: Error in connection establishment: net::ERR_CONNECTION_REFUSED @ http://localhost:3000/interfaces/fingers.html?v=2:381
[  515231ms] [ERROR] WebSocket connection to 'ws://localhost:8765/' failed: Error in connection establishment: net::ERR_CONNECTION_REFUSED @ http://localhost:3000/interfaces/fingers.html?v=2:381
[  521100ms] [ERROR] WebSocket connection to 'ws://localhost:8765/' failed: Error in connection establishment: net::ERR_CONNECTION_REFUSED @ http://localhost:3000/interfaces/fingers.html?v=2:381
[  527269ms] [ERROR] WebSocket connection to 'ws://localhost:8765/' failed: Error in connection establishment: net::ERR_CONNECTION_REFUSED @ http://localhost:3000/interfaces/fingers.html?v=2:381
[  531557ms] [ERROR] WebSocket connection to 'ws://localhost:8765/' failed: Error in connection establishment: net::ERR_CONNECTION_REFUSED @ http://localhost:3000/interfaces/fingers.html?v=2:381
[  535098ms] [ERROR] WebSocket connection to 'ws://localhost:8765/' failed: Error in connection establishment: net::ERR_CONNECTION_REFUSED @ http://localhost:3000/interfaces/fingers.html?v=2:381
[  538933ms] [ERROR] WebSocket connection to 'ws://localhost:8765/' failed: Error in connection establishment: net::ERR_CONNECTION_REFUSED @ http://localhost:3000/interfaces/fingers.html?v=2:381
[  543508ms] [ERROR] WebSocket connection to 'ws://localhost:8765/' failed: Error in connection establishment: net::ERR_CONNECTION_REFUSED @ http://localhost:3000/interfaces/fingers.html?v=2:381
[  548867ms] [ERROR] WebSocket connection to 'ws://localhost:8765/' failed: Error in connection establishment: net::ERR_CONNECTION_REFUSED @ http://localhost:3000/interfaces/fingers.html?v=2:381
[  554557ms] [ERROR] WebSocket connection to 'ws://localhost:8765/' failed: Error in connection establishment: net::ERR_CONNECTION_REFUSED @ http://localhost:3000/interfaces/fingers.html?v=2:381
[  557971ms] [ERROR] WebSocket connection to 'ws://localhost:8765/' failed: Error in connection establishment: net::ERR_CONNECTION_REFUSED @ http://localhost:3000/interfaces/fingers.html?v=2:381
[  561857ms] [ERROR] WebSocket connection to 'ws://localhost:8765/' failed: Error in connection establishment: net::ERR_CONNECTION_REFUSED @ http://localhost:3000/interfaces/fingers.html?v=2:381
[  566538ms] [ERROR] WebSocket connection to 'ws://localhost:8765/' failed: Error in connection establishment: net::ERR_CONNECTION_REFUSED @ http://localhost:3000/interfaces/fingers.html?v=2:381
[  572207ms] [ERROR] WebSocket connection to 'ws://localhost:8765/' failed: Error in connection establishment: net::ERR_CONNECTION_REFUSED @ http://localhost:3000/interfaces/fingers.html?v=2:381
[  576545ms] [ERROR] WebSocket connection to 'ws://localhost:8765/' failed: Error in connection establishment: net::ERR_CONNECTION_REFUSED @ http://localhost:3000/interfaces/fingers.html?v=2:381
[  583196ms] [ERROR] WebSocket connection to 'ws://localhost:8765/' failed: Error in connection establishment: net::ERR_CONNECTION_REFUSED @ http://localhost:3000/interfaces/fingers.html?v=2:381
[  586655ms] [ERROR] WebSocket connection to 'ws://localhost:8765/' failed: Error in connection establishment: net::ERR_CONNECTION_REFUSED @ http://localhost:3000/interfaces/fingers.html?v=2:381
[  592424ms] [ERROR] WebSocket connection to 'ws://localhost:8765/' failed: Error in connection establishment: net::ERR_CONNECTION_REFUSED @ http://localhost:3000/interfaces/fingers.html?v=2:381
[  598797ms] [ERROR] WebSocket connection to 'ws://localhost:8765/' failed: Error in connection establishment: net::ERR_CONNECTION_REFUSED @ http://localhost:3000/interfaces/fingers.html?v=2:381
[  604035ms] [ERROR] WebSocket connection to 'ws://localhost:8765/' failed: Error in connection establishment: net::ERR_CONNECTION_REFUSED @ http://localhost:3000/interfaces/fingers.html?v=2:381
[  610867ms] [ERROR] WebSocket connection to 'ws://localhost:8765/' failed: Error in connection establishment: net::ERR_CONNECTION_REFUSED @ http://localhost:3000/interfaces/fingers.html?v=2:381
[  617274ms] [ERROR] WebSocket connection to 'ws://localhost:8765/' failed: Error in connection establishment: net::ERR_CONNECTION_REFUSED @ http://localhost:3000/interfaces/fingers.html?v=2:381
[  621865ms] [ERROR] WebSocket connection to 'ws://localhost:8765/' failed: Error in connection establishment: net::ERR_CONNECTION_REFUSED @ http://localhost:3000/interfaces/fingers.html?v=2:381
[  625220ms] [ERROR] WebSocket connection to 'ws://localhost:8765/' failed: Error in connection establishment: net::ERR_CONNECTION_REFUSED @ http://localhost:3000/interfaces/fingers.html?v=2:381
[  632324ms] [ERROR] WebSocket connection to 'ws://localhost:8765/' failed: Error in connection establishment: net::ERR_CONNECTION_REFUSED @ http://localhost:3000/interfaces/fingers.html?v=2:381
[  637372ms] [ERROR] WebSocket connection to 'ws://localhost:8765/' failed: Error in connection establishment: net::ERR_CONNECTION_REFUSED @ http://localhost:3000/interfaces/fingers.html?v=2:381
[  644218ms] [ERROR] WebSocket connection to 'ws://localhost:8765/' failed: Error in connection establishment: net::ERR_CONNECTION_REFUSED @ http://localhost:3000/interfaces/fingers.html?v=2:381
[  649913ms] [ERROR] WebSocket connection to 'ws://localhost:8765/' failed: Error in connection establishment: net::ERR_CONNECTION_REFUSED @ http://localhost:3000/interfaces/fingers.html?v=2:381
[  653252ms] [ERROR] WebSocket connection to 'ws://localhost:8765/' failed: Error in connection establishment: net::ERR_CONNECTION_REFUSED @ http://localhost:3000/interfaces/fingers.html?v=2:381
[  657714ms] [ERROR] WebSocket connection to 'ws://localhost:8765/' failed: Error in connection establishment: net::ERR_CONNECTION_REFUSED @ http://localhost:3000/interfaces/fingers.html?v=2:381
[  662052ms] [ERROR] WebSocket connection to 'ws://localhost:8765/' failed: Error in connection establishment: net::ERR_CONNECTION_REFUSED @ http://localhost:3000/interfaces/fingers.html?v=2:381
[  668193ms] [ERROR] WebSocket connection to 'ws://localhost:8765/' failed: Error in connection establishment: net::ERR_CONNECTION_REFUSED @ http://localhost:3000/interfaces/fingers.html?v=2:381
[  675298ms] [ERROR] WebSocket connection to 'ws://localhost:8765/' failed: Error in connection establishment: net::ERR_CONNECTION_REFUSED @ http://localhost:3000/interfaces/fingers.html?v=2:381
[  679394ms] [ERROR] WebSocket connection to 'ws://localhost:8765/' failed: Error in connection establishment: net::ERR_CONNECTION_REFUSED @ http://localhost:3000/interfaces/fingers.html?v=2:381
[  683695ms] [ERROR] WebSocket connection to 'ws://localhost:8765/' failed: Error in connection establishment: net::ERR_CONNECTION_REFUSED @ http://localhost:3000/interfaces/fingers.html?v=2:381
