[     868ms] [ERROR] WebSocket connection to 'ws://localhost:8765/' failed: Error in connection establishment: net::ERR_CONNECTION_REFUSED @ http://localhost:3000/interfaces/fingers.html:444
[    2571ms] [LOG] I0521 12:04:27.994000 1922656 gl_context.cc:386] GL version: 3.0 (OpenGL ES 3.0 (WebGL 2.0 (OpenGL ES 3.0 Chromium))), renderer: WebKit WebGL @ https://cdn.jsdelivr.net/npm/@mediapipe/tasks-vision@0.10.21/wasm/vision_wasm_internal.js:9
[    2571ms] [WARNING] W0521 12:04:27.994000 1922656 gl_context.cc:1072] OpenGL error checking is disabled @ https://cdn.jsdelivr.net/npm/@mediapipe/tasks-vision@0.10.21/wasm/vision_wasm_internal.js:9
[    2571ms] [LOG] Graph successfully started running. @ https://cdn.jsdelivr.net/npm/@mediapipe/tasks-vision@0.10.21/wasm/vision_wasm_internal.js:9
[    2871ms] [ERROR] WebSocket connection to 'ws://localhost:8765/' failed: Error in connection establishment: net::ERR_CONNECTION_REFUSED @ http://localhost:3000/interfaces/fingers.html:444
[    4357ms] [WARNING] W0521 12:04:29.780000 1922656 landmark_projection_calculator.cc:189] Using NORM_RECT without IMAGE_DIMENSIONS is only supported for the square ROI. Provide IMAGE_DIMENSIONS or use PROJECTION_MATRIX. @ https://cdn.jsdelivr.net/npm/@mediapipe/tasks-vision@0.10.21/wasm/vision_wasm_internal.js:9
[    4939ms] [ERROR] WebSocket connection to 'ws://localhost:8765/' failed: Error in connection establishment: net::ERR_CONNECTION_REFUSED @ http://localhost:3000/interfaces/fingers.html:444
[    7026ms] [ERROR] WebSocket connection to 'ws://localhost:8765/' failed: Error in connection establishment: net::ERR_CONNECTION_REFUSED @ http://localhost:3000/interfaces/fingers.html:444
[    9087ms] [ERROR] WebSocket connection to 'ws://localhost:8765/' failed: Error in connection establishment: net::ERR_CONNECTION_REFUSED @ http://localhost:3000/interfaces/fingers.html:444
[   11142ms] [ERROR] WebSocket connection to 'ws://localhost:8765/' failed: Error in connection establishment: net::ERR_CONNECTION_REFUSED @ http://localhost:3000/interfaces/fingers.html:444
[   13226ms] [ERROR] WebSocket connection to 'ws://localhost:8765/' failed: Error in connection establishment: net::ERR_CONNECTION_REFUSED @ http://localhost:3000/interfaces/fingers.html:444
[   15310ms] [ERROR] WebSocket connection to 'ws://localhost:8765/' failed: Error in connection establishment: net::ERR_CONNECTION_REFUSED @ http://localhost:3000/interfaces/fingers.html:444
[   17390ms] [ERROR] WebSocket connection to 'ws://localhost:8765/' failed: Error in connection establishment: net::ERR_CONNECTION_REFUSED @ http://localhost:3000/interfaces/fingers.html:444
[   19549ms] [ERROR] WebSocket connection to 'ws://localhost:8765/' failed: Error in connection establishment: net::ERR_CONNECTION_REFUSED @ http://localhost:3000/interfaces/fingers.html:444
[   21733ms] [ERROR] WebSocket connection to 'ws://localhost:8765/' failed: Error in connection establishment: net::ERR_CONNECTION_REFUSED @ http://localhost:3000/interfaces/fingers.html:444
[   23949ms] [ERROR] WebSocket connection to 'ws://localhost:8765/' failed: Error in connection establishment: net::ERR_CONNECTION_REFUSED @ http://localhost:3000/interfaces/fingers.html:444
[   26268ms] [ERROR] WebSocket connection to 'ws://localhost:8765/' failed: Error in connection establishment: net::ERR_CONNECTION_REFUSED @ http://localhost:3000/interfaces/fingers.html:444
[   28599ms] [ERROR] WebSocket connection to 'ws://localhost:8765/' failed: Error in connection establishment: net::ERR_CONNECTION_REFUSED @ http://localhost:3000/interfaces/fingers.html:444
[   32114ms] [ERROR] WebSocket connection to 'ws://localhost:8765/' failed: Error in connection establishment: net::ERR_CONNECTION_REFUSED @ http://localhost:3000/interfaces/fingers.html:444
[   36731ms] [ERROR] WebSocket connection to 'ws://localhost:8765/' failed: Error in connection establishment: net::ERR_CONNECTION_REFUSED @ http://localhost:3000/interfaces/fingers.html:444
[   42963ms] [ERROR] WebSocket connection to 'ws://localhost:8765/' failed: Error in connection establishment: net::ERR_CONNECTION_REFUSED @ http://localhost:3000/interfaces/fingers.html:444
[   47207ms] [ERROR] WebSocket connection to 'ws://localhost:8765/' failed: Error in connection establishment: net::ERR_CONNECTION_REFUSED @ http://localhost:3000/interfaces/fingers.html:444
[   52840ms] [ERROR] WebSocket connection to 'ws://localhost:8765/' failed: Error in connection establishment: net::ERR_CONNECTION_REFUSED @ http://localhost:3000/interfaces/fingers.html:444
[   58704ms] [ERROR] WebSocket connection to 'ws://localhost:8765/' failed: Error in connection establishment: net::ERR_CONNECTION_REFUSED @ http://localhost:3000/interfaces/fingers.html:444
[   64919ms] [ERROR] WebSocket connection to 'ws://localhost:8765/' failed: Error in connection establishment: net::ERR_CONNECTION_REFUSED @ http://localhost:3000/interfaces/fingers.html:444
[   68659ms] [ERROR] WebSocket connection to 'ws://localhost:8765/' failed: Error in connection establishment: net::ERR_CONNECTION_REFUSED @ http://localhost:3000/interfaces/fingers.html:444
[   73720ms] [ERROR] WebSocket connection to 'ws://localhost:8765/' failed: Error in connection establishment: net::ERR_CONNECTION_REFUSED @ http://localhost:3000/interfaces/fingers.html:444
[   79857ms] [ERROR] WebSocket connection to 'ws://localhost:8765/' failed: Error in connection establishment: net::ERR_CONNECTION_REFUSED @ http://localhost:3000/interfaces/fingers.html:444
[   83113ms] [ERROR] WebSocket connection to 'ws://localhost:8765/' failed: Error in connection establishment: net::ERR_CONNECTION_REFUSED @ http://localhost:3000/interfaces/fingers.html:444
[   87770ms] [ERROR] WebSocket connection to 'ws://localhost:8765/' failed: Error in connection establishment: net::ERR_CONNECTION_REFUSED @ http://localhost:3000/interfaces/fingers.html:444
[   91514ms] [ERROR] WebSocket connection to 'ws://localhost:8765/' failed: Error in connection establishment: net::ERR_CONNECTION_REFUSED @ http://localhost:3000/interfaces/fingers.html:444
[   96684ms] [ERROR] WebSocket connection to 'ws://localhost:8765/' failed: Error in connection establishment: net::ERR_CONNECTION_REFUSED @ http://localhost:3000/interfaces/fingers.html:444
[  100031ms] [ERROR] WebSocket connection to 'ws://localhost:8765/' failed: Error in connection establishment: net::ERR_CONNECTION_REFUSED @ http://localhost:3000/interfaces/fingers.html:444
[  106678ms] [ERROR] WebSocket connection to 'ws://localhost:8765/' failed: Error in connection establishment: net::ERR_CONNECTION_REFUSED @ http://localhost:3000/interfaces/fingers.html:444
[  112121ms] [ERROR] WebSocket connection to 'ws://localhost:8765/' failed: Error in connection establishment: net::ERR_CONNECTION_REFUSED @ http://localhost:3000/interfaces/fingers.html:444
[  115720ms] [ERROR] WebSocket connection to 'ws://localhost:8765/' failed: Error in connection establishment: net::ERR_CONNECTION_REFUSED @ http://localhost:3000/interfaces/fingers.html:444
[  119980ms] [ERROR] WebSocket connection to 'ws://localhost:8765/' failed: Error in connection establishment: net::ERR_CONNECTION_REFUSED @ http://localhost:3000/interfaces/fingers.html:444
[  123589ms] [ERROR] WebSocket connection to 'ws://localhost:8765/' failed: Error in connection establishment: net::ERR_CONNECTION_REFUSED @ http://localhost:3000/interfaces/fingers.html:444
[  129727ms] [ERROR] WebSocket connection to 'ws://localhost:8765/' failed: Error in connection establishment: net::ERR_CONNECTION_REFUSED @ http://localhost:3000/interfaces/fingers.html:444
[  135064ms] [ERROR] WebSocket connection to 'ws://localhost:8765/' failed: Error in connection establishment: net::ERR_CONNECTION_REFUSED @ http://localhost:3000/interfaces/fingers.html:444
[  142043ms] [ERROR] WebSocket connection to 'ws://localhost:8765/' failed: Error in connection establishment: net::ERR_CONNECTION_REFUSED @ http://localhost:3000/interfaces/fingers.html:444
[  146788ms] [ERROR] WebSocket connection to 'ws://localhost:8765/' failed: Error in connection establishment: net::ERR_CONNECTION_REFUSED @ http://localhost:3000/interfaces/fingers.html:444
[  153241ms] [ERROR] WebSocket connection to 'ws://localhost:8765/' failed: Error in connection establishment: net::ERR_CONNECTION_REFUSED @ http://localhost:3000/interfaces/fingers.html:444
[  159805ms] [ERROR] WebSocket connection to 'ws://localhost:8765/' failed: Error in connection establishment: net::ERR_CONNECTION_REFUSED @ http://localhost:3000/interfaces/fingers.html:444
[  165482ms] [ERROR] WebSocket connection to 'ws://localhost:8765/' failed: Error in connection establishment: net::ERR_CONNECTION_REFUSED @ http://localhost:3000/interfaces/fingers.html:444
[  168640ms] [ERROR] WebSocket connection to 'ws://localhost:8765/' failed: Error in connection establishment: net::ERR_CONNECTION_REFUSED @ http://localhost:3000/interfaces/fingers.html:444
[  173019ms] [ERROR] WebSocket connection to 'ws://localhost:8765/' failed: Error in connection establishment: net::ERR_CONNECTION_REFUSED @ http://localhost:3000/interfaces/fingers.html:444
[  178461ms] [ERROR] WebSocket connection to 'ws://localhost:8765/' failed: Error in connection establishment: net::ERR_CONNECTION_REFUSED @ http://localhost:3000/interfaces/fingers.html:444
[  183609ms] [ERROR] WebSocket connection to 'ws://localhost:8765/' failed: Error in connection establishment: net::ERR_CONNECTION_REFUSED @ http://localhost:3000/interfaces/fingers.html:444
[  187339ms] [ERROR] WebSocket connection to 'ws://localhost:8765/' failed: Error in connection establishment: net::ERR_CONNECTION_REFUSED @ http://localhost:3000/interfaces/fingers.html:444
[  191790ms] [ERROR] WebSocket connection to 'ws://localhost:8765/' failed: Error in connection establishment: net::ERR_CONNECTION_REFUSED @ http://localhost:3000/interfaces/fingers.html:444
[  197130ms] [ERROR] WebSocket connection to 'ws://localhost:8765/' failed: Error in connection establishment: net::ERR_CONNECTION_REFUSED @ http://localhost:3000/interfaces/fingers.html:444
[  203685ms] [ERROR] WebSocket connection to 'ws://localhost:8765/' failed: Error in connection establishment: net::ERR_CONNECTION_REFUSED @ http://localhost:3000/interfaces/fingers.html:444
[  209513ms] [ERROR] WebSocket connection to 'ws://localhost:8765/' failed: Error in connection establishment: net::ERR_CONNECTION_REFUSED @ http://localhost:3000/interfaces/fingers.html:444
[  214430ms] [ERROR] WebSocket connection to 'ws://localhost:8765/' failed: Error in connection establishment: net::ERR_CONNECTION_REFUSED @ http://localhost:3000/interfaces/fingers.html:444
[  216481ms] [ERROR] WebSocket connection to 'ws://localhost:8765/' failed: Error in connection establishment: net::ERR_CONNECTION_REFUSED @ http://localhost:3000/interfaces/fingers.html:444
[  218532ms] [ERROR] WebSocket connection to 'ws://localhost:8765/' failed: Error in connection establishment: net::ERR_CONNECTION_REFUSED @ http://localhost:3000/interfaces/fingers.html:444
[  220588ms] [ERROR] WebSocket connection to 'ws://localhost:8765/' failed: Error in connection establishment: net::ERR_CONNECTION_REFUSED @ http://localhost:3000/interfaces/fingers.html:444
[  222631ms] [ERROR] WebSocket connection to 'ws://localhost:8765/' failed: Error in connection establishment: net::ERR_CONNECTION_REFUSED @ http://localhost:3000/interfaces/fingers.html:444
[  224669ms] [ERROR] WebSocket connection to 'ws://localhost:8765/' failed: Error in connection establishment: net::ERR_CONNECTION_REFUSED @ http://localhost:3000/interfaces/fingers.html:444
[  226720ms] [ERROR] WebSocket connection to 'ws://localhost:8765/' failed: Error in connection establishment: net::ERR_CONNECTION_REFUSED @ http://localhost:3000/interfaces/fingers.html:444
[  228770ms] [ERROR] WebSocket connection to 'ws://localhost:8765/' failed: Error in connection establishment: net::ERR_CONNECTION_REFUSED @ http://localhost:3000/interfaces/fingers.html:444
[  230835ms] [ERROR] WebSocket connection to 'ws://localhost:8765/' failed: Error in connection establishment: net::ERR_CONNECTION_REFUSED @ http://localhost:3000/interfaces/fingers.html:444
[  232908ms] [ERROR] WebSocket connection to 'ws://localhost:8765/' failed: Error in connection establishment: net::ERR_CONNECTION_REFUSED @ http://localhost:3000/interfaces/fingers.html:444
[  234978ms] [ERROR] WebSocket connection to 'ws://localhost:8765/' failed: Error in connection establishment: net::ERR_CONNECTION_REFUSED @ http://localhost:3000/interfaces/fingers.html:444
[  237070ms] [ERROR] WebSocket connection to 'ws://localhost:8765/' failed: Error in connection establishment: net::ERR_CONNECTION_REFUSED @ http://localhost:3000/interfaces/fingers.html:444
[  239175ms] [ERROR] WebSocket connection to 'ws://localhost:8765/' failed: Error in connection establishment: net::ERR_CONNECTION_REFUSED @ http://localhost:3000/interfaces/fingers.html:444
[  241626ms] [ERROR] WebSocket connection to 'ws://localhost:8765/' failed: Error in connection establishment: net::ERR_CONNECTION_REFUSED @ http://localhost:3000/interfaces/fingers.html:444
[  244679ms] [ERROR] WebSocket connection to 'ws://localhost:8765/' failed: Error in connection establishment: net::ERR_CONNECTION_REFUSED @ http://localhost:3000/interfaces/fingers.html:444
[  247414ms] [ERROR] WebSocket connection to 'ws://localhost:8765/' failed: Error in connection establishment: net::ERR_CONNECTION_REFUSED @ http://localhost:3000/interfaces/fingers.html:444
[  253346ms] [ERROR] WebSocket connection to 'ws://localhost:8765/' failed: Error in connection establishment: net::ERR_CONNECTION_REFUSED @ http://localhost:3000/interfaces/fingers.html:444
[  257986ms] [ERROR] WebSocket connection to 'ws://localhost:8765/' failed: Error in connection establishment: net::ERR_CONNECTION_REFUSED @ http://localhost:3000/interfaces/fingers.html:444
[  264065ms] [ERROR] WebSocket connection to 'ws://localhost:8765/' failed: Error in connection establishment: net::ERR_CONNECTION_REFUSED @ http://localhost:3000/interfaces/fingers.html:444
[  268248ms] [ERROR] WebSocket connection to 'ws://localhost:8765/' failed: Error in connection establishment: net::ERR_CONNECTION_REFUSED @ http://localhost:3000/interfaces/fingers.html:444
[  271727ms] [ERROR] WebSocket connection to 'ws://localhost:8765/' failed: Error in connection establishment: net::ERR_CONNECTION_REFUSED @ http://localhost:3000/interfaces/fingers.html:444
[  278520ms] [ERROR] WebSocket connection to 'ws://localhost:8765/' failed: Error in connection establishment: net::ERR_CONNECTION_REFUSED @ http://localhost:3000/interfaces/fingers.html:444
[  282576ms] [ERROR] WebSocket connection to 'ws://localhost:8765/' failed: Error in connection establishment: net::ERR_CONNECTION_REFUSED @ http://localhost:3000/interfaces/fingers.html:444
[  286896ms] [ERROR] WebSocket connection to 'ws://localhost:8765/' failed: Error in connection establishment: net::ERR_CONNECTION_REFUSED @ http://localhost:3000/interfaces/fingers.html:444
[  291619ms] [ERROR] WebSocket connection to 'ws://localhost:8765/' failed: Error in connection establishment: net::ERR_CONNECTION_REFUSED @ http://localhost:3000/interfaces/fingers.html:444
[  297198ms] [ERROR] WebSocket connection to 'ws://localhost:8765/' failed: Error in connection establishment: net::ERR_CONNECTION_REFUSED @ http://localhost:3000/interfaces/fingers.html:444
[  302159ms] [ERROR] WebSocket connection to 'ws://localhost:8765/' failed: Error in connection establishment: net::ERR_CONNECTION_REFUSED @ http://localhost:3000/interfaces/fingers.html:444
[  308925ms] [ERROR] WebSocket connection to 'ws://localhost:8765/' failed: Error in connection establishment: net::ERR_CONNECTION_REFUSED @ http://localhost:3000/interfaces/fingers.html:444
[  314224ms] [ERROR] WebSocket connection to 'ws://localhost:8765/' failed: Error in connection establishment: net::ERR_CONNECTION_REFUSED @ http://localhost:3000/interfaces/fingers.html:444
[  319954ms] [ERROR] WebSocket connection to 'ws://localhost:8765/' failed: Error in connection establishment: net::ERR_CONNECTION_REFUSED @ http://localhost:3000/interfaces/fingers.html:444
[  324971ms] [ERROR] WebSocket connection to 'ws://localhost:8765/' failed: Error in connection establishment: net::ERR_CONNECTION_REFUSED @ http://localhost:3000/interfaces/fingers.html:444
[  331476ms] [ERROR] WebSocket connection to 'ws://localhost:8765/' failed: Error in connection establishment: net::ERR_CONNECTION_REFUSED @ http://localhost:3000/interfaces/fingers.html:444
[  334829ms] [ERROR] WebSocket connection to 'ws://localhost:8765/' failed: Error in connection establishment: net::ERR_CONNECTION_REFUSED @ http://localhost:3000/interfaces/fingers.html:444
[  336859ms] [ERROR] WebSocket connection to 'ws://localhost:8765/' failed: Error in connection establishment: net::ERR_CONNECTION_REFUSED @ http://localhost:3000/interfaces/fingers.html:444
[  338894ms] [ERROR] WebSocket connection to 'ws://localhost:8765/' failed: Error in connection establishment: net::ERR_CONNECTION_REFUSED @ http://localhost:3000/interfaces/fingers.html:444
[  340944ms] [ERROR] WebSocket connection to 'ws://localhost:8765/' failed: Error in connection establishment: net::ERR_CONNECTION_REFUSED @ http://localhost:3000/interfaces/fingers.html:444
[  342984ms] [ERROR] WebSocket connection to 'ws://localhost:8765/' failed: Error in connection establishment: net::ERR_CONNECTION_REFUSED @ http://localhost:3000/interfaces/fingers.html:444
[  345018ms] [ERROR] WebSocket connection to 'ws://localhost:8765/' failed: Error in connection establishment: net::ERR_CONNECTION_REFUSED @ http://localhost:3000/interfaces/fingers.html:444
[  347045ms] [ERROR] WebSocket connection to 'ws://localhost:8765/' failed: Error in connection establishment: net::ERR_CONNECTION_REFUSED @ http://localhost:3000/interfaces/fingers.html:444
[  349095ms] [ERROR] WebSocket connection to 'ws://localhost:8765/' failed: Error in connection establishment: net::ERR_CONNECTION_REFUSED @ http://localhost:3000/interfaces/fingers.html:444
[  351136ms] [ERROR] WebSocket connection to 'ws://localhost:8765/' failed: Error in connection establishment: net::ERR_CONNECTION_REFUSED @ http://localhost:3000/interfaces/fingers.html:444
[  353179ms] [ERROR] WebSocket connection to 'ws://localhost:8765/' failed: Error in connection establishment: net::ERR_CONNECTION_REFUSED @ http://localhost:3000/interfaces/fingers.html:444
[  355275ms] [ERROR] WebSocket connection to 'ws://localhost:8765/' failed: Error in connection establishment: net::ERR_CONNECTION_REFUSED @ http://localhost:3000/interfaces/fingers.html:444
[  357444ms] [ERROR] WebSocket connection to 'ws://localhost:8765/' failed: Error in connection establishment: net::ERR_CONNECTION_REFUSED @ http://localhost:3000/interfaces/fingers.html:444
[  359544ms] [ERROR] WebSocket connection to 'ws://localhost:8765/' failed: Error in connection establishment: net::ERR_CONNECTION_REFUSED @ http://localhost:3000/interfaces/fingers.html:444
[  362205ms] [ERROR] WebSocket connection to 'ws://localhost:8765/' failed: Error in connection establishment: net::ERR_CONNECTION_REFUSED @ http://localhost:3000/interfaces/fingers.html:444
[  365379ms] [ERROR] WebSocket connection to 'ws://localhost:8765/' failed: Error in connection establishment: net::ERR_CONNECTION_REFUSED @ http://localhost:3000/interfaces/fingers.html:444
[  369386ms] [ERROR] WebSocket connection to 'ws://localhost:8765/' failed: Error in connection establishment: net::ERR_CONNECTION_REFUSED @ http://localhost:3000/interfaces/fingers.html:444
[  372764ms] [ERROR] WebSocket connection to 'ws://localhost:8765/' failed: Error in connection establishment: net::ERR_CONNECTION_REFUSED @ http://localhost:3000/interfaces/fingers.html:444
[  379245ms] [ERROR] WebSocket connection to 'ws://localhost:8765/' failed: Error in connection establishment: net::ERR_CONNECTION_REFUSED @ http://localhost:3000/interfaces/fingers.html:444
[  384729ms] [ERROR] WebSocket connection to 'ws://localhost:8765/' failed: Error in connection establishment: net::ERR_CONNECTION_REFUSED @ http://localhost:3000/interfaces/fingers.html:444
[  388624ms] [ERROR] WebSocket connection to 'ws://localhost:8765/' failed: Error in connection establishment: net::ERR_CONNECTION_REFUSED @ http://localhost:3000/interfaces/fingers.html:444
[  393503ms] [ERROR] WebSocket connection to 'ws://localhost:8765/' failed: Error in connection establishment: net::ERR_CONNECTION_REFUSED @ http://localhost:3000/interfaces/fingers.html:444
[  399786ms] [ERROR] WebSocket connection to 'ws://localhost:8765/' failed: Error in connection establishment: net::ERR_CONNECTION_REFUSED @ http://localhost:3000/interfaces/fingers.html:444
[  404757ms] [ERROR] WebSocket connection to 'ws://localhost:8765/' failed: Error in connection establishment: net::ERR_CONNECTION_REFUSED @ http://localhost:3000/interfaces/fingers.html:444
[  409849ms] [ERROR] WebSocket connection to 'ws://localhost:8765/' failed: Error in connection establishment: net::ERR_CONNECTION_REFUSED @ http://localhost:3000/interfaces/fingers.html:444
[  415725ms] [ERROR] WebSocket connection to 'ws://localhost:8765/' failed: Error in connection establishment: net::ERR_CONNECTION_REFUSED @ http://localhost:3000/interfaces/fingers.html:444
[  419205ms] [ERROR] WebSocket connection to 'ws://localhost:8765/' failed: Error in connection establishment: net::ERR_CONNECTION_REFUSED @ http://localhost:3000/interfaces/fingers.html:444
[  422821ms] [ERROR] WebSocket connection to 'ws://localhost:8765/' failed: Error in connection establishment: net::ERR_CONNECTION_REFUSED @ http://localhost:3000/interfaces/fingers.html:444
[  426037ms] [ERROR] WebSocket connection to 'ws://localhost:8765/' failed: Error in connection establishment: net::ERR_CONNECTION_REFUSED @ http://localhost:3000/interfaces/fingers.html:444
[  429402ms] [ERROR] WebSocket connection to 'ws://localhost:8765/' failed: Error in connection establishment: net::ERR_CONNECTION_REFUSED @ http://localhost:3000/interfaces/fingers.html:444
[  436420ms] [ERROR] WebSocket connection to 'ws://localhost:8765/' failed: Error in connection establishment: net::ERR_CONNECTION_REFUSED @ http://localhost:3000/interfaces/fingers.html:444
[  443161ms] [ERROR] WebSocket connection to 'ws://localhost:8765/' failed: Error in connection establishment: net::ERR_CONNECTION_REFUSED @ http://localhost:3000/interfaces/fingers.html:444
[  448838ms] [ERROR] WebSocket connection to 'ws://localhost:8765/' failed: Error in connection establishment: net::ERR_CONNECTION_REFUSED @ http://localhost:3000/interfaces/fingers.html:444
[  452427ms] [ERROR] WebSocket connection to 'ws://localhost:8765/' failed: Error in connection establishment: net::ERR_CONNECTION_REFUSED @ http://localhost:3000/interfaces/fingers.html:444
[  457176ms] [ERROR] WebSocket connection to 'ws://localhost:8765/' failed: Error in connection establishment: net::ERR_CONNECTION_REFUSED @ http://localhost:3000/interfaces/fingers.html:444
[  463240ms] [ERROR] WebSocket connection to 'ws://localhost:8765/' failed: Error in connection establishment: net::ERR_CONNECTION_REFUSED @ http://localhost:3000/interfaces/fingers.html:444
[  468882ms] [ERROR] WebSocket connection to 'ws://localhost:8765/' failed: Error in connection establishment: net::ERR_CONNECTION_REFUSED @ http://localhost:3000/interfaces/fingers.html:444
[  474375ms] [ERROR] WebSocket connection to 'ws://localhost:8765/' failed: Error in connection establishment: net::ERR_CONNECTION_REFUSED @ http://localhost:3000/interfaces/fingers.html:444
[  481070ms] [ERROR] WebSocket connection to 'ws://localhost:8765/' failed: Error in connection establishment: net::ERR_CONNECTION_REFUSED @ http://localhost:3000/interfaces/fingers.html:444
[  487630ms] [ERROR] WebSocket connection to 'ws://localhost:8765/' failed: Error in connection establishment: net::ERR_CONNECTION_REFUSED @ http://localhost:3000/interfaces/fingers.html:444
[  491816ms] [ERROR] WebSocket connection to 'ws://localhost:8765/' failed: Error in connection establishment: net::ERR_CONNECTION_REFUSED @ http://localhost:3000/interfaces/fingers.html:444
[  494909ms] [ERROR] WebSocket connection to 'ws://localhost:8765/' failed: Error in connection establishment: net::ERR_CONNECTION_REFUSED @ http://localhost:3000/interfaces/fingers.html:444
[  499567ms] [ERROR] WebSocket connection to 'ws://localhost:8765/' failed: Error in connection establishment: net::ERR_CONNECTION_REFUSED @ http://localhost:3000/interfaces/fingers.html:444
[  503997ms] [ERROR] WebSocket connection to 'ws://localhost:8765/' failed: Error in connection establishment: net::ERR_CONNECTION_REFUSED @ http://localhost:3000/interfaces/fingers.html:444
[  510023ms] [ERROR] WebSocket connection to 'ws://localhost:8765/' failed: Error in connection establishment: net::ERR_CONNECTION_REFUSED @ http://localhost:3000/interfaces/fingers.html:444
[  515070ms] [ERROR] WebSocket connection to 'ws://localhost:8765/' failed: Error in connection establishment: net::ERR_CONNECTION_REFUSED @ http://localhost:3000/interfaces/fingers.html:444
[  515559ms] [ERROR] Failed to load resource: the server responded with a status of 404 (File not found) @ http://localhost:3000/favicon.ico:0
[  517040ms] [LOG] I0521 12:13:02.463000 1922656 gl_context.cc:386] GL version: 3.0 (OpenGL ES 3.0 (WebGL 2.0 (OpenGL ES 3.0 Chromium))), renderer: WebKit WebGL @ https://cdn.jsdelivr.net/npm/@mediapipe/tasks-vision@0.10.21/wasm/vision_wasm_internal.js:9
[  517040ms] [WARNING] W0521 12:13:02.464000 1922656 gl_context.cc:1072] OpenGL error checking is disabled @ https://cdn.jsdelivr.net/npm/@mediapipe/tasks-vision@0.10.21/wasm/vision_wasm_internal.js:9
[  517041ms] [LOG] Graph successfully started running. @ https://cdn.jsdelivr.net/npm/@mediapipe/tasks-vision@0.10.21/wasm/vision_wasm_internal.js:9
[  517736ms] [ERROR] WebSocket connection to 'ws://localhost:8765/' failed: Error in connection establishment: net::ERR_CONNECTION_REFUSED @ http://localhost:3000/interfaces/fingers.html:444
[  518817ms] [WARNING] W0521 12:13:04.241000 1922656 landmark_projection_calculator.cc:189] Using NORM_RECT without IMAGE_DIMENSIONS is only supported for the square ROI. Provide IMAGE_DIMENSIONS or use PROJECTION_MATRIX. @ https://cdn.jsdelivr.net/npm/@mediapipe/tasks-vision@0.10.21/wasm/vision_wasm_internal.js:9
[  522954ms] [ERROR] WebSocket connection to 'ws://localhost:8765/' failed: Error in connection establishment: net::ERR_CONNECTION_REFUSED @ http://localhost:3000/interfaces/fingers.html:444
[  526832ms] [ERROR] WebSocket connection to 'ws://localhost:8765/' failed: Error in connection establishment: net::ERR_CONNECTION_REFUSED @ http://localhost:3000/interfaces/fingers.html:444
[  530534ms] [ERROR] WebSocket connection to 'ws://localhost:8765/' failed: Error in connection establishment: net::ERR_CONNECTION_REFUSED @ http://localhost:3000/interfaces/fingers.html:444
[  536387ms] [ERROR] WebSocket connection to 'ws://localhost:8765/' failed: Error in connection establishment: net::ERR_CONNECTION_REFUSED @ http://localhost:3000/interfaces/fingers.html:444
[  540198ms] [ERROR] WebSocket connection to 'ws://localhost:8765/' failed: Error in connection establishment: net::ERR_CONNECTION_REFUSED @ http://localhost:3000/interfaces/fingers.html:444
[  547004ms] [ERROR] WebSocket connection to 'ws://localhost:8765/' failed: Error in connection establishment: net::ERR_CONNECTION_REFUSED @ http://localhost:3000/interfaces/fingers.html:444
[  550133ms] [ERROR] WebSocket connection to 'ws://localhost:8765/' failed: Error in connection establishment: net::ERR_CONNECTION_REFUSED @ http://localhost:3000/interfaces/fingers.html:444
[  556030ms] [ERROR] WebSocket connection to 'ws://localhost:8765/' failed: Error in connection establishment: net::ERR_CONNECTION_REFUSED @ http://localhost:3000/interfaces/fingers.html:444
[  561250ms] [ERROR] WebSocket connection to 'ws://localhost:8765/' failed: Error in connection establishment: net::ERR_CONNECTION_REFUSED @ http://localhost:3000/interfaces/fingers.html:444
[  566805ms] [ERROR] WebSocket connection to 'ws://localhost:8765/' failed: Error in connection establishment: net::ERR_CONNECTION_REFUSED @ http://localhost:3000/interfaces/fingers.html:444
[  571750ms] [ERROR] WebSocket connection to 'ws://localhost:8765/' failed: Error in connection establishment: net::ERR_CONNECTION_REFUSED @ http://localhost:3000/interfaces/fingers.html:444
[  578555ms] [ERROR] WebSocket connection to 'ws://localhost:8765/' failed: Error in connection establishment: net::ERR_CONNECTION_REFUSED @ http://localhost:3000/interfaces/fingers.html:444
[  584644ms] [ERROR] WebSocket connection to 'ws://localhost:8765/' failed: Error in connection establishment: net::ERR_CONNECTION_REFUSED @ http://localhost:3000/interfaces/fingers.html:444
[  590834ms] [ERROR] WebSocket connection to 'ws://localhost:8765/' failed: Error in connection establishment: net::ERR_CONNECTION_REFUSED @ http://localhost:3000/interfaces/fingers.html:444
[  596860ms] [ERROR] WebSocket connection to 'ws://localhost:8765/' failed: Error in connection establishment: net::ERR_CONNECTION_REFUSED @ http://localhost:3000/interfaces/fingers.html:444
[  602602ms] [ERROR] WebSocket connection to 'ws://localhost:8765/' failed: Error in connection establishment: net::ERR_CONNECTION_REFUSED @ http://localhost:3000/interfaces/fingers.html:444
[  606544ms] [ERROR] WebSocket connection to 'ws://localhost:8765/' failed: Error in connection establishment: net::ERR_CONNECTION_REFUSED @ http://localhost:3000/interfaces/fingers.html:444
[  611516ms] [ERROR] WebSocket connection to 'ws://localhost:8765/' failed: Error in connection establishment: net::ERR_CONNECTION_REFUSED @ http://localhost:3000/interfaces/fingers.html:444
[  618367ms] [ERROR] WebSocket connection to 'ws://localhost:8765/' failed: Error in connection establishment: net::ERR_CONNECTION_REFUSED @ http://localhost:3000/interfaces/fingers.html:444
[  624054ms] [ERROR] WebSocket connection to 'ws://localhost:8765/' failed: Error in connection establishment: net::ERR_CONNECTION_REFUSED @ http://localhost:3000/interfaces/fingers.html:444
[  627391ms] [ERROR] WebSocket connection to 'ws://localhost:8765/' failed: Error in connection establishment: net::ERR_CONNECTION_REFUSED @ http://localhost:3000/interfaces/fingers.html:444
[  634141ms] [ERROR] WebSocket connection to 'ws://localhost:8765/' failed: Error in connection establishment: net::ERR_CONNECTION_REFUSED @ http://localhost:3000/interfaces/fingers.html:444
[  639619ms] [ERROR] WebSocket connection to 'ws://localhost:8765/' failed: Error in connection establishment: net::ERR_CONNECTION_REFUSED @ http://localhost:3000/interfaces/fingers.html:444
[  646181ms] [ERROR] WebSocket connection to 'ws://localhost:8765/' failed: Error in connection establishment: net::ERR_CONNECTION_REFUSED @ http://localhost:3000/interfaces/fingers.html:444
[  649769ms] [ERROR] WebSocket connection to 'ws://localhost:8765/' failed: Error in connection establishment: net::ERR_CONNECTION_REFUSED @ http://localhost:3000/interfaces/fingers.html:444
[  656633ms] [ERROR] WebSocket connection to 'ws://localhost:8765/' failed: Error in connection establishment: net::ERR_CONNECTION_REFUSED @ http://localhost:3000/interfaces/fingers.html:444
[  663114ms] [ERROR] WebSocket connection to 'ws://localhost:8765/' failed: Error in connection establishment: net::ERR_CONNECTION_REFUSED @ http://localhost:3000/interfaces/fingers.html:444
[  669514ms] [ERROR] WebSocket connection to 'ws://localhost:8765/' failed: Error in connection establishment: net::ERR_CONNECTION_REFUSED @ http://localhost:3000/interfaces/fingers.html:444
[  673175ms] [ERROR] WebSocket connection to 'ws://localhost:8765/' failed: Error in connection establishment: net::ERR_CONNECTION_REFUSED @ http://localhost:3000/interfaces/fingers.html:444
[  677708ms] [ERROR] WebSocket connection to 'ws://localhost:8765/' failed: Error in connection establishment: net::ERR_CONNECTION_REFUSED @ http://localhost:3000/interfaces/fingers.html:444
[  683279ms] [ERROR] WebSocket connection to 'ws://localhost:8765/' failed: Error in connection establishment: net::ERR_CONNECTION_REFUSED @ http://localhost:3000/interfaces/fingers.html:444
[  688498ms] [ERROR] WebSocket connection to 'ws://localhost:8765/' failed: Error in connection establishment: net::ERR_CONNECTION_REFUSED @ http://localhost:3000/interfaces/fingers.html:444
[  692264ms] [ERROR] WebSocket connection to 'ws://localhost:8765/' failed: Error in connection establishment: net::ERR_CONNECTION_REFUSED @ http://localhost:3000/interfaces/fingers.html:444
[  696342ms] [ERROR] WebSocket connection to 'ws://localhost:8765/' failed: Error in connection establishment: net::ERR_CONNECTION_REFUSED @ http://localhost:3000/interfaces/fingers.html:444
[  698376ms] [ERROR] WebSocket connection to 'ws://localhost:8765/' failed: Error in connection establishment: net::ERR_CONNECTION_REFUSED @ http://localhost:3000/interfaces/fingers.html:444
[  700412ms] [ERROR] WebSocket connection to 'ws://localhost:8765/' failed: Error in connection establishment: net::ERR_CONNECTION_REFUSED @ http://localhost:3000/interfaces/fingers.html:444
[  702443ms] [ERROR] WebSocket connection to 'ws://localhost:8765/' failed: Error in connection establishment: net::ERR_CONNECTION_REFUSED @ http://localhost:3000/interfaces/fingers.html:444
[  704473ms] [ERROR] WebSocket connection to 'ws://localhost:8765/' failed: Error in connection establishment: net::ERR_CONNECTION_REFUSED @ http://localhost:3000/interfaces/fingers.html:444
[  706512ms] [ERROR] WebSocket connection to 'ws://localhost:8765/' failed: Error in connection establishment: net::ERR_CONNECTION_REFUSED @ http://localhost:3000/interfaces/fingers.html:444
[  708554ms] [ERROR] WebSocket connection to 'ws://localhost:8765/' failed: Error in connection establishment: net::ERR_CONNECTION_REFUSED @ http://localhost:3000/interfaces/fingers.html:444
[  710593ms] [ERROR] WebSocket connection to 'ws://localhost:8765/' failed: Error in connection establishment: net::ERR_CONNECTION_REFUSED @ http://localhost:3000/interfaces/fingers.html:444
[  712640ms] [ERROR] WebSocket connection to 'ws://localhost:8765/' failed: Error in connection establishment: net::ERR_CONNECTION_REFUSED @ http://localhost:3000/interfaces/fingers.html:444
[  714694ms] [ERROR] WebSocket connection to 'ws://localhost:8765/' failed: Error in connection establishment: net::ERR_CONNECTION_REFUSED @ http://localhost:3000/interfaces/fingers.html:444
[  716761ms] [ERROR] WebSocket connection to 'ws://localhost:8765/' failed: Error in connection establishment: net::ERR_CONNECTION_REFUSED @ http://localhost:3000/interfaces/fingers.html:444
[  718948ms] [ERROR] WebSocket connection to 'ws://localhost:8765/' failed: Error in connection establishment: net::ERR_CONNECTION_REFUSED @ http://localhost:3000/interfaces/fingers.html:444
[  721106ms] [ERROR] WebSocket connection to 'ws://localhost:8765/' failed: Error in connection establishment: net::ERR_CONNECTION_REFUSED @ http://localhost:3000/interfaces/fingers.html:444
[  723514ms] [ERROR] WebSocket connection to 'ws://localhost:8765/' failed: Error in connection establishment: net::ERR_CONNECTION_REFUSED @ http://localhost:3000/interfaces/fingers.html:444
[  726159ms] [ERROR] WebSocket connection to 'ws://localhost:8765/' failed: Error in connection establishment: net::ERR_CONNECTION_REFUSED @ http://localhost:3000/interfaces/fingers.html:444
[  730107ms] [ERROR] WebSocket connection to 'ws://localhost:8765/' failed: Error in connection establishment: net::ERR_CONNECTION_REFUSED @ http://localhost:3000/interfaces/fingers.html:444
[  736178ms] [ERROR] WebSocket connection to 'ws://localhost:8765/' failed: Error in connection establishment: net::ERR_CONNECTION_REFUSED @ http://localhost:3000/interfaces/fingers.html:444
[  740125ms] [ERROR] WebSocket connection to 'ws://localhost:8765/' failed: Error in connection establishment: net::ERR_CONNECTION_REFUSED @ http://localhost:3000/interfaces/fingers.html:444
[  743766ms] [ERROR] WebSocket connection to 'ws://localhost:8765/' failed: Error in connection establishment: net::ERR_CONNECTION_REFUSED @ http://localhost:3000/interfaces/fingers.html:444
[  747365ms] [ERROR] WebSocket connection to 'ws://localhost:8765/' failed: Error in connection establishment: net::ERR_CONNECTION_REFUSED @ http://localhost:3000/interfaces/fingers.html:444
[  753699ms] [ERROR] WebSocket connection to 'ws://localhost:8765/' failed: Error in connection establishment: net::ERR_CONNECTION_REFUSED @ http://localhost:3000/interfaces/fingers.html:444
[  760222ms] [ERROR] Failed to load resource: the server responded with a status of 404 (File not found) @ http://localhost:3000/favicon.ico:0
[  761474ms] [LOG] I0521 12:17:06.898000 1922656 gl_context.cc:386] GL version: 3.0 (OpenGL ES 3.0 (WebGL 2.0 (OpenGL ES 3.0 Chromium))), renderer: WebKit WebGL @ https://cdn.jsdelivr.net/npm/@mediapipe/tasks-vision@0.10.21/wasm/vision_wasm_internal.js:9
[  761475ms] [WARNING] W0521 12:17:06.898000 1922656 gl_context.cc:1072] OpenGL error checking is disabled @ https://cdn.jsdelivr.net/npm/@mediapipe/tasks-vision@0.10.21/wasm/vision_wasm_internal.js:9
[  761475ms] [LOG] Graph successfully started running. @ https://cdn.jsdelivr.net/npm/@mediapipe/tasks-vision@0.10.21/wasm/vision_wasm_internal.js:9
[  762200ms] [WARNING] W0521 12:17:07.623000 1922656 landmark_projection_calculator.cc:189] Using NORM_RECT without IMAGE_DIMENSIONS is only supported for the square ROI. Provide IMAGE_DIMENSIONS or use PROJECTION_MATRIX. @ https://cdn.jsdelivr.net/npm/@mediapipe/tasks-vision@0.10.21/wasm/vision_wasm_internal.js:9
[  762865ms] [ERROR] WebSocket connection to 'ws://localhost:8765/' failed: Error in connection establishment: net::ERR_CONNECTION_REFUSED @ http://localhost:3000/interfaces/fingers.html:444
[  769639ms] [ERROR] WebSocket connection to 'ws://localhost:8765/' failed: Error in connection establishment: net::ERR_CONNECTION_REFUSED @ http://localhost:3000/interfaces/fingers.html:444
[  773338ms] [ERROR] WebSocket connection to 'ws://localhost:8765/' failed: Error in connection establishment: net::ERR_CONNECTION_REFUSED @ http://localhost:3000/interfaces/fingers.html:444
[  779983ms] [ERROR] WebSocket connection to 'ws://localhost:8765/' failed: Error in connection establishment: net::ERR_CONNECTION_REFUSED @ http://localhost:3000/interfaces/fingers.html:444
[  784968ms] [ERROR] WebSocket connection to 'ws://localhost:8765/' failed: Error in connection establishment: net::ERR_CONNECTION_REFUSED @ http://localhost:3000/interfaces/fingers.html:444
[  791405ms] [ERROR] WebSocket connection to 'ws://localhost:8765/' failed: Error in connection establishment: net::ERR_CONNECTION_REFUSED @ http://localhost:3000/interfaces/fingers.html:444
[  797699ms] [ERROR] WebSocket connection to 'ws://localhost:8765/' failed: Error in connection establishment: net::ERR_CONNECTION_REFUSED @ http://localhost:3000/interfaces/fingers.html:444
[  802417ms] [ERROR] WebSocket connection to 'ws://localhost:8765/' failed: Error in connection establishment: net::ERR_CONNECTION_REFUSED @ http://localhost:3000/interfaces/fingers.html:444
[  807583ms] [ERROR] WebSocket connection to 'ws://localhost:8765/' failed: Error in connection establishment: net::ERR_CONNECTION_REFUSED @ http://localhost:3000/interfaces/fingers.html:444
[  814230ms] [ERROR] WebSocket connection to 'ws://localhost:8765/' failed: Error in connection establishment: net::ERR_CONNECTION_REFUSED @ http://localhost:3000/interfaces/fingers.html:444
[  817872ms] [ERROR] WebSocket connection to 'ws://localhost:8765/' failed: Error in connection establishment: net::ERR_CONNECTION_REFUSED @ http://localhost:3000/interfaces/fingers.html:444
[  819938ms] [ERROR] WebSocket connection to 'ws://localhost:8765/' failed: Error in connection establishment: net::ERR_CONNECTION_REFUSED @ http://localhost:3000/interfaces/fingers.html:444
[  822020ms] [ERROR] WebSocket connection to 'ws://localhost:8765/' failed: Error in connection establishment: net::ERR_CONNECTION_REFUSED @ http://localhost:3000/interfaces/fingers.html:444
[  824102ms] [ERROR] WebSocket connection to 'ws://localhost:8765/' failed: Error in connection establishment: net::ERR_CONNECTION_REFUSED @ http://localhost:3000/interfaces/fingers.html:444
[  826176ms] [ERROR] WebSocket connection to 'ws://localhost:8765/' failed: Error in connection establishment: net::ERR_CONNECTION_REFUSED @ http://localhost:3000/interfaces/fingers.html:444
[  828270ms] [ERROR] WebSocket connection to 'ws://localhost:8765/' failed: Error in connection establishment: net::ERR_CONNECTION_REFUSED @ http://localhost:3000/interfaces/fingers.html:444
[  830327ms] [ERROR] WebSocket connection to 'ws://localhost:8765/' failed: Error in connection establishment: net::ERR_CONNECTION_REFUSED @ http://localhost:3000/interfaces/fingers.html:444
[  832410ms] [ERROR] WebSocket connection to 'ws://localhost:8765/' failed: Error in connection establishment: net::ERR_CONNECTION_REFUSED @ http://localhost:3000/interfaces/fingers.html:444
[  834496ms] [ERROR] WebSocket connection to 'ws://localhost:8765/' failed: Error in connection establishment: net::ERR_CONNECTION_REFUSED @ http://localhost:3000/interfaces/fingers.html:444
[  836562ms] [ERROR] WebSocket connection to 'ws://localhost:8765/' failed: Error in connection establishment: net::ERR_CONNECTION_REFUSED @ http://localhost:3000/interfaces/fingers.html:444
[  838621ms] [ERROR] WebSocket connection to 'ws://localhost:8765/' failed: Error in connection establishment: net::ERR_CONNECTION_REFUSED @ http://localhost:3000/interfaces/fingers.html:444
[  840745ms] [ERROR] WebSocket connection to 'ws://localhost:8765/' failed: Error in connection establishment: net::ERR_CONNECTION_REFUSED @ http://localhost:3000/interfaces/fingers.html:444
[  843063ms] [ERROR] WebSocket connection to 'ws://localhost:8765/' failed: Error in connection establishment: net::ERR_CONNECTION_REFUSED @ http://localhost:3000/interfaces/fingers.html:444
[  845400ms] [ERROR] WebSocket connection to 'ws://localhost:8765/' failed: Error in connection establishment: net::ERR_CONNECTION_REFUSED @ http://localhost:3000/interfaces/fingers.html:444
[  848161ms] [ERROR] WebSocket connection to 'ws://localhost:8765/' failed: Error in connection establishment: net::ERR_CONNECTION_REFUSED @ http://localhost:3000/interfaces/fingers.html:444
[  851696ms] [ERROR] WebSocket connection to 'ws://localhost:8765/' failed: Error in connection establishment: net::ERR_CONNECTION_REFUSED @ http://localhost:3000/interfaces/fingers.html:444
[  858550ms] [ERROR] WebSocket connection to 'ws://localhost:8765/' failed: Error in connection establishment: net::ERR_CONNECTION_REFUSED @ http://localhost:3000/interfaces/fingers.html:444
[  861985ms] [ERROR] WebSocket connection to 'ws://localhost:8765/' failed: Error in connection establishment: net::ERR_CONNECTION_REFUSED @ http://localhost:3000/interfaces/fingers.html:444
[  868955ms] [ERROR] WebSocket connection to 'ws://localhost:8765/' failed: Error in connection establishment: net::ERR_CONNECTION_REFUSED @ http://localhost:3000/interfaces/fingers.html:444
[  872386ms] [ERROR] WebSocket connection to 'ws://localhost:8765/' failed: Error in connection establishment: net::ERR_CONNECTION_REFUSED @ http://localhost:3000/interfaces/fingers.html:444
[  876732ms] [ERROR] WebSocket connection to 'ws://localhost:8765/' failed: Error in connection establishment: net::ERR_CONNECTION_REFUSED @ http://localhost:3000/interfaces/fingers.html:444
[  879938ms] [ERROR] WebSocket connection to 'ws://localhost:8765/' failed: Error in connection establishment: net::ERR_CONNECTION_REFUSED @ http://localhost:3000/interfaces/fingers.html:444
[  885996ms] [ERROR] WebSocket connection to 'ws://localhost:8765/' failed: Error in connection establishment: net::ERR_CONNECTION_REFUSED @ http://localhost:3000/interfaces/fingers.html:444
[  892924ms] [ERROR] WebSocket connection to 'ws://localhost:8765/' failed: Error in connection establishment: net::ERR_CONNECTION_REFUSED @ http://localhost:3000/interfaces/fingers.html:444
[  898147ms] [ERROR] WebSocket connection to 'ws://localhost:8765/' failed: Error in connection establishment: net::ERR_CONNECTION_REFUSED @ http://localhost:3000/interfaces/fingers.html:444
[  901550ms] [ERROR] WebSocket connection to 'ws://localhost:8765/' failed: Error in connection establishment: net::ERR_CONNECTION_REFUSED @ http://localhost:3000/interfaces/fingers.html:444
[  906323ms] [ERROR] WebSocket connection to 'ws://localhost:8765/' failed: Error in connection establishment: net::ERR_CONNECTION_REFUSED @ http://localhost:3000/interfaces/fingers.html:444
[  913265ms] [ERROR] WebSocket connection to 'ws://localhost:8765/' failed: Error in connection establishment: net::ERR_CONNECTION_REFUSED @ http://localhost:3000/interfaces/fingers.html:444
