[    2019ms] [ERROR] Failed to load resource: the server responded with a status of 404 () @ https://marionettes.netlify.app/favicon.ico:0
[    3011ms] [ERROR] WebSocket connection to 'ws://localhost:8765/' failed: Error in connection establishment: net::ERR_CONNECTION_REFUSED @ https://marionettes.netlify.app/interfaces/fingers:478
[    4651ms] [LOG] I0522 03:36:14.198000 1922656 gl_context.cc:386] GL version: 3.0 (OpenGL ES 3.0 (WebGL 2.0 (OpenGL ES 3.0 Chromium))), renderer: WebKit WebGL @ https://cdn.jsdelivr.net/npm/@mediapipe/tasks-vision@0.10.21/wasm/vision_wasm_internal.js:9
[    4651ms] [WARNING] W0522 03:36:14.200000 1922656 gl_context.cc:1072] OpenGL error checking is disabled @ https://cdn.jsdelivr.net/npm/@mediapipe/tasks-vision@0.10.21/wasm/vision_wasm_internal.js:9
[    4654ms] [LOG] Graph successfully started running. @ https://cdn.jsdelivr.net/npm/@mediapipe/tasks-vision@0.10.21/wasm/vision_wasm_internal.js:9
[    5015ms] [ERROR] WebSocket connection to 'ws://localhost:8765/' failed: Error in connection establishment: net::ERR_CONNECTION_REFUSED @ https://marionettes.netlify.app/interfaces/fingers:478
[    7018ms] [ERROR] WebSocket connection to 'ws://localhost:8765/' failed: Error in connection establishment: net::ERR_CONNECTION_REFUSED @ https://marionettes.netlify.app/interfaces/fingers:478
[    8940ms] [ERROR] TypeError: Cannot read properties of null (reading 'style')
    at startCamera (https://marionettes.netlify.app/interfaces/fingers:523:34)
    at async HTMLButtonElement.<anonymous> (https://marionettes.netlify.app/interfaces/fingers:739:5) @ https://marionettes.netlify.app/interfaces/fingers:743
[    9020ms] [ERROR] WebSocket connection to 'ws://localhost:8765/' failed: Error in connection establishment: net::ERR_CONNECTION_REFUSED @ https://marionettes.netlify.app/interfaces/fingers:478
[   11023ms] [ERROR] WebSocket connection to 'ws://localhost:8765/' failed: Error in connection establishment: net::ERR_CONNECTION_REFUSED @ https://marionettes.netlify.app/interfaces/fingers:478
[   13027ms] [ERROR] WebSocket connection to 'ws://localhost:8765/' failed: Error in connection establishment: net::ERR_CONNECTION_REFUSED @ https://marionettes.netlify.app/interfaces/fingers:478
[   15071ms] [ERROR] WebSocket connection to 'ws://localhost:8765/' failed: Error in connection establishment: net::ERR_CONNECTION_REFUSED @ https://marionettes.netlify.app/interfaces/fingers:478
[   17089ms] [ERROR] WebSocket connection to 'ws://localhost:8765/' failed: Error in connection establishment: net::ERR_CONNECTION_REFUSED @ https://marionettes.netlify.app/interfaces/fingers:478
[   19107ms] [ERROR] WebSocket connection to 'ws://localhost:8765/' failed: Error in connection establishment: net::ERR_CONNECTION_REFUSED @ https://marionettes.netlify.app/interfaces/fingers:478
[   21190ms] [ERROR] WebSocket connection to 'ws://localhost:8765/' failed: Error in connection establishment: net::ERR_CONNECTION_REFUSED @ https://marionettes.netlify.app/interfaces/fingers:478
[   23324ms] [ERROR] WebSocket connection to 'ws://localhost:8765/' failed: Error in connection establishment: net::ERR_CONNECTION_REFUSED @ https://marionettes.netlify.app/interfaces/fingers:478
[   25495ms] [ERROR] WebSocket connection to 'ws://localhost:8765/' failed: Error in connection establishment: net::ERR_CONNECTION_REFUSED @ https://marionettes.netlify.app/interfaces/fingers:478
[   27842ms] [ERROR] WebSocket connection to 'ws://localhost:8765/' failed: Error in connection establishment: net::ERR_CONNECTION_REFUSED @ https://marionettes.netlify.app/interfaces/fingers:478
[   30940ms] [ERROR] WebSocket connection to 'ws://localhost:8765/' failed: Error in connection establishment: net::ERR_CONNECTION_REFUSED @ https://marionettes.netlify.app/interfaces/fingers:478
[   35415ms] [ERROR] WebSocket connection to 'ws://localhost:8765/' failed: Error in connection establishment: net::ERR_CONNECTION_REFUSED @ https://marionettes.netlify.app/interfaces/fingers:478
[   42196ms] [ERROR] WebSocket connection to 'ws://localhost:8765/' failed: Error in connection establishment: net::ERR_CONNECTION_REFUSED @ https://marionettes.netlify.app/interfaces/fingers:478
[   48464ms] [ERROR] WebSocket connection to 'ws://localhost:8765/' failed: Error in connection establishment: net::ERR_CONNECTION_REFUSED @ https://marionettes.netlify.app/interfaces/fingers:478
