[    1813ms] [ERROR] WebSocket connection to 'ws://localhost:8765/' failed: Error in connection establishment: net::ERR_CONNECTION_REFUSED @ http://localhost:3000/interfaces/fingers.html:444
[    3667ms] [LOG] I0521 12:01:08.852000 1922656 gl_context.cc:386] GL version: 3.0 (OpenGL ES 3.0 (WebGL 2.0 (OpenGL ES 3.0 Chromium))), renderer: WebKit WebGL @ https://cdn.jsdelivr.net/npm/@mediapipe/tasks-vision@0.10.21/wasm/vision_wasm_internal.js:9
[    3667ms] [WARNING] W0521 12:01:08.853000 1922656 gl_context.cc:1072] OpenGL error checking is disabled @ https://cdn.jsdelivr.net/npm/@mediapipe/tasks-vision@0.10.21/wasm/vision_wasm_internal.js:9
[    3668ms] [LOG] Graph successfully started running. @ https://cdn.jsdelivr.net/npm/@mediapipe/tasks-vision@0.10.21/wasm/vision_wasm_internal.js:9
[    3891ms] [ERROR] WebSocket connection to 'ws://localhost:8765/' failed: Error in connection establishment: net::ERR_CONNECTION_REFUSED @ http://localhost:3000/interfaces/fingers.html:444
[    5622ms] [WARNING] W0521 12:01:10.807000 1922656 landmark_projection_calculator.cc:189] Using NORM_RECT without IMAGE_DIMENSIONS is only supported for the square ROI. Provide IMAGE_DIMENSIONS or use PROJECTION_MATRIX. @ https://cdn.jsdelivr.net/npm/@mediapipe/tasks-vision@0.10.21/wasm/vision_wasm_internal.js:9
[    5928ms] [ERROR] WebSocket connection to 'ws://localhost:8765/' failed: Error in connection establishment: net::ERR_CONNECTION_REFUSED @ http://localhost:3000/interfaces/fingers.html:444
[    7984ms] [ERROR] WebSocket connection to 'ws://localhost:8765/' failed: Error in connection establishment: net::ERR_CONNECTION_REFUSED @ http://localhost:3000/interfaces/fingers.html:444
[   10049ms] [ERROR] WebSocket connection to 'ws://localhost:8765/' failed: Error in connection establishment: net::ERR_CONNECTION_REFUSED @ http://localhost:3000/interfaces/fingers.html:444
[   12136ms] [ERROR] WebSocket connection to 'ws://localhost:8765/' failed: Error in connection establishment: net::ERR_CONNECTION_REFUSED @ http://localhost:3000/interfaces/fingers.html:444
[   14225ms] [ERROR] WebSocket connection to 'ws://localhost:8765/' failed: Error in connection establishment: net::ERR_CONNECTION_REFUSED @ http://localhost:3000/interfaces/fingers.html:444
[   16317ms] [ERROR] WebSocket connection to 'ws://localhost:8765/' failed: Error in connection establishment: net::ERR_CONNECTION_REFUSED @ http://localhost:3000/interfaces/fingers.html:444
[   18388ms] [ERROR] WebSocket connection to 'ws://localhost:8765/' failed: Error in connection establishment: net::ERR_CONNECTION_REFUSED @ http://localhost:3000/interfaces/fingers.html:444
[   20447ms] [ERROR] WebSocket connection to 'ws://localhost:8765/' failed: Error in connection establishment: net::ERR_CONNECTION_REFUSED @ http://localhost:3000/interfaces/fingers.html:444
[   22524ms] [ERROR] WebSocket connection to 'ws://localhost:8765/' failed: Error in connection establishment: net::ERR_CONNECTION_REFUSED @ http://localhost:3000/interfaces/fingers.html:444
[   24596ms] [ERROR] WebSocket connection to 'ws://localhost:8765/' failed: Error in connection establishment: net::ERR_CONNECTION_REFUSED @ http://localhost:3000/interfaces/fingers.html:444
[   26694ms] [ERROR] WebSocket connection to 'ws://localhost:8765/' failed: Error in connection establishment: net::ERR_CONNECTION_REFUSED @ http://localhost:3000/interfaces/fingers.html:444
[   28777ms] [ERROR] WebSocket connection to 'ws://localhost:8765/' failed: Error in connection establishment: net::ERR_CONNECTION_REFUSED @ http://localhost:3000/interfaces/fingers.html:444
[   30860ms] [ERROR] WebSocket connection to 'ws://localhost:8765/' failed: Error in connection establishment: net::ERR_CONNECTION_REFUSED @ http://localhost:3000/interfaces/fingers.html:444
[   33191ms] [ERROR] WebSocket connection to 'ws://localhost:8765/' failed: Error in connection establishment: net::ERR_CONNECTION_REFUSED @ http://localhost:3000/interfaces/fingers.html:444
[   35668ms] [ERROR] WebSocket connection to 'ws://localhost:8765/' failed: Error in connection establishment: net::ERR_CONNECTION_REFUSED @ http://localhost:3000/interfaces/fingers.html:444
[   38733ms] [ERROR] WebSocket connection to 'ws://localhost:8765/' failed: Error in connection establishment: net::ERR_CONNECTION_REFUSED @ http://localhost:3000/interfaces/fingers.html:444
[   41404ms] [ERROR] WebSocket connection to 'ws://localhost:8765/' failed: Error in connection establishment: net::ERR_CONNECTION_REFUSED @ http://localhost:3000/interfaces/fingers.html:444
[   44509ms] [ERROR] WebSocket connection to 'ws://localhost:8765/' failed: Error in connection establishment: net::ERR_CONNECTION_REFUSED @ http://localhost:3000/interfaces/fingers.html:444
[   49199ms] [ERROR] WebSocket connection to 'ws://localhost:8765/' failed: Error in connection establishment: net::ERR_CONNECTION_REFUSED @ http://localhost:3000/interfaces/fingers.html:444
[   53894ms] [ERROR] WebSocket connection to 'ws://localhost:8765/' failed: Error in connection establishment: net::ERR_CONNECTION_REFUSED @ http://localhost:3000/interfaces/fingers.html:444
[   59562ms] [ERROR] WebSocket connection to 'ws://localhost:8765/' failed: Error in connection establishment: net::ERR_CONNECTION_REFUSED @ http://localhost:3000/interfaces/fingers.html:444
[   64789ms] [ERROR] WebSocket connection to 'ws://localhost:8765/' failed: Error in connection establishment: net::ERR_CONNECTION_REFUSED @ http://localhost:3000/interfaces/fingers.html:444
[   70352ms] [ERROR] WebSocket connection to 'ws://localhost:8765/' failed: Error in connection establishment: net::ERR_CONNECTION_REFUSED @ http://localhost:3000/interfaces/fingers.html:444
[   76164ms] [ERROR] WebSocket connection to 'ws://localhost:8765/' failed: Error in connection establishment: net::ERR_CONNECTION_REFUSED @ http://localhost:3000/interfaces/fingers.html:444
[   82186ms] [ERROR] WebSocket connection to 'ws://localhost:8765/' failed: Error in connection establishment: net::ERR_CONNECTION_REFUSED @ http://localhost:3000/interfaces/fingers.html:444
[   86471ms] [ERROR] WebSocket connection to 'ws://localhost:8765/' failed: Error in connection establishment: net::ERR_CONNECTION_REFUSED @ http://localhost:3000/interfaces/fingers.html:444
[   92086ms] [ERROR] WebSocket connection to 'ws://localhost:8765/' failed: Error in connection establishment: net::ERR_CONNECTION_REFUSED @ http://localhost:3000/interfaces/fingers.html:444
[   95499ms] [ERROR] WebSocket connection to 'ws://localhost:8765/' failed: Error in connection establishment: net::ERR_CONNECTION_REFUSED @ http://localhost:3000/interfaces/fingers.html:444
[   99954ms] [ERROR] WebSocket connection to 'ws://localhost:8765/' failed: Error in connection establishment: net::ERR_CONNECTION_REFUSED @ http://localhost:3000/interfaces/fingers.html:444
[  106948ms] [ERROR] WebSocket connection to 'ws://localhost:8765/' failed: Error in connection establishment: net::ERR_CONNECTION_REFUSED @ http://localhost:3000/interfaces/fingers.html:444
[  111530ms] [ERROR] WebSocket connection to 'ws://localhost:8765/' failed: Error in connection establishment: net::ERR_CONNECTION_REFUSED @ http://localhost:3000/interfaces/fingers.html:444
[  117425ms] [ERROR] WebSocket connection to 'ws://localhost:8765/' failed: Error in connection establishment: net::ERR_CONNECTION_REFUSED @ http://localhost:3000/interfaces/fingers.html:444
[  123888ms] [ERROR] WebSocket connection to 'ws://localhost:8765/' failed: Error in connection establishment: net::ERR_CONNECTION_REFUSED @ http://localhost:3000/interfaces/fingers.html:444
[  127466ms] [ERROR] WebSocket connection to 'ws://localhost:8765/' failed: Error in connection establishment: net::ERR_CONNECTION_REFUSED @ http://localhost:3000/interfaces/fingers.html:444
[  131357ms] [ERROR] WebSocket connection to 'ws://localhost:8765/' failed: Error in connection establishment: net::ERR_CONNECTION_REFUSED @ http://localhost:3000/interfaces/fingers.html:444
[  136282ms] [ERROR] WebSocket connection to 'ws://localhost:8765/' failed: Error in connection establishment: net::ERR_CONNECTION_REFUSED @ http://localhost:3000/interfaces/fingers.html:444
[  142711ms] [ERROR] WebSocket connection to 'ws://localhost:8765/' failed: Error in connection establishment: net::ERR_CONNECTION_REFUSED @ http://localhost:3000/interfaces/fingers.html:444
[  146392ms] [ERROR] WebSocket connection to 'ws://localhost:8765/' failed: Error in connection establishment: net::ERR_CONNECTION_REFUSED @ http://localhost:3000/interfaces/fingers.html:444
[  152008ms] [ERROR] WebSocket connection to 'ws://localhost:8765/' failed: Error in connection establishment: net::ERR_CONNECTION_REFUSED @ http://localhost:3000/interfaces/fingers.html:444
[  157292ms] [ERROR] WebSocket connection to 'ws://localhost:8765/' failed: Error in connection establishment: net::ERR_CONNECTION_REFUSED @ http://localhost:3000/interfaces/fingers.html:444
[  160929ms] [ERROR] WebSocket connection to 'ws://localhost:8765/' failed: Error in connection establishment: net::ERR_CONNECTION_REFUSED @ http://localhost:3000/interfaces/fingers.html:444
[  165234ms] [ERROR] WebSocket connection to 'ws://localhost:8765/' failed: Error in connection establishment: net::ERR_CONNECTION_REFUSED @ http://localhost:3000/interfaces/fingers.html:444
[  170933ms] [ERROR] WebSocket connection to 'ws://localhost:8765/' failed: Error in connection establishment: net::ERR_CONNECTION_REFUSED @ http://localhost:3000/interfaces/fingers.html:444
[  174598ms] [ERROR] WebSocket connection to 'ws://localhost:8765/' failed:  @ http://localhost:3000/interfaces/fingers.html:444
[  176610ms] [ERROR] WebSocket connection to 'ws://localhost:8765/' failed: Error in connection establishment: net::ERR_CONNECTION_REFUSED @ http://localhost:3000/interfaces/fingers.html:444
[  178612ms] [ERROR] WebSocket connection to 'ws://localhost:8765/' failed: Error in connection establishment: net::ERR_CONNECTION_REFUSED @ http://localhost:3000/interfaces/fingers.html:444
[  180617ms] [ERROR] WebSocket connection to 'ws://localhost:8765/' failed: Error in connection establishment: net::ERR_CONNECTION_REFUSED @ http://localhost:3000/interfaces/fingers.html:444
[  182627ms] [ERROR] WebSocket connection to 'ws://localhost:8765/' failed: Error in connection establishment: net::ERR_CONNECTION_REFUSED @ http://localhost:3000/interfaces/fingers.html:444
[  184634ms] [ERROR] WebSocket connection to 'ws://localhost:8765/' failed: Error in connection establishment: net::ERR_CONNECTION_REFUSED @ http://localhost:3000/interfaces/fingers.html:444
[  186647ms] [ERROR] WebSocket connection to 'ws://localhost:8765/' failed: Error in connection establishment: net::ERR_CONNECTION_REFUSED @ http://localhost:3000/interfaces/fingers.html:444
[  188659ms] [ERROR] WebSocket connection to 'ws://localhost:8765/' failed: Error in connection establishment: net::ERR_CONNECTION_REFUSED @ http://localhost:3000/interfaces/fingers.html:444
[  190671ms] [ERROR] WebSocket connection to 'ws://localhost:8765/' failed: Error in connection establishment: net::ERR_CONNECTION_REFUSED @ http://localhost:3000/interfaces/fingers.html:444
[  192719ms] [ERROR] WebSocket connection to 'ws://localhost:8765/' failed: Error in connection establishment: net::ERR_CONNECTION_REFUSED @ http://localhost:3000/interfaces/fingers.html:444
